[    0.000000] Initializing cgroup subsys cpuset
[    0.000000] Initializing cgroup subsys cpu
[    0.000000] Initializing cgroup subsys cpuacct
[    0.000000] Linux version 4.4.0-157-generic (buildd@lgw01-amd64-037) (gcc version 5.4.0 20160609 (Ubuntu 5.4.0-6ubuntu1~16.04.10) ) #185-Ubuntu SMP Tue Jul 23 09:17:01 UTC 2019 (Ubuntu 4.4.0-157.185-generic 4.4.181)
[    0.000000] Command line: BOOT_IMAGE=/boot/vmlinuz-4.4.0-157-generic root=LABEL=cloudimg-rootfs ro console=tty1 console=ttyS0
[    0.000000] KERNEL supported cpus:
[    0.000000]   Intel GenuineIntel
[    0.000000]   AMD AuthenticAMD
[    0.000000]   Centaur CentaurHauls
[    0.000000] x86/fpu: xstate_offset[2]:  576, xstate_sizes[2]:  256
[    0.000000] x86/fpu: Supporting XSAVE feature 0x01: 'x87 floating point registers'
[    0.000000] x86/fpu: Supporting XSAVE feature 0x02: 'SSE registers'
[    0.000000] x86/fpu: Supporting XSAVE feature 0x04: 'AVX registers'
[    0.000000] x86/fpu: Enabled xstate features 0x7, context size is 832 bytes, using 'standard' format.
[    0.000000] e820: BIOS-provided physical RAM map:
[    0.000000] BIOS-e820: [mem 0x0000000000000000-0x000000000009fbff] usable
[    0.000000] BIOS-e820: [mem 0x000000000009fc00-0x000000000009ffff] reserved
[    0.000000] BIOS-e820: [mem 0x00000000000f0000-0x00000000000fffff] reserved
[    0.000000] BIOS-e820: [mem 0x0000000000100000-0x000000003ffeffff] usable
[    0.000000] BIOS-e820: [mem 0x000000003fff0000-0x000000003fffffff] ACPI data
[    0.000000] BIOS-e820: [mem 0x00000000fec00000-0x00000000fec00fff] reserved
[    0.000000] BIOS-e820: [mem 0x00000000fee00000-0x00000000fee00fff] reserved
[    0.000000] BIOS-e820: [mem 0x00000000fffc0000-0x00000000ffffffff] reserved
[    0.000000] NX (Execute Disable) protection: active
[    0.000000] SMBIOS 2.5 present.
[    0.000000] Hypervisor detected: KVM
[    0.000000] e820: last_pfn = 0x3fff0 max_arch_pfn = 0x400000000
[    0.000000] MTRR: Disabled
[    0.000000] x86/PAT: MTRRs disabled, skipping PAT initialization too.
[    0.000000] CPU MTRRs all blank - virtualized system.
[    0.000000] x86/PAT: Configuration [0-7]: WB  WT  UC- UC  WB  WT  UC- UC  
[    0.000000] found SMP MP-table at [mem 0x0009fff0-0x0009ffff] mapped at [ffff88000009fff0]
[    0.000000] Scanning 1 areas for low memory corruption
[    0.000000] RAMDISK: [mem 0x362fc000-0x37175fff]
[    0.000000] ACPI: Early table checksum verification disabled
[    0.000000] ACPI: RSDP 0x00000000000E0000 000024 (v02 VBOX  )
[    0.000000] ACPI: XSDT 0x000000003FFF0030 00003C (v01 VBOX   VBOXXSDT 00000001 ASL  00000061)
[    0.000000] ACPI: FACP 0x000000003FFF00F0 0000F4 (v04 VBOX   VBOXFACP 00000001 ASL  00000061)
[    0.000000] ACPI: DSDT 0x000000003FFF0470 0022EA (v02 VBOX   VBOXBIOS 00000002 INTL 20100528)
[    0.000000] ACPI: FACS 0x000000003FFF0200 000040
[    0.000000] ACPI: FACS 0x000000003FFF0200 000040
[    0.000000] ACPI: APIC 0x000000003FFF0240 00005C (v02 VBOX   VBOXAPIC 00000001 ASL  00000061)
[    0.000000] ACPI: SSDT 0x000000003FFF02A0 0001CC (v01 VBOX   VBOXCPUT 00000002 INTL 20100528)
[    0.000000] No NUMA configuration found
[    0.000000] Faking a node at [mem 0x0000000000000000-0x000000003ffeffff]
[    0.000000] NODE_DATA(0) allocated [mem 0x3ffeb000-0x3ffeffff]
[    0.000000] kvm-clock: Using msrs 4b564d01 and 4b564d00
[    0.000000] kvm-clock: cpu 0, msr 0:3ffe3001, primary cpu clock
[    0.000000] kvm-clock: using sched offset of 3857967444 cycles
[    0.000000] clocksource: kvm-clock: mask: 0xffffffffffffffff max_cycles: 0x1cd42e4dffb, max_idle_ns: 881590591483 ns
[    0.000000] Zone ranges:
[    0.000000]   DMA      [mem 0x0000000000001000-0x0000000000ffffff]
[    0.000000]   DMA32    [mem 0x0000000001000000-0x000000003ffeffff]
[    0.000000]   Normal   empty
[    0.000000]   Device   empty
[    0.000000] Movable zone start for each node
[    0.000000] Early memory node ranges
[    0.000000]   node   0: [mem 0x0000000000001000-0x000000000009efff]
[    0.000000]   node   0: [mem 0x0000000000100000-0x000000003ffeffff]
[    0.000000] Initmem setup node 0 [mem 0x0000000000001000-0x000000003ffeffff]
[    0.000000] ACPI: PM-Timer IO Port: 0x4008
[    0.000000] IOAPIC[0]: apic_id 2, version 32, address 0xfec00000, GSI 0-23
[    0.000000] ACPI: INT_SRC_OVR (bus 0 bus_irq 0 global_irq 2 dfl dfl)
[    0.000000] ACPI: INT_SRC_OVR (bus 0 bus_irq 9 global_irq 9 low level)
[    0.000000] Using ACPI (MADT) for SMP configuration information
[    0.000000] smpboot: Allowing 2 CPUs, 0 hotplug CPUs
[    0.000000] PM: Registered nosave memory: [mem 0x00000000-0x00000fff]
[    0.000000] PM: Registered nosave memory: [mem 0x0009f000-0x0009ffff]
[    0.000000] PM: Registered nosave memory: [mem 0x000a0000-0x000effff]
[    0.000000] PM: Registered nosave memory: [mem 0x000f0000-0x000fffff]
[    0.000000] e820: [mem 0x40000000-0xfebfffff] available for PCI devices
[    0.000000] Booting paravirtualized kernel on KVM
[    0.000000] clocksource: refined-jiffies: mask: 0xffffffff max_cycles: 0xffffffff, max_idle_ns: 7645519600211568 ns
[    0.000000] setup_percpu: NR_CPUS:512 nr_cpumask_bits:512 nr_cpu_ids:2 nr_node_ids:1
[    0.000000] PERCPU: Embedded 34 pages/cpu @ffff88003fc00000 s99544 r8192 d31528 u1048576
[    0.000000] Built 1 zonelists in Node order, mobility grouping on.  Total pages: 257912
[    0.000000] Policy zone: DMA32
[    0.000000] Kernel command line: BOOT_IMAGE=/boot/vmlinuz-4.4.0-157-generic root=LABEL=cloudimg-rootfs ro console=tty1 console=ttyS0
[    0.000000] PID hash table entries: 4096 (order: 3, 32768 bytes)
[    0.000000] Memory: 997736K/1048120K available (8618K kernel code, 1335K rwdata, 4032K rodata, 1484K init, 1284K bss, 50384K reserved, 0K cma-reserved)
[    0.000000] SLUB: HWalign=64, Order=0-3, MinObjects=0, CPUs=2, Nodes=1
[    0.000000] Kernel/User page tables isolation: enabled
[    0.000000] Hierarchical RCU implementation.
[    0.000000] 	Build-time adjustment of leaf fanout to 64.
[    0.000000] 	RCU restricting CPUs from NR_CPUS=512 to nr_cpu_ids=2.
[    0.000000] RCU: Adjusting geometry for rcu_fanout_leaf=64, nr_cpu_ids=2
[    0.000000] NR_IRQS:33024 nr_irqs:440 16
[    0.000000] Console: colour VGA+ 80x25
[    0.000000] console [tty1] enabled
[    0.000000] console [ttyS0] enabled
[    0.000000] tsc: Detected 2712.006 MHz processor
[    0.246599] Calibrating delay loop (skipped) preset value.. 5424.01 BogoMIPS (lpj=10848024)
[    0.248974] pid_max: default: 32768 minimum: 301
[    0.250170] ACPI: Core revision 20150930
[    0.253225] ACPI: 2 ACPI AML tables successfully acquired and loaded
[    0.255113] Security Framework initialized
[    0.256314] Yama: becoming mindful.
[    0.257417] AppArmor: AppArmor initialized
[    0.258484] Dentry cache hash table entries: 131072 (order: 8, 1048576 bytes)
[    0.272012] Inode-cache hash table entries: 65536 (order: 7, 524288 bytes)
[    0.274301] Mount-cache hash table entries: 2048 (order: 2, 16384 bytes)
[    0.276284] Mountpoint-cache hash table entries: 2048 (order: 2, 16384 bytes)
[    0.278296] Initializing cgroup subsys io
[    0.279806] Initializing cgroup subsys memory
[    0.280884] Initializing cgroup subsys devices
[    0.282127] Initializing cgroup subsys freezer
[    0.283669] Initializing cgroup subsys net_cls
[    0.285369] Initializing cgroup subsys perf_event
[    0.287305] Initializing cgroup subsys net_prio
[    0.288765] Initializing cgroup subsys hugetlb
[    0.290222] Initializing cgroup subsys pids
[    0.292959] mce: CPU supports 0 MCE banks
[    0.293786] Last level iTLB entries: 4KB 64, 2MB 8, 4MB 8
[    0.294877] Last level dTLB entries: 4KB 64, 2MB 0, 4MB 0, 1GB 4
[    0.296259] Spectre V2 : Mitigation: Full generic retpoline
[    0.297425] Spectre V2 : Spectre v2 / SpectreRSB mitigation: Filling RSB on context switch
[    0.299555] Speculative Store Bypass: Vulnerable
[    0.300551] MDS: Vulnerable: Clear CPU buffers attempted, no microcode
[    0.308450] Freeing SMP alternatives memory: 36K
[    0.322889] ftrace: allocating 32312 entries in 127 pages
[    0.439855] smpboot: APIC(0) Converting physical 0 to logical package 0
[    0.441644] smpboot: Max logical packages: 1
[    0.443986] x2apic enabled
[    0.446640] Switched APIC routing to physical x2apic.
[    0.449719] ..TIMER: vector=0x30 apic1=0 pin1=2 apic2=-1 pin2=-1
[    0.556898] smpboot: CPU0: Intel(R) Core(TM) i5-7200U CPU @ 2.50GHz (family: 0x6, model: 0x8e, stepping: 0x9)
[    0.560363] Performance Events: unsupported p6 CPU model 142 no PMU driver, software events only.
[    0.577664] KVM setup paravirtual spinlock
[    0.579888] x86: Booting SMP configuration:
[    0.581004] .... node  #0, CPUs:      #1
[    0.582240] kvm-clock: cpu 1, msr 0:3ffe3041, secondary cpu clock
[    0.584518] mce: CPU supports 0 MCE banks
[    0.587192] x86: Booted up 1 node, 2 CPUs
[    0.589454] smpboot: Total of 2 processors activated (10848.02 BogoMIPS)
[    0.592124] devtmpfs: initialized
[    0.596164] evm: security.selinux
[    0.597311] evm: security.SMACK64
[    0.598292] evm: security.SMACK64EXEC
[    0.599931] evm: security.SMACK64TRANSMUTE
[    0.600987] evm: security.SMACK64MMAP
[    0.602160] evm: security.ima
[    0.603076] evm: security.capability
[    0.604364] clocksource: jiffies: mask: 0xffffffff max_cycles: 0xffffffff, max_idle_ns: 7645041785100000 ns
[    0.607490] futex hash table entries: 512 (order: 3, 32768 bytes)
[    0.609274] pinctrl core: initialized pinctrl subsystem
[    0.611399] RTC time:  8:23:13, date: 07/30/19
[    0.613456] NET: Registered protocol family 16
[    0.626301] cpuidle: using governor ladder
[    0.638742] cpuidle: using governor menu
[    0.639856] PCCT header not found.
[    0.641017] ACPI: bus type PCI registered
[    0.642191] acpiphp: ACPI Hot Plug PCI Controller Driver version: 0.5
[    0.644037] PCI: Using configuration type 1 for base access
[    0.658814] ACPI: Added _OSI(Module Device)
[    0.660694] ACPI: Added _OSI(Processor Device)
[    0.662105] ACPI: Added _OSI(3.0 _SCP Extensions)
[    0.663584] ACPI: Added _OSI(Processor Aggregator Device)
[    0.666352] ACPI: Executed 1 blocks of module-level executable AML code
[    0.671820] ACPI: Interpreter enabled
[    0.672810] ACPI: (supports S0 S5)
[    0.673878] ACPI: Using IOAPIC for interrupt routing
[    0.675483] PCI: Using host bridge windows from ACPI; if necessary, use "pci=nocrs" and report a bug
[    0.683060] ACPI: PCI Root Bridge [PCI0] (domain 0000 [bus 00-ff])
[    0.684891] acpi PNP0A03:00: _OSC: OS supports [ASPM ClockPM Segments MSI]
[    0.686856] acpi PNP0A03:00: _OSC: not requesting OS control; OS requires [ExtendedConfig ASPM ClockPM MSI]
[    0.689148] acpi PNP0A03:00: fail to add MMCONFIG information, can't access extended PCI configuration space under this bridge.
[    0.692282] PCI host bridge to bus 0000:00
[    0.693368] pci_bus 0000:00: root bus resource [io  0x0000-0x0cf7 window]
[    0.695248] pci_bus 0000:00: root bus resource [io  0x0d00-0xffff window]
[    0.697266] pci_bus 0000:00: root bus resource [mem 0x000a0000-0x000bffff window]
[    0.699537] pci_bus 0000:00: root bus resource [mem 0x40000000-0xfdffffff window]
[    0.702010] pci_bus 0000:00: root bus resource [bus 00-ff]
[    0.706578] pci 0000:00:01.1: legacy IDE quirk: reg 0x10: [io  0x01f0-0x01f7]
[    0.708442] pci 0000:00:01.1: legacy IDE quirk: reg 0x14: [io  0x03f6]
[    0.710183] pci 0000:00:01.1: legacy IDE quirk: reg 0x18: [io  0x0170-0x0177]
[    0.713511] pci 0000:00:01.1: legacy IDE quirk: reg 0x1c: [io  0x0376]
[    0.743131] pci 0000:00:07.0: quirk: [io  0x4000-0x403f] claimed by PIIX4 ACPI
[    0.760853] pci 0000:00:07.0: quirk: [io  0x4100-0x410f] claimed by PIIX4 SMB
[    0.772768] ACPI: PCI Interrupt Link [LNKA] (IRQs 5 9 10 *11)
[    0.775380] ACPI: PCI Interrupt Link [LNKB] (IRQs 5 9 *10 11)
[    0.777887] ACPI: PCI Interrupt Link [LNKC] (IRQs 5 *9 10 11)
[    0.780687] ACPI: PCI Interrupt Link [LNKD] (IRQs 5 9 10 *11)
[    0.783754] ACPI: Enabled 2 GPEs in block 00 to 07
[    0.785531] vgaarb: setting as boot device: PCI:0000:00:02.0
[    0.787071] vgaarb: device added: PCI:0000:00:02.0,decodes=io+mem,owns=io+mem,locks=none
[    0.790629] vgaarb: loaded
[    0.791777] vgaarb: bridge control possible 0000:00:02.0
[    0.793774] SCSI subsystem initialized
[    0.795262] ACPI: bus type USB registered
[    0.796560] usbcore: registered new interface driver usbfs
[    0.798454] usbcore: registered new interface driver hub
[    0.800305] usbcore: registered new device driver usb
[    0.802178] PCI: Using ACPI for IRQ routing
[    0.803929] NetLabel: Initializing
[    0.804904] NetLabel:  domain hash size = 128
[    0.806100] NetLabel:  protocols = UNLABELED CIPSOv4
[    0.818333] NetLabel:  unlabeled traffic allowed by default
[    0.820891] amd_nb: Cannot enumerate AMD northbridges
[    0.822966] clocksource: Switched to clocksource kvm-clock
[    0.849781] AppArmor: AppArmor Filesystem Enabled
[    0.851335] pnp: PnP ACPI init
[    0.854443] pnp: PnP ACPI: found 3 devices
[    0.867782] clocksource: acpi_pm: mask: 0xffffff max_cycles: 0xffffff, max_idle_ns: 2085701024 ns
[    0.870276] NET: Registered protocol family 2
[    0.871624] TCP established hash table entries: 8192 (order: 4, 65536 bytes)
[    0.873488] TCP bind hash table entries: 8192 (order: 5, 131072 bytes)
[    0.875239] TCP: Hash tables configured (established 8192 bind 8192)
[    0.877177] UDP hash table entries: 512 (order: 2, 16384 bytes)
[    0.878793] UDP-Lite hash table entries: 512 (order: 2, 16384 bytes)
[    0.880690] NET: Registered protocol family 1
[    0.881830] pci 0000:00:00.0: Limiting direct PCI/PCI transfers
[    0.883768] pci 0000:00:01.0: Activating ISA DMA hang workarounds
[    0.886468] Unpacking initramfs...
[    1.435412] Freeing initrd memory: 14824K
[    1.436780] clocksource: tsc: mask: 0xffffffffffffffff max_cycles: 0x27178c274f7, max_idle_ns: 440795238189 ns
[    1.439381] platform rtc_cmos: registered platform RTC device (no PNP device found)
[    1.441341] Scanning for low memory corruption every 60 seconds
[    1.443440] audit: initializing netlink subsys (disabled)
[    1.444464] audit: type=2000 audit(1564474999.291:1): initialized
[    1.446561] Initialise system trusted keyring
[    1.447955] HugeTLB registered 2 MB page size, pre-allocated 0 pages
[    1.450603] zbud: loaded
[    1.451711] VFS: Disk quotas dquot_6.6.0
[    1.452718] VFS: Dquot-cache hash table entries: 512 (order 0, 4096 bytes)
[    1.455429] squashfs: version 4.0 (2009/01/31) Phillip Lougher
[    1.457454] fuse init (API version 7.23)
[    1.458774] Key type big_key registered
[    1.460060] Allocating IMA MOK and blacklist keyrings.
[    1.464951] Key type asymmetric registered
[    1.467425] Asymmetric key parser 'x509' registered
[    1.469905] Block layer SCSI generic (bsg) driver version 0.4 loaded (major 249)
[    1.472625] io scheduler noop registered
[    1.473969] io scheduler deadline registered (default)
[    1.475501] io scheduler cfq registered
[    1.476963] pci_hotplug: PCI Hot Plug PCI Core version: 0.5
[    1.478315] pciehp: PCI Express Hot Plug Controller Driver version: 0.4
[    1.480032] ACPI: AC Adapter [AC] (off-line)
[    1.480990] input: Power Button as /devices/LNXSYSTM:00/LNXPWRBN:00/input/input0
[    1.482701] ACPI: Power Button [PWRF]
[    1.483665] input: Sleep Button as /devices/LNXSYSTM:00/LNXSLPBN:00/input/input1
[    1.485257] ACPI: Sleep Button [SLPF]
[    1.486330] GHES: HEST is not enabled!
[    1.487372] ACPI: Battery Slot [BAT0] (battery present)
[    1.490205] Serial: 8250/16550 driver, 32 ports, IRQ sharing enabled
[    1.516634] 00:02: ttyS0 at I/O 0x3f8 (irq = 4, base_baud = 115200) is a 16550A
[    1.526611] Linux agpgart interface v0.103
[    1.531525] loop: module loaded
[    1.533613] scsi host0: ata_piix
[    1.535522] scsi host1: ata_piix
[    1.536926] ata1: PATA max UDMA/33 cmd 0x1f0 ctl 0x3f6 bmdma 0xd000 irq 14
[    1.541489] ata2: PATA max UDMA/33 cmd 0x170 ctl 0x376 bmdma 0xd008 irq 15
[    1.544723] libphy: Fixed MDIO Bus: probed
[    1.547973] tun: Universal TUN/TAP device driver, 1.6
[    1.550503] tun: (C) 1999-2004 Max Krasnyansky <maxk@qualcomm.com>
[    1.554548] PPP generic driver version 2.4.2
[    1.555801] ehci_hcd: USB 2.0 'Enhanced' Host Controller (EHCI) Driver
[    1.557489] ehci-pci: EHCI PCI platform driver
[    1.559432] ehci-platform: EHCI generic platform driver
[    1.561147] ohci_hcd: USB 1.1 'Open' Host Controller (OHCI) Driver
[    1.564010] ohci-pci: OHCI PCI platform driver
[    1.565017] ohci-platform: OHCI generic platform driver
[    1.566391] uhci_hcd: USB Universal Host Controller Interface driver
[    1.568265] i8042: PNP: PS/2 Controller [PNP0303:PS2K,PNP0f03:PS2M] at 0x60,0x64 irq 1,12
[    1.571190] serio: i8042 KBD port at 0x60,0x64 irq 1
[    1.573040] serio: i8042 AUX port at 0x60,0x64 irq 12
[    1.574777] mousedev: PS/2 mouse device common for all mice
[    1.577339] input: AT Translated Set 2 keyboard as /devices/platform/i8042/serio0/input/input2
[    1.581927] rtc_cmos rtc_cmos: rtc core: registered rtc_cmos as rtc0
[    1.584287] rtc_cmos rtc_cmos: alarms up to one day, 114 bytes nvram
[    1.586169] i2c /dev entries driver
[    1.587857] device-mapper: uevent: version 1.0.3
[    1.589548] device-mapper: ioctl: 4.34.0-ioctl (2015-10-28) initialised: dm-devel@redhat.com
[    1.593494] ledtrig-cpu: registered to indicate activity on CPUs
[    1.595784] NET: Registered protocol family 10
[    1.597608] NET: Registered protocol family 17
[    1.599250] Key type dns_resolver registered
[    1.600921] registered taskstats version 1
[    1.602287] Loading compiled-in X.509 certificates
[    1.604305] Loaded X.509 cert 'Build time autogenerated kernel key: 3e01e6df98386236d59670e6b2ed19a044d5324e'
[    1.607906] zswap: loaded using pool lzo/zbud
[    1.611008] Key type trusted registered
[    1.617519] Key type encrypted registered
[    1.618455] AppArmor: AppArmor sha1 policy hashing enabled
[    1.620241] ima: No TPM chip found, activating TPM-bypass!
[    1.622683] ima: Allocated hash algorithm: sha1
[    1.624210] evm: HMAC attrs: 0x1
[    1.625867]   Magic number: 11:929:372
[    1.627251] rtc_cmos rtc_cmos: setting system clock to 2019-07-30 08:23:14 UTC (1564474994)
[    1.630454] BIOS EDD facility v0.16 2004-Jun-25, 0 devices found
[    1.632069] EDD information not available.
[    1.710693] Freeing unused kernel memory: 1484K
[    1.716649] Write protecting the kernel read-only data: 14336k
[    1.723976] Freeing unused kernel memory: 1612K
[    1.730671] Freeing unused kernel memory: 64K
Loading, please wait...
starting version 229
[    1.792197] random: systemd-udevd: uninitialized urandom read (16 bytes read, 3 bits of entropy available)
[    1.794105] random: udevadm: uninitialized urandom read (16 bytes read, 3 bits of entropy available)
[    1.794172] random: udevadm: uninitialized urandom read (16 bytes read, 3 bits of entropy available)
[    1.821185] random: systemd-udevd: uninitialized urandom read (16 bytes read, 3 bits of entropy available)
[    1.826420] random: udevadm: uninitialized urandom read (16 bytes read, 3 bits of entropy available)
[    1.826545] random: udevadm: uninitialized urandom read (16 bytes read, 3 bits of entropy available)
[    1.826942] random: udevadm: uninitialized urandom read (16 bytes read, 3 bits of entropy available)
[    1.827028] random: udevadm: uninitialized urandom read (16 bytes read, 3 bits of entropy available)
[    1.827113] random: udevadm: uninitialized urandom read (16 bytes read, 3 bits of entropy available)
[    1.827198] random: udevadm: uninitialized urandom read (16 bytes read, 3 bits of entropy available)
[    1.889583] e1000: Intel(R) PRO/1000 Network Driver - version 7.3.21-k8-NAPI
[    1.891393] e1000: Copyright (c) 1999-2006 Intel Corporation.
[    1.898114] Fusion MPT base driver 3.04.20
[    1.899470] Copyright (c) 1999-2008 LSI Corporation
[    1.909451] input: ImExPS/2 Generic Explorer Mouse as /devices/platform/i8042/serio1/input/input4
[    1.913405] Fusion MPT SPI Host driver 3.04.20
[    1.933742] AVX2 version of gcm_enc/dec engaged.
[    1.935206] AES CTR mode by8 optimization enabled
[    2.478021] e1000 0000:00:03.0 eth0: (PCI:33MHz:32-bit) 02:c2:66:bb:16:6d
[    2.483785] e1000 0000:00:03.0 eth0: Intel(R) PRO/1000 Network Connection
[    2.491335] mptbase: ioc0: Initiating bringup
[    2.497744] e1000 0000:00:03.0 enp0s3: renamed from eth0
[    2.559887] ioc0: LSI53C1030 A0: Capabilities={Initiator}
[    2.737543] scsi host2: ioc0: LSI53C1030 A0, FwRev=00000000h, Ports=1, MaxQ=256, IRQ=20
[    2.860157] scsi 2:0:0:0: Direct-Access     VBOX     HARDDISK         1.0  PQ: 0 ANSI: 5
[    2.864994] scsi target2:0:0: Beginning Domain Validation
[    2.871998] scsi target2:0:0: Domain Validation skipping write tests
[    2.874923] scsi target2:0:0: Ending Domain Validation
[    2.877852] scsi target2:0:0: asynchronous
[    2.880752] scsi 2:0:1:0: Direct-Access     VBOX     HARDDISK         1.0  PQ: 0 ANSI: 5
[    2.886811] scsi target2:0:1: Beginning Domain Validation
[    2.892329] scsi target2:0:1: Domain Validation skipping write tests
[    2.895426] scsi target2:0:1: Ending Domain Validation
[    2.897606] scsi target2:0:1: asynchronous
[    2.910657] sd 2:0:0:0: Attached scsi generic sg0 type 0
[    2.913149] sd 2:0:0:0: [sda] 20971520 512-byte logical blocks: (10.7 GB/10.0 GiB)
[    2.939653] sd 2:0:1:0: [sdb] 20480 512-byte logical blocks: (10.5 MB/10.0 MiB)
[    2.939923] sd 2:0:1:0: Attached scsi generic sg1 type 0
[    2.944400] sd 2:0:0:0: [sda] Write Protect is off
[    2.945432] sd 2:0:1:0: [sdb] Write Protect is off
[    2.946919] sd 2:0:1:0: [sdb] Incomplete mode parameter data
[    2.947019] sd 2:0:0:0: [sda] Incomplete mode parameter data
[    2.947021] sd 2:0:0:0: [sda] Assuming drive cache: write through
[    2.951057] sd 2:0:1:0: [sdb] Assuming drive cache: write through
[    2.957677]  sda: sda1
[    2.959675] sd 2:0:1:0: [sdb] Attached SCSI disk
[    2.961496] sd 2:0:0:0: [sda] Attached SCSI disk
Begin: Loading essential drivers ... [    4.521060] md: linear personality registered for level -1
[    4.526063] md: multipath personality registered for level -4
[    4.530364] md: raid0 personality registered for level 0
[    4.537565] md: raid1 personality registered for level 1
[    4.611263] raid6: sse2x1   gen()  6717 MB/s
[    4.679257] raid6: sse2x1   xor()  4653 MB/s
[    4.747241] raid6: sse2x2   gen()  5948 MB/s
[    4.815359] raid6: sse2x2   xor()  5567 MB/s
[    4.883705] raid6: sse2x4   gen()  9536 MB/s
[    4.951420] raid6: sse2x4   xor()  7313 MB/s
[    5.019681] raid6: avx2x1   gen() 13060 MB/s
[    5.087199] raid6: avx2x2   gen() 14239 MB/s
[    5.155705] raid6: avx2x4   gen() 15328 MB/s
[    5.157116] raid6: using algorithm avx2x4 gen() 15328 MB/s
[    5.159247] raid6: using avx2x2 recovery algorithm
[    5.161915] xor: automatically using best checksumming function:
[    5.203839]    avx       : 17801.000 MB/sec
[    5.207780] async_tx: api initialized (async)
[    5.226146] md: raid6 personality registered for level 6
[    5.228644] md: raid5 personality registered for level 5
[    5.230072] md: raid4 personality registered for level 4
[    5.242083] md: raid10 personality registered for level 10
done.
Begin: Running /scripts/init-premount ... done.
Begin: Mounting root file system ... Begin: Running /scripts/local-top ... done.
Begin: Running /scripts/local-premount ... [    5.322234] Btrfs loaded
Scanning for Btrfs filesystems
done.
Warning: fsck not present, so skipping root file system
[    5.361612] EXT4-fs (sda1): INFO: recovery required on readonly filesystem
[    5.364201] EXT4-fs (sda1): write access will be enabled during recovery
[    5.499728] EXT4-fs (sda1): recovery complete
[    5.500869] EXT4-fs (sda1): mounted filesystem with ordered data mode. Opts: (null)
done.
Begin: Running /scripts/local-bottom ... done.
Begin: Running /scripts/init-bottom ... done.
[    5.698629] systemd[1]: systemd 229 running in system mode. (+PAM +AUDIT +SELINUX +IMA +APPARMOR +SMACK +SYSVINIT +UTMP +LIBCRYPTSETUP +GCRYPT +GNUTLS +ACL +XZ -LZ4 +SECCOMP +BLKID +ELFUTILS +KMOD -IDN)
[    5.708852] systemd[1]: Detected virtualization oracle.
[    5.711838] systemd[1]: Detected architecture x86-64.

Welcome to [1mUbuntu 16.04.6 LTS[0m!

[    5.729693] systemd[1]: Set hostname to <ubuntu-xenial>.
[    5.990549] systemd[1]: Started Trigger resolvconf update for networkd DNS.
[[0;32m  OK  [0m] Started Trigger resolvconf update for networkd DNS.
[    5.992866] systemd[1]: Listening on Syslog Socket.
[[0;32m  OK  [0m] Listening on Syslog Socket.
[    5.999384] systemd[1]: Listening on udev Control Socket.
[[0;32m  OK  [0m] Listening on udev Control Socket.
[    6.002687] systemd[1]: Listening on /dev/initctl Compatibility Named Pipe.
[[0;32m  OK  [0m] Listening on /dev/initctl Compatibility Named Pipe.
[    6.006575] systemd[1]: Listening on LVM2 metadata daemon socket.
[[0;32m  OK  [0m] Listening on LVM2 metadata daemon socket.
[    6.016185] systemd[1]: Listening on Journal Socket (/dev/log).
[[0;32m  OK  [0m] Listening on Journal Socket (/dev/log).
[    6.020196] systemd[1]: Started Forward Password Requests to Wall Directory Watch.
[[0;32m  OK  [0m] Started Forward Password Requests to Wall Directory Watch.
[    6.024706] systemd[1]: Listening on Journal Audit Socket.
[[0;32m  OK  [0m] Listening on Journal Audit Socket.
[    6.028057] systemd[1]: Listening on Device-mapper event daemon FIFOs.
[[0;32m  OK  [0m] Listening on Device-mapper event daemon FIFOs.
[    6.032474] systemd[1]: Created slice User and Session Slice.
[[0;32m  OK  [0m] Created slice User and Session Slice.
[    6.044398] systemd[1]: Created slice System Slice.
[[0;32m  OK  [0m] Created slice System Slice.
[    6.047941] systemd[1]: Reached target Slices.
[[0;32m  OK  [0m] Reached target Slices.
[    6.059930] systemd[1]: Created slice system-serial\x2dgetty.slice.
[[0;32m  OK  [0m] Created slice system-serial\x2dgetty.slice.
[    6.063645] systemd[1]: Reached target System Time Synchronized.
[[0;32m  OK  [0m] Reached target System Time Synchronized.
[    6.067083] systemd[1]: Reached target User and Group Name Lookups.
[[0;32m  OK  [0m] Reached target User and Group Name Lookups.
[    6.071359] systemd[1]: Listening on udev Kernel Socket.
[[0;32m  OK  [0m] Listening on udev Kernel Socket.
[    6.075223] systemd[1]: Reached target Encrypted Volumes.
[[0;32m  OK  [0m] Reached target Encrypted Volumes.
[    6.078309] systemd[1]: Listening on LVM2 poll daemon socket.
[[0;32m  OK  [0m] Listening on LVM2 poll daemon socket.
[    6.082130] systemd[1]: Listening on Journal Socket.
[[0;32m  OK  [0m] Listening on Journal Socket.
[    6.095634] systemd[1]: Mounting Debug File System...
         Mounting Debug File System...
[    6.100269] systemd[1]: Starting Nameserver information manager...
[    6.100594] random: nonblocking pool is initialized
         Starting Nameserver information manager...
[    6.108631] systemd[1]: Mounting POSIX Message Queue File System...
         Mounting POSIX Message Queue File System...
[    6.118130] systemd[1]: Starting Load Kernel Modules...
         Starting Load Kernel Modules...
[    6.145459] systemd[1]: Starting Uncomplicated firewall...
         Starting Uncomplicated firewall...
[    6.151068] systemd[1]: Starting Monitoring of LVM2 mirrors, snapshots etc. using dmeventd or progress polling...
         Starting Monitoring of LVM2 mirrors... dmeventd or progress polling...
[    6.158838] Loading iSCSI transport class v2.0-870.
[    6.160278] systemd[1]: Mounting Huge Pages File System...
         Mounting Huge Pages File System...
[    6.168339] systemd[1]: Starting Create list of required static device nodes for the current kernel...
         Starting Create list of required st... nodes for the current kernel...
[    6.202417] systemd[1]: Starting Remount Root and Kernel File Systems...
         Starting Remount Root and Kernel File Systems...
[    6.208213] systemd[1]: Starting Set console keymap...
         Starting Set console keymap...
[    6.211852] systemd[1]: Starting Journal Service...
[    6.213375] iscsi: registered transport (tcp)
         Starting Journal Service...
[    6.217977] systemd[1]: Reached target Swap.
[[0;32m  OK  [0m] [    6.230529] EXT4-fs (sda1): re-mounted. Opts: (null)
Reached target Swap.
[    6.231983] systemd[1]: Set up automount Arbitrary Executable File Formats File System Automount Point.
[[0;32m  OK  [0m] Set up automount Arbitrary Executab...ats File System Automount Point.
[    6.260040] systemd[1]: Mounted Huge Pages File System.
[[0;32m  OK  [0m] Mounted Huge Pages File System.
[    6.262103] systemd[1]: Mounted Debug File System.
[[0;32m  OK  [0m] Mounted Debug File System.
[    6.276966] systemd[1]: Mounted POSIX Message Queue File System.
[[0;32m  OK  [0m] Mounted POSIX Message Queue File System.
[    6.280347] systemd[1]: Started Uncomplicated firewall.
[[0;32m  OK  [0m] Started Uncomplicated firewall.
[    6.285376] systemd[1]: Started Create list of required static device nodes for the current kernel.
[[0;32m  OK  [0m] Started Create list of required sta...ce nodes for the current kernel.
[    6.290262] systemd[1]: Started Remount Root and Kernel File Systems.
[[0;32m  OK  [0m] Started Remount Root and Kernel File Systems.
[    6.294276] systemd[1]: Started Nameserver information manager.
[[0;32m  OK  [0m] Started Nameserver information manager.
[    6.300478] systemd[1]: Started Journal Service.
[[0;32m  OK  [0m] Started Journal Service.
[    6.306227] iscsi: registered transport (iser)
[[0;32m  OK  [0m] Started Load Kernel Modules.
[[0;32m  OK  [0m] Started Set console keymap.
         Mounting FUSE Control File System...
         Starting Apply Kernel Variables...
[[0;32m  OK  [0m] Started LVM2 metadata daemon.
         Starting udev Coldplug all Devices...
         Starting Load/Save Random Seed...
         Starting Flush Journal to Persistent Storage...
         Starting Create Static Device Nodes in /dev...
[[0;32m  OK  [0m] Mounted FUSE Control File System.
[[0;32m  OK  [0m] Started Apply Kernel Variables.
[[0;32m  OK  [0m] Started Load/Save Random Seed.
[[0;32m  OK  [0m] Started Create Static Device Nodes in /dev.
[[0;32m  OK  [0m] Started Flush Journal to Persistent Storage.
         Starting udev Kernel Device Manager...
[[0;32m  OK  [0m] Started udev Coldplug all Devices.
[[0;32m  OK  [0m] Started udev Kernel Device Manager.
[[0;32m  OK  [0m] Started Dispatch Password Requests to Console Directory Watch.
[[0;32m  OK  [0m] Found device /dev/ttyS0.
[[0;32m  OK  [0m] Listening on Load/Save RF Kill Switch Status /dev/rfkill Watch.
[[0;32m  OK  [0m] Started Monitoring of LVM2 mirrors,...ng dmeventd or progress polling.
[[0;32m  OK  [0m] Reached target Local File Systems (Pre).
[[0;32m  OK  [0m] Reached target Local File Systems.
         Starting Create Volatile Files and Directories...
         Starting Initial cloud-init job (pre-networking)...
         Starting LSB: AppArmor initialization...
         Starting Set console font and keymap...
         Starting Tell Plymouth To Write Out Runtime Data...
[[0;32m  OK  [0m] Started Create Volatile Files and Directories.
[[0;32m  OK  [0m] Started Tell Plymouth To Write Out Runtime Data.
         Starting Update UTMP about System Boot/Shutdown...
[[0;32m  OK  [0m] Started Update UTMP about System Boot/Shutdown.
[[0;32m  OK  [0m] Found device 82540EM Gigabit Ethern...r (PRO/1000 MT Desktop Adapter).
[[0;32m  OK  [0m] Started LSB: AppArmor initialization.
[    7.976852] cloud-init[526]: Cloud-init v. 19.1-1-gbaa47854-0ubuntu1~16.04.1 running 'init-local' at Tue, 30 Jul 2019 08:23:20 +0000. Up 7.51 seconds.
[[0;32m  OK  [0m] Started Initial cloud-init job (pre-networking).
[[0;32m  OK  [0m] Reached target Network (Pre).
[[0;32m  OK  [0m] Started ifup for enp0s3.
         Starting Raise network interfaces...
[[0;32m  OK  [0m] Started Set console font and keymap.
[[0;32m  OK  [0m] Created slice system-getty.slice.
[[0;32m  OK  [0m] Started Raise network interfaces.
[[0;32m  OK  [0m] Reached target Network.
         Starting Initial cloud-init job (metadata service crawler)...
[    9.167658] cloud-init[978]: Cloud-init v. 19.1-1-gbaa47854-0ubuntu1~16.04.1 running 'init' at Tue, 30 Jul 2019 08:23:22 +0000. Up 8.80 seconds.
[    9.170263] cloud-init[978]: ci-info: ++++++++++++++++++++++++++++++++++++++Net device info++++++++++++++++++++++++++++++++++++++
[    9.172573] cloud-init[978]: ci-info: +--------+------+----------------------------+---------------+--------+-------------------+
[    9.174873] cloud-init[978]: ci-info: | Device |  Up  |          Address           |      Mask     | Scope  |     Hw-Address    |
[    9.178166] cloud-init[978]: ci-info: +--------+------+----------------------------+---------------+--------+-------------------+
[    9.181550] cloud-init[978]: ci-info: | enp0s3 | True |         10.0.2.15          | 255.255.255.0 | global | 02:c2:66:bb:16:6d |
[    9.184569] cloud-init[978]: ci-info: | enp0s3 | True | fe80::c2:66ff:febb:166d/64 |       .       |  link  | 02:c2:66:bb:16:6d |
[    9.187123] cloud-init[978]: ci-info: |   lo   | True |         127.0.0.1          |   255.0.0.0   |  host  |         .         |
[    9.200596] cloud-init[978]: ci-info: |   lo   | True |          ::1/128           |       .       |  host  |         .         |
[    9.202942] cloud-init[978]: ci-info: +--------+------+----------------------------+---------------+--------+-------------------+
[    9.205254] cloud-init[978]: ci-info: +++++++++++++++++++++++++++Route IPv4 info++++++++++++++++++++++++++++
[    9.207505] cloud-init[978]: ci-info: +-------+-------------+----------+---------------+-----------+-------+
[    9.210012] cloud-init[978]: ci-info: | Route | Destination | Gateway  |    Genmask    | Interface | Flags |
[    9.220509] cloud-init[978]: ci-info: +-------+-------------+----------+---------------+-----------+-------+
[    9.222310] cloud-init[978]: ci-info: |   0   |   0.0.0.0   | 10.0.2.2 |    0.0.0.0    |   enp0s3  |   UG  |
[    9.228426] cloud-init[[0;32m  OK  [0m] Started Initial cloud-init job (metadata service crawler).
[[0;32m  OK  [0m] Reached target System Initialization.
[[0;32m  OK  [0m] Listening on ACPID Listen Socket.[978]: ci-info: |   1   |   10.0.2.0  | 0.0.0.0  | 255.255.255.0 |   enp0s3  |   U   |
[    9.232795] cloud-init[978]: ci-info: +-------+-------------+----------+---------------+-----------+-------+

[    9.232906] cloud-init[978]: ci-info: +++++++++++++++++++Route IPv6 info+++++++++++++++++++
[    9.240514] cloud-init[978]: ci-info: +-------+-------------+---------+-----------+-------+
[[0;32m  OK  [0m] Started Daily apt download activities.
[[0;32m  OK  [0m] Listening on D-Bus System Message Bus Socket.
         Starting Socket activation for snappy daemon.
[    9.255452] [[0;32m  OK  [0m] Started Daily Cleanup of Temporary Directories.
cloud-init[978]: [[0;32m  OK  [0m] Started ACPI Events Check.
[[0;32m  OK  [0m] Reached target Paths.
ci-info: | Route | Destination | Gateway | Interface | Flags |
[    9.274159] [[0;32m  OK  [0m] Listening on UUID daemon activation socket.
cloud-init[978]: ci-info: +-------+-------------+---------+-----------+-------+
[    9.278404]          Starting LXD - unix socket.
[[0;32m  OK  [0m] Started Daily apt upgrade and clean activities.
[[0;32m  OK  [0m] Reached target Timers.
[[0;32m  OK  [0m] Reached target Cloud-config availability.
[[0;32m  OK  [0m] Reached target Network is Online.
cloud-init[978]: ci-info: |   0   |  fe80::/64  |    ::   |   enp0s3  |   U   |
[    9.283334] cloud-init[978]: ci-info: |   3   |   ff00::/8  |    ::   |   enp0s3  |   U   |
[    9.284653] cloud-init[978]: ci-info: +-------+-------------+---------+-----------+-------+
         Starting iSCSI initiator daemon (iscsid)...
[[0;32m  OK  [0m] Listening on Socket activation for snappy daemon.
[[0;32m  OK  [0m] Listening on LXD - unix socket.
[[0;32m  OK  [0m] Reached target Sockets.
[[0;32m  OK  [0m] Reached target Basic System.
         Starting Virtualbox guest utils...
[[0;32m  OK  [0m] Started D-Bus System Message Bus.
[[0;32m  OK  [0m] Started ACPI event daemon.
         Starting Accounts Service...
         Starting LXD - container startup/shutdown...
         Starting Snappy daemon...
         Starting /etc/rc.local Compatibility...
[[0;32m  OK  [0m] Started Deferred execution scheduler.
[[0;32m  OK  [0m] Started FUSE filesystem for LXC.
         Starting LSB: MD monitoring daemon...
         Starting System Logging Service...
         Starting Login Service...
         Starting OpenBSD Secure Shell server...
[[0;32m  OK  [0m] Started Regular background program processing daemon.
         Starting LSB: Record successful boot for GRUB...
[[0;32m  OK  [0m] Started /etc/rc.local Compatibility.
[[0;32m  OK  [0m] Started iSCSI initiator daemon (iscsid).
[[0;32m  OK  [0m] Started System Logging Service.
[[0;32m  OK  [0m] Started Login Service.
[[0;32m  OK  [0m] Started Unattended Upgrades Shutdown.
         Starting Authenticate and Authorize Users to Run Privileged Tasks...
         Starting Login to default iSCSI targets...
[[0;32m  OK  [0m] Started OpenBSD Secure Shell server.
[[0;32m  OK  [0m] Started LSB: MD monitoring daemon.
[[0;32m  OK  [0m] Started LSB: Record successful boot for GRUB.
[[0;32m  OK  [0m] Started Virtualbox guest utils.
[[0;32m  OK  [0m] Started Authenticate and Authorize Users to Run Privileged Tasks.
[[0;32m  OK  [0m] Started LXD - container startup/shutdown.
[[0;32m  OK  [0m] Started Accounts Service.
[[0;32m  OK  [0m] Started Login to default iSCSI targets.
[[0;32m  OK  [0m] Reached target Remote File Systems (Pre).
[[0;32m  OK  [0m] Reached target Remote File Systems.
         Starting LSB: automatic crash report generation...
         Starting LSB: daemon to balance interrupts for SMP systems...
         Starting Permit User Sessions...
         Starting LSB: Set the CPU Frequency Scaling governor to "ondemand"...
[[0;32m  OK  [0m] Started Permit User Sessions.
         Starting Terminate Plymouth Boot Screen...
         Starting Hold until boot process finishes up...
[[0;32m  OK  [0m] Started LSB: Set the CPU Frequency Scaling governor to "ondemand".
[[0;32m  OK  [0m] Started Terminate Plymouth Boot Screen.
[[0;32m  OK  [0m] Started Hold until boot process finishes up.
[[0;32m  OK  [0m] Started LSB: daemon to balance interrupts for SMP systems.
[[0;32m  OK  [0m] Started LSB: automatic crash report generation.
         Starting Set console scheme...
[[0;32m  OK  [0m] Started Serial Getty on ttyS0.
[[0;32m  OK  [0m] Started Getty on tty1.
[[0;32m  OK  [0m] Reached target Login Prompts.
[[0;32m  OK  [0m] Started Set console scheme.
[[0;32m  OK  [0m] Started Snappy daemon.
         Starting Wait until snapd is fully seeded...
[[0;32m  OK  [0m] Started Wait until snapd is fully seeded.
         Starting Apply the settings specified in cloud-config...
[[0;32m  OK  [0m] Reached target Multi-User System.
[[0;32m  OK  [0m] Reached target Graphical Interface.
         Starting Update UTMP about System Runlevel Changes...
[[0;32m  OK  [0m] Started Update UTMP about System Runlevel Changes.
[   10.965962] cloud-init[1237]: Cloud-init v. 19.1-1-gbaa47854-0ubuntu1~16.04.1 running 'modules:config' at Tue, 30 Jul 2019 08:23:24 +0000. Up 10.84 seconds.
[[0;32m  OK  [0m] Started Apply the settings specified in cloud-config.
         Starting Execute cloud user/final scripts...
[   11.656277] cloud-init[1252]: Cloud-init v. 19.1-1-gbaa47854-0ubuntu1~16.04.1 running 'modules:final' at Tue, 30 Jul 2019 08:23:24 +0000. Up 11.49 seconds.
[   11.661319] cloud-init[1252]: Cloud-init v. 19.1-1-gbaa47854-0ubuntu1~16.04.1 finished at Tue, 30 Jul 2019 08:23:24 +0000. Datasource DataSourceNoCloud [seed=/dev/sdb][dsmode=net].  Up 11.64 seconds
[[0;32m  OK  [0m] Started Execute cloud user/final scripts.
[[0;32m  OK  [0m] Reached target Cloud-init target.

Ubuntu 16.04.6 LTS ubuntu-xenial ttyS0

ubuntu-xenial login: [[0;32m  OK  [0m] Stopped target Timers.
[[0;32m  OK  [0m] Stopped Daily apt upgrade and clean activities.
         Stopping Authenticate and Authorize Users to Run Privileged Tasks...
         Stopping User Manager for UID 1000...
         Stopping ACPI event daemon...
[[0;32m  OK  [0m] Stopped Daily apt download activities.
         Stopping Session 10 of user vagrant.
[[0;32m  OK  [0m] Stopped target Cloud-init target.
[[0;32m  OK  [0m] Stopped Execute cloud user/final scripts.
[[0;32m  OK  [0m] Stopped Apply the settings specified in cloud-config.
[[0;32m  OK  [0m] Stopped target Cloud-config availability.
[[0;32m  OK  [0m] Stopped target Graphical Interface.
[[0;32m  OK  [0m] Stopped target Multi-User System.
         Stopping FUSE filesystem for LXC...
[[0;32m  OK  [0m] Stopped target Login Prompts.
         Stopping Getty on tty1...
         Stopping Serial Getty on ttyS0...
         Stopping LSB: Set the CPU Frequency Scaling governor to "ondemand"...
         Stopping LXD - container startup/shutdown...
         Stopping LSB: daemon to balance interrupts for SMP systems...
         Stopping Regular background program processing daemon...
         Stopping OpenBSD Secure Shell server...
         Stopping D-Bus System Message Bus...
         Stopping System Logging Service...
[[0;32m  OK  [0m] Stopped Wait until snapd is fully seeded.
         Stopping Unattended Upgrades Shutdown...
         Stopping Deferred execution scheduler...
         Stopping Accounts Service...
         Stopping LSB: automatic crash report generation...
         Stopping LSB: Record successful boot for GRUB...
         Stopping Virtualbox guest utils...
[[0;32m  OK  [0m] Stopped Daily Cleanup of Temporary Directories.
         Stopping LSB: MD monitoring daemon...
[[0;32m  OK  [0m] Stopped target System Time Synchronized.
[[0;32m  OK  [0m] Closed Load/Save RF Kill Switch Status /dev/rfkill Watch.
[[0;32m  OK  [0m] Unmounted /var/lib/lxcfs.
[[0;32m  OK  [0m] Stopped ACPI event daemon.
[[0;32m  OK  [0m] Stopped Accounts Service.
[[0;32m  OK  [0m] Stopped Deferred execution scheduler.
[[0;32m  OK  [0m] Stopped System Logging Service.
[[0;32m  OK  [0m] Stopped Regular background program processing daemon.
[[0;32m  OK  [0m] Stopped OpenBSD Secure Shell server.
[[0;32m  OK  [0m] Stopped Unattended Upgrades Shutdown.
[[0;32m  OK  [0m] Stopped Authenticate and Authorize Users to Run Privileged Tasks.
[[0;32m  OK  [0m] Stopped Serial Getty on ttyS0.
[[0;32m  OK  [0m] Stopped Getty on tty1.
[[0;32m  OK  [0m] Stopped User Manager for UID 1000.
[[0;32m  OK  [0m] Stopped Session 10 of user vagrant.
[[0;32m  OK  [0m] Stopped D-Bus System Message Bus.
[[0;32m  OK  [0m] Stopped FUSE filesystem for LXC.
[[0;32m  OK  [0m] Stopped LXD - container startup/shutdown.
[[0;32m  OK  [0m] Stopped LSB: Set the CPU Frequency Scaling governor to "ondemand".
[[0;32m  OK  [0m] Stopped LSB: daemon to balance interrupts for SMP systems.
[[0;32m  OK  [0m] Stopped LSB: MD monitoring daemon.
[[0;32m  OK  [0m] Stopped LSB: automatic crash report generation.
[[0;32m  OK  [0m] Stopped LSB: Record successful boot for GRUB.
[[0;32m  OK  [0m] Stopped Virtualbox guest utils.
[[0;32m  OK  [0m] Removed slice User Slice of vagrant.
[[0;32m  OK  [0m] Removed slice system-getty.slice.
[[0;32m  OK  [0m] Removed slice system-serial\x2dgetty.slice.
[[0;32m  OK  [0m] Stopped /etc/rc.local Compatibility.
         Stopping Permit User Sessions...
         Stopping Login Service...
[[0;32m  OK  [0m] Stopped Permit User Sessions.
[[0;32m  OK  [0m] Stopped target Remote File Systems.
[[0;32m  OK  [0m] Stopped target Remote File Systems (Pre).
         Stopping Login to default iSCSI targets...
[[0;32m  OK  [0m] Stopped Login to default iSCSI targets.
         Stopping iSCSI initiator daemon (iscsid)...
[[0;32m  OK  [0m] Stopped iSCSI initiator daemon (iscsid).
[[0;32m  OK  [0m] Stopped target Network is Online.
[[0;32m  OK  [0m] Stopped target Network.
[[0;32m  OK  [0m] Stopped Login Service.
[[0;32m  OK  [0m] Stopped target User and Group Name Lookups.
[[0;32m  OK  [0m] Stopped target Basic System.
[[0;32m  OK  [0m] Stopped target Paths.
[[0;32m  OK  [0m] Stopped ACPI Events Check.
[[0;32m  OK  [0m] Stopped Forward Password Requests to Wall Directory Watch.
[[0;32m  OK  [0m] Stopped Dispatch Password Requests to Console Directory Watch.
[[0;32m  OK  [0m] Stopped target Sockets.
[[0;32m  OK  [0m] Closed UUID daemon activation socket.
[[0;32m  OK  [0m] Closed Socket activation for snappy daemon.
[[0;32m  OK  [0m] Closed ACPID Listen Socket.
[[0;32m  OK  [0m] Closed Syslog Socket.
[[0;32m  OK  [0m] Closed D-Bus System Message Bus Socket.
[[0;32m  OK  [0m] Closed LXD - unix socket.
[[0;32m  OK  [0m] Stopped target Slices.
[[0;32m  OK  [0m] Removed slice User and Session Slice.
[[0;32m  OK  [0m] Stopped target System Initialization.
[[0;32m  OK  [0m] Stopped Initial cloud-init job (metadata service crawler).
         Stopping Raise network interfaces...
         Stopping Load/Save Random Seed...
[[0;32m  OK  [0m] Stopped target Encrypted Volumes.
[[0;32m  OK  [0m] Stopped target Swap.
[[0;32m  OK  [0m] Stopped Create Volatile Files and Directories.
[[0;32m  OK  [0m] Stopped Load/Save Random Seed.
[[0;32m  OK  [0m] Stopped Raise network interfaces.
[[0;32m  OK  [0m] Stopped target Local File Systems.
         Unmounting /vagrant...
         Unmounting /run/user/1000...
[[0;32m  OK  [0m] Stopped target Network (Pre).
[[0;32m  OK  [0m] Stopped Initial cloud-init job (pre-networking).
[[0;32m  OK  [0m] Stopped Apply Kernel Variables.
[[0;32m  OK  [0m] Stopped Load Kernel Modules.
[[0;32m  OK  [0m] Unmounted /vagrant.
[[0;32m  OK  [0m] Unmounted /run/user/1000.
[[0;32m  OK  [0m] Reached target Unmount All Filesystems.
[[0;32m  OK  [0m] Stopped target Local File Systems (Pre).
[[0;32m  OK  [0m] Stopped Remount Root and Kernel File Systems.
         Stopping Monitoring of LVM2 mirrors... dmeventd or progress polling...
[[0;32m  OK  [0m] Stopped Create Static Device Nodes in /dev.
[[0;32m  OK  [0m] Reached target Shutdown.
[ 3576.779357] reboot: Power down
