[    0.000000] Initializing cgroup subsys cpuset
[    0.000000] Initializing cgroup subsys cpu
[    0.000000] Initializing cgroup subsys cpuacct
[    0.000000] Linux version 4.4.0-157-generic (buildd@lgw01-amd64-037) (gcc version 5.4.0 20160609 (Ubuntu 5.4.0-6ubuntu1~16.04.10) ) #185-Ubuntu SMP Tue Jul 23 09:17:01 UTC 2019 (Ubuntu 4.4.0-157.185-generic 4.4.181)
[    0.000000] Command line: BOOT_IMAGE=/boot/vmlinuz-4.4.0-157-generic root=LABEL=cloudimg-rootfs ro console=tty1 console=ttyS0
[    0.000000] KERNEL supported cpus:
[    0.000000]   Intel GenuineIntel
[    0.000000]   AMD AuthenticAMD
[    0.000000]   Centaur CentaurHauls
[    0.000000] x86/fpu: xstate_offset[2]:  576, xstate_sizes[2]:  256
[    0.000000] x86/fpu: Supporting XSAVE feature 0x01: 'x87 floating point registers'
[    0.000000] x86/fpu: Supporting XSAVE feature 0x02: 'SSE registers'
[    0.000000] x86/fpu: Supporting XSAVE feature 0x04: 'AVX registers'
[    0.000000] x86/fpu: Enabled xstate features 0x7, context size is 832 bytes, using 'standard' format.
[    0.000000] e820: BIOS-provided physical RAM map:
[    0.000000] BIOS-e820: [mem 0x0000000000000000-0x000000000009fbff] usable
[    0.000000] BIOS-e820: [mem 0x000000000009fc00-0x000000000009ffff] reserved
[    0.000000] BIOS-e820: [mem 0x00000000000f0000-0x00000000000fffff] reserved
[    0.000000] BIOS-e820: [mem 0x0000000000100000-0x000000003ffeffff] usable
[    0.000000] BIOS-e820: [mem 0x000000003fff0000-0x000000003fffffff] ACPI data
[    0.000000] BIOS-e820: [mem 0x00000000fec00000-0x00000000fec00fff] reserved
[    0.000000] BIOS-e820: [mem 0x00000000fee00000-0x00000000fee00fff] reserved
[    0.000000] BIOS-e820: [mem 0x00000000fffc0000-0x00000000ffffffff] reserved
[    0.000000] NX (Execute Disable) protection: active
[    0.000000] SMBIOS 2.5 present.
[    0.000000] Hypervisor detected: KVM
[    0.000000] e820: last_pfn = 0x3fff0 max_arch_pfn = 0x400000000
[    0.000000] MTRR: Disabled
[    0.000000] x86/PAT: MTRRs disabled, skipping PAT initialization too.
[    0.000000] CPU MTRRs all blank - virtualized system.
[    0.000000] x86/PAT: Configuration [0-7]: WB  WT  UC- UC  WB  WT  UC- UC  
[    0.000000] found SMP MP-table at [mem 0x0009fff0-0x0009ffff] mapped at [ffff88000009fff0]
[    0.000000] Scanning 1 areas for low memory corruption
[    0.000000] RAMDISK: [mem 0x362fc000-0x37175fff]
[    0.000000] ACPI: Early table checksum verification disabled
[    0.000000] ACPI: RSDP 0x00000000000E0000 000024 (v02 VBOX  )
[    0.000000] ACPI: XSDT 0x000000003FFF0030 00003C (v01 VBOX   VBOXXSDT 00000001 ASL  00000061)
[    0.000000] ACPI: FACP 0x000000003FFF00F0 0000F4 (v04 VBOX   VBOXFACP 00000001 ASL  00000061)
[    0.000000] ACPI: DSDT 0x000000003FFF0470 0022EA (v02 VBOX   VBOXBIOS 00000002 INTL 20100528)
[    0.000000] ACPI: FACS 0x000000003FFF0200 000040
[    0.000000] ACPI: FACS 0x000000003FFF0200 000040
[    0.000000] ACPI: APIC 0x000000003FFF0240 00005C (v02 VBOX   VBOXAPIC 00000001 ASL  00000061)
[    0.000000] ACPI: SSDT 0x000000003FFF02A0 0001CC (v01 VBOX   VBOXCPUT 00000002 INTL 20100528)
[    0.000000] No NUMA configuration found
[    0.000000] Faking a node at [mem 0x0000000000000000-0x000000003ffeffff]
[    0.000000] NODE_DATA(0) allocated [mem 0x3ffeb000-0x3ffeffff]
[    0.000000] kvm-clock: Using msrs 4b564d01 and 4b564d00
[    0.000000] kvm-clock: cpu 0, msr 0:3ffe3001, primary cpu clock
[    0.000000] kvm-clock: using sched offset of 3897500589 cycles
[    0.000000] clocksource: kvm-clock: mask: 0xffffffffffffffff max_cycles: 0x1cd42e4dffb, max_idle_ns: 881590591483 ns
[    0.000000] Zone ranges:
[    0.000000]   DMA      [mem 0x0000000000001000-0x0000000000ffffff]
[    0.000000]   DMA32    [mem 0x0000000001000000-0x000000003ffeffff]
[    0.000000]   Normal   empty
[    0.000000]   Device   empty
[    0.000000] Movable zone start for each node
[    0.000000] Early memory node ranges
[    0.000000]   node   0: [mem 0x0000000000001000-0x000000000009efff]
[    0.000000]   node   0: [mem 0x0000000000100000-0x000000003ffeffff]
[    0.000000] Initmem setup node 0 [mem 0x0000000000001000-0x000000003ffeffff]
[    0.000000] ACPI: PM-Timer IO Port: 0x4008
[    0.000000] IOAPIC[0]: apic_id 2, version 32, address 0xfec00000, GSI 0-23
[    0.000000] ACPI: INT_SRC_OVR (bus 0 bus_irq 0 global_irq 2 dfl dfl)
[    0.000000] ACPI: INT_SRC_OVR (bus 0 bus_irq 9 global_irq 9 low level)
[    0.000000] Using ACPI (MADT) for SMP configuration information
[    0.000000] smpboot: Allowing 2 CPUs, 0 hotplug CPUs
[    0.000000] PM: Registered nosave memory: [mem 0x00000000-0x00000fff]
[    0.000000] PM: Registered nosave memory: [mem 0x0009f000-0x0009ffff]
[    0.000000] PM: Registered nosave memory: [mem 0x000a0000-0x000effff]
[    0.000000] PM: Registered nosave memory: [mem 0x000f0000-0x000fffff]
[    0.000000] e820: [mem 0x40000000-0xfebfffff] available for PCI devices
[    0.000000] Booting paravirtualized kernel on KVM
[    0.000000] clocksource: refined-jiffies: mask: 0xffffffff max_cycles: 0xffffffff, max_idle_ns: 7645519600211568 ns
[    0.000000] setup_percpu: NR_CPUS:512 nr_cpumask_bits:512 nr_cpu_ids:2 nr_node_ids:1
[    0.000000] PERCPU: Embedded 34 pages/cpu @ffff88003fc00000 s99544 r8192 d31528 u1048576
[    0.000000] Built 1 zonelists in Node order, mobility grouping on.  Total pages: 257912
[    0.000000] Policy zone: DMA32
[    0.000000] Kernel command line: BOOT_IMAGE=/boot/vmlinuz-4.4.0-157-generic root=LABEL=cloudimg-rootfs ro console=tty1 console=ttyS0
[    0.000000] PID hash table entries: 4096 (order: 3, 32768 bytes)
[    0.000000] Memory: 997736K/1048120K available (8618K kernel code, 1335K rwdata, 4032K rodata, 1484K init, 1284K bss, 50384K reserved, 0K cma-reserved)
[    0.000000] SLUB: HWalign=64, Order=0-3, MinObjects=0, CPUs=2, Nodes=1
[    0.000000] Kernel/User page tables isolation: enabled
[    0.000000] Hierarchical RCU implementation.
[    0.000000] 	Build-time adjustment of leaf fanout to 64.
[    0.000000] 	RCU restricting CPUs from NR_CPUS=512 to nr_cpu_ids=2.
[    0.000000] RCU: Adjusting geometry for rcu_fanout_leaf=64, nr_cpu_ids=2
[    0.000000] NR_IRQS:33024 nr_irqs:440 16
[    0.000000] Console: colour VGA+ 80x25
[    0.000000] console [tty1] enabled
[    0.000000] console [ttyS0] enabled
[    0.000000] tsc: Detected 2712.006 MHz processor
[    0.144868] Calibrating delay loop (skipped) preset value.. 5424.01 BogoMIPS (lpj=10848024)
[    0.146601] pid_max: default: 32768 minimum: 301
[    0.147547] ACPI: Core revision 20150930
[    0.149348] ACPI: 2 ACPI AML tables successfully acquired and loaded
[    0.150727] Security Framework initialized
[    0.151580] Yama: becoming mindful.
[    0.152435] AppArmor: AppArmor initialized
[    0.153366] Dentry cache hash table entries: 131072 (order: 8, 1048576 bytes)
[    0.157787] Inode-cache hash table entries: 65536 (order: 7, 524288 bytes)
[    0.159238] Mount-cache hash table entries: 2048 (order: 2, 16384 bytes)
[    0.160527] Mountpoint-cache hash table entries: 2048 (order: 2, 16384 bytes)
[    0.161906] Initializing cgroup subsys io
[    0.162737] Initializing cgroup subsys memory
[    0.163610] Initializing cgroup subsys devices
[    0.164523] Initializing cgroup subsys freezer
[    0.165417] Initializing cgroup subsys net_cls
[    0.166293] Initializing cgroup subsys perf_event
[    0.167213] Initializing cgroup subsys net_prio
[    0.168239] Initializing cgroup subsys hugetlb
[    0.169147] Initializing cgroup subsys pids
[    0.171773] mce: CPU supports 0 MCE banks
[    0.172675] Last level iTLB entries: 4KB 64, 2MB 8, 4MB 8
[    0.173764] Last level dTLB entries: 4KB 64, 2MB 0, 4MB 0, 1GB 4
[    0.174922] Spectre V2 : Mitigation: Full generic retpoline
[    0.176005] Spectre V2 : Spectre v2 / SpectreRSB mitigation: Filling RSB on context switch
[    0.177648] Speculative Store Bypass: Vulnerable
[    0.178659] MDS: Vulnerable: Clear CPU buffers attempted, no microcode
[    0.182814] Freeing SMP alternatives memory: 36K
[    0.189959] ftrace: allocating 32312 entries in 127 pages
[    0.254244] smpboot: APIC(0) Converting physical 0 to logical package 0
[    0.255594] smpboot: Max logical packages: 1
[    0.256782] x2apic enabled
[    0.257721] Switched APIC routing to physical x2apic.
[    0.259902] ..TIMER: vector=0x30 apic1=0 pin1=2 apic2=-1 pin2=-1
[    0.368312] smpboot: CPU0: Intel(R) Core(TM) i5-7200U CPU @ 2.50GHz (family: 0x6, model: 0x8e, stepping: 0x9)
[    0.370607] Performance Events: unsupported p6 CPU model 142 no PMU driver, software events only.
[    0.383385] KVM setup paravirtual spinlock
[    0.385020] x86: Booting SMP configuration:
[    0.385916] .... node  #0, CPUs:      #1
[    0.386972] kvm-clock: cpu 1, msr 0:3ffe3041, secondary cpu clock
[    0.389373] mce: CPU supports 0 MCE banks
[    0.391823] x86: Booted up 1 node, 2 CPUs
[    0.392906] smpboot: Total of 2 processors activated (10848.02 BogoMIPS)
[    0.394686] devtmpfs: initialized
[    0.397359] evm: security.selinux
[    0.398168] evm: security.SMACK64
[    0.398917] evm: security.SMACK64EXEC
[    0.399747] evm: security.SMACK64TRANSMUTE
[    0.400592] evm: security.SMACK64MMAP
[    0.401371] evm: security.ima
[    0.402047] evm: security.capability
[    0.403141] clocksource: jiffies: mask: 0xffffffff max_cycles: 0xffffffff, max_idle_ns: 7645041785100000 ns
[    0.405844] futex hash table entries: 512 (order: 3, 32768 bytes)
[    0.407928] pinctrl core: initialized pinctrl subsystem
[    0.409465] RTC time: 15:48:49, date: 07/31/19
[    0.410583] NET: Registered protocol family 16
[    0.422513] cpuidle: using governor ladder
[    0.434235] cpuidle: using governor menu
[    0.435171] PCCT header not found.
[    0.436072] ACPI: bus type PCI registered
[    0.436910] acpiphp: ACPI Hot Plug PCI Controller Driver version: 0.5
[    0.438190] PCI: Using configuration type 1 for base access
[    0.450693] ACPI: Added _OSI(Module Device)
[    0.451656] ACPI: Added _OSI(Processor Device)
[    0.452641] ACPI: Added _OSI(3.0 _SCP Extensions)
[    0.453600] ACPI: Added _OSI(Processor Aggregator Device)
[    0.455376] ACPI: Executed 1 blocks of module-level executable AML code
[    0.458945] ACPI: Interpreter enabled
[    0.459871] ACPI: (supports S0 S5)
[    0.460636] ACPI: Using IOAPIC for interrupt routing
[    0.461873] PCI: Using host bridge windows from ACPI; if necessary, use "pci=nocrs" and report a bug
[    0.466956] ACPI: PCI Root Bridge [PCI0] (domain 0000 [bus 00-ff])
[    0.468130] acpi PNP0A03:00: _OSC: OS supports [ASPM ClockPM Segments MSI]
[    0.469855] acpi PNP0A03:00: _OSC: not requesting OS control; OS requires [ExtendedConfig ASPM ClockPM MSI]
[    0.471818] acpi PNP0A03:00: fail to add MMCONFIG information, can't access extended PCI configuration space under this bridge.
[    0.474318] PCI host bridge to bus 0000:00
[    0.475411] pci_bus 0000:00: root bus resource [io  0x0000-0x0cf7 window]
[    0.476689] pci_bus 0000:00: root bus resource [io  0x0d00-0xffff window]
[    0.478383] pci_bus 0000:00: root bus resource [mem 0x000a0000-0x000bffff window]
[    0.480256] pci_bus 0000:00: root bus resource [mem 0x40000000-0xfdffffff window]
[    0.482305] pci_bus 0000:00: root bus resource [bus 00-ff]
[    0.486343] pci 0000:00:01.1: legacy IDE quirk: reg 0x10: [io  0x01f0-0x01f7]
[    0.488333] pci 0000:00:01.1: legacy IDE quirk: reg 0x14: [io  0x03f6]
[    0.489931] pci 0000:00:01.1: legacy IDE quirk: reg 0x18: [io  0x0170-0x0177]
[    0.491197] pci 0000:00:01.1: legacy IDE quirk: reg 0x1c: [io  0x0376]
[    0.513505] pci 0000:00:07.0: quirk: [io  0x4000-0x403f] claimed by PIIX4 ACPI
[    0.524598] pci 0000:00:07.0: quirk: [io  0x4100-0x410f] claimed by PIIX4 SMB
[    0.533897] ACPI: PCI Interrupt Link [LNKA] (IRQs 5 9 10 *11)
[    0.535796] ACPI: PCI Interrupt Link [LNKB] (IRQs 5 9 *10 11)
[    0.537444] ACPI: PCI Interrupt Link [LNKC] (IRQs 5 *9 10 11)
[    0.539083] ACPI: PCI Interrupt Link [LNKD] (IRQs 5 9 10 *11)
[    0.541020] ACPI: Enabled 2 GPEs in block 00 to 07
[    0.542475] vgaarb: setting as boot device: PCI:0000:00:02.0
[    0.543585] vgaarb: device added: PCI:0000:00:02.0,decodes=io+mem,owns=io+mem,locks=none
[    0.545312] vgaarb: loaded
[    0.545975] vgaarb: bridge control possible 0000:00:02.0
[    0.547234] SCSI subsystem initialized
[    0.548281] ACPI: bus type USB registered
[    0.549144] usbcore: registered new interface driver usbfs
[    0.550243] usbcore: registered new interface driver hub
[    0.551311] usbcore: registered new device driver usb
[    0.553258] PCI: Using ACPI for IRQ routing
[    0.554413] NetLabel: Initializing
[    0.555224] NetLabel:  domain hash size = 128
[    0.556197] NetLabel:  protocols = UNLABELED CIPSOv4
[    0.560101] NetLabel:  unlabeled traffic allowed by default
[    0.561456] amd_nb: Cannot enumerate AMD northbridges
[    0.562519] clocksource: Switched to clocksource kvm-clock
[    0.574543] AppArmor: AppArmor Filesystem Enabled
[    0.575575] pnp: PnP ACPI init
[    0.577023] pnp: PnP ACPI: found 3 devices
[    0.588602] clocksource: acpi_pm: mask: 0xffffff max_cycles: 0xffffff, max_idle_ns: 2085701024 ns
[    0.590378] NET: Registered protocol family 2
[    0.591511] TCP established hash table entries: 8192 (order: 4, 65536 bytes)
[    0.592793] TCP bind hash table entries: 8192 (order: 5, 131072 bytes)
[    0.594044] TCP: Hash tables configured (established 8192 bind 8192)
[    0.595398] UDP hash table entries: 512 (order: 2, 16384 bytes)
[    0.596559] UDP-Lite hash table entries: 512 (order: 2, 16384 bytes)
[    0.597782] NET: Registered protocol family 1
[    0.598658] pci 0000:00:00.0: Limiting direct PCI/PCI transfers
[    0.599802] pci 0000:00:01.0: Activating ISA DMA hang workarounds
[    0.600993] Unpacking initramfs...
[    0.877099] Freeing initrd memory: 14824K
[    0.878065] clocksource: tsc: mask: 0xffffffffffffffff max_cycles: 0x27178c274f7, max_idle_ns: 440795238189 ns
[    0.880730] platform rtc_cmos: registered platform RTC device (no PNP device found)
[    0.883171] Scanning for low memory corruption every 60 seconds
[    0.885279] audit: initializing netlink subsys (disabled)
[    0.886854] audit: type=2000 audit(1564588135.235:1): initialized
[    0.889023] Initialise system trusted keyring
[    0.890429] HugeTLB registered 2 MB page size, pre-allocated 0 pages
[    0.893740] zbud: loaded
[    0.894699] VFS: Disk quotas dquot_6.6.0
[    0.895966] VFS: Dquot-cache hash table entries: 512 (order 0, 4096 bytes)
[    0.898253] squashfs: version 4.0 (2009/01/31) Phillip Lougher
[    0.899864] fuse init (API version 7.23)
[    0.901627] Key type big_key registered
[    0.902529] Allocating IMA MOK and blacklist keyrings.
[    0.904943] Key type asymmetric registered
[    0.906412] Asymmetric key parser 'x509' registered
[    0.907428] Block layer SCSI generic (bsg) driver version 0.4 loaded (major 249)
[    0.910135] io scheduler noop registered
[    0.910998] io scheduler deadline registered (default)
[    0.912128] io scheduler cfq registered
[    0.913793] pci_hotplug: PCI Hot Plug PCI Core version: 0.5
[    0.915122] pciehp: PCI Express Hot Plug Controller Driver version: 0.4
[    0.916708] ACPI: AC Adapter [AC] (on-line)
[    0.918370] input: Power Button as /devices/LNXSYSTM:00/LNXPWRBN:00/input/input0
[    0.920125] ACPI: Power Button [PWRF]
[    0.920948] input: Sleep Button as /devices/LNXSYSTM:00/LNXSLPBN:00/input/input1
[    0.922362] ACPI: Sleep Button [SLPF]
[    0.923929] ACPI: Battery Slot [BAT0] (battery present)
[    0.924889] GHES: HEST is not enabled!
[    0.925732] Serial: 8250/16550 driver, 32 ports, IRQ sharing enabled
[    0.947462] 00:02: ttyS0 at I/O 0x3f8 (irq = 4, base_baud = 115200) is a 16550A
[    0.949916] Linux agpgart interface v0.103
[    0.952121] loop: module loaded
[    0.953362] scsi host0: ata_piix
[    0.954185] scsi host1: ata_piix
[    0.954887] ata1: PATA max UDMA/33 cmd 0x1f0 ctl 0x3f6 bmdma 0xd000 irq 14
[    0.956113] ata2: PATA max UDMA/33 cmd 0x170 ctl 0x376 bmdma 0xd008 irq 15
[    0.957638] libphy: Fixed MDIO Bus: probed
[    0.958440] tun: Universal TUN/TAP device driver, 1.6
[    0.959480] tun: (C) 1999-2004 Max Krasnyansky <maxk@qualcomm.com>
[    0.960603] PPP generic driver version 2.4.2
[    0.961664] ehci_hcd: USB 2.0 'Enhanced' Host Controller (EHCI) Driver
[    0.962893] ehci-pci: EHCI PCI platform driver
[    0.963787] ehci-platform: EHCI generic platform driver
[    0.964738] ohci_hcd: USB 1.1 'Open' Host Controller (OHCI) Driver
[    0.965825] ohci-pci: OHCI PCI platform driver
[    0.966699] ohci-platform: OHCI generic platform driver
[    0.967638] uhci_hcd: USB Universal Host Controller Interface driver
[    0.968805] i8042: PNP: PS/2 Controller [PNP0303:PS2K,PNP0f03:PS2M] at 0x60,0x64 irq 1,12
[    0.970812] serio: i8042 KBD port at 0x60,0x64 irq 1
[    0.971732] serio: i8042 AUX port at 0x60,0x64 irq 12
[    0.972781] mousedev: PS/2 mouse device common for all mice
[    0.974240] input: AT Translated Set 2 keyboard as /devices/platform/i8042/serio0/input/input2
[    0.976048] rtc_cmos rtc_cmos: rtc core: registered rtc_cmos as rtc0
[    0.977253] rtc_cmos rtc_cmos: alarms up to one day, 114 bytes nvram
[    0.978372] i2c /dev entries driver
[    0.979167] device-mapper: uevent: version 1.0.3
[    0.980308] device-mapper: ioctl: 4.34.0-ioctl (2015-10-28) initialised: dm-devel@redhat.com
[    0.981901] ledtrig-cpu: registered to indicate activity on CPUs
[    0.983448] NET: Registered protocol family 10
[    0.984475] NET: Registered protocol family 17
[    0.985351] Key type dns_resolver registered
[    0.986780] registered taskstats version 1
[    0.987600] Loading compiled-in X.509 certificates
[    0.989011] Loaded X.509 cert 'Build time autogenerated kernel key: 3e01e6df98386236d59670e6b2ed19a044d5324e'
[    0.990804] zswap: loaded using pool lzo/zbud
[    0.993858] Key type trusted registered
[    0.997699] Key type encrypted registered
[    0.998523] AppArmor: AppArmor sha1 policy hashing enabled
[    0.999555] ima: No TPM chip found, activating TPM-bypass!
[    1.000538] ima: Allocated hash algorithm: sha1
[    1.001413] evm: HMAC attrs: 0x1
[    1.002472]   Magic number: 11:714:842
[    1.003519] rtc_cmos rtc_cmos: setting system clock to 2019-07-31 15:48:49 UTC (1564588129)
[    1.005392] BIOS EDD facility v0.16 2004-Jun-25, 0 devices found
[    1.006499] EDD information not available.
[    1.113516] Freeing unused kernel memory: 1484K
[    1.116147] Write protecting the kernel read-only data: 14336k
[    1.120490] Freeing unused kernel memory: 1612K
[    1.123444] Freeing unused kernel memory: 64K
Loading, please wait...
starting version 229
[    1.150894] random: systemd-udevd: uninitialized urandom read (16 bytes read, 3 bits of entropy available)
[    1.152239] random: udevadm: uninitialized urandom read (16 bytes read, 3 bits of entropy available)
[    1.152275] random: udevadm: uninitialized urandom read (16 bytes read, 3 bits of entropy available)
[    1.160965] random: systemd-udevd: uninitialized urandom read (16 bytes read, 3 bits of entropy available)
[    1.164546] random: systemd-udevd: uninitialized urandom read (16 bytes read, 3 bits of entropy available)
[    1.166469] random: udevadm: uninitialized urandom read (16 bytes read, 3 bits of entropy available)
[    1.166521] random: udevadm: uninitialized urandom read (16 bytes read, 3 bits of entropy available)
[    1.166750] random: udevadm: uninitialized urandom read (16 bytes read, 3 bits of entropy available)
[    1.166812] random: udevadm: uninitialized urandom read (16 bytes read, 3 bits of entropy available)
[    1.166871] random: udevadm: uninitialized urandom read (16 bytes read, 3 bits of entropy available)
[    1.211954] e1000: Intel(R) PRO/1000 Network Driver - version 7.3.21-k8-NAPI
[    1.213453] e1000: Copyright (c) 1999-2006 Intel Corporation.
[    1.214842] Fusion MPT base driver 3.04.20
[    1.215629] Copyright (c) 1999-2008 LSI Corporation
[    1.225690] Fusion MPT SPI Host driver 3.04.20
[    1.236188] AVX2 version of gcm_enc/dec engaged.
[    1.237261] AES CTR mode by8 optimization enabled
[    1.446328] input: ImExPS/2 Generic Explorer Mouse as /devices/platform/i8042/serio1/input/input4
[    1.907522] e1000 0000:00:03.0 eth0: (PCI:33MHz:32-bit) 02:c2:66:bb:16:6d
[    1.910704] e1000 0000:00:03.0 eth0: Intel(R) PRO/1000 Network Connection
[    1.914667] mptbase: ioc0: Initiating bringup
[    1.914798] e1000 0000:00:03.0 enp0s3: renamed from eth0
[    1.979108] ioc0: LSI53C1030 A0: Capabilities={Initiator}
[    2.145171] scsi host2: ioc0: LSI53C1030 A0, FwRev=00000000h, Ports=1, MaxQ=256, IRQ=20
[    2.259818] scsi 2:0:0:0: Direct-Access     VBOX     HARDDISK         1.0  PQ: 0 ANSI: 5
[    2.264921] scsi target2:0:0: Beginning Domain Validation
[    2.273385] scsi target2:0:0: Domain Validation skipping write tests
[    2.276785] scsi target2:0:0: Ending Domain Validation
[    2.279771] scsi target2:0:0: asynchronous
[    2.283257] scsi 2:0:1:0: Direct-Access     VBOX     HARDDISK         1.0  PQ: 0 ANSI: 5
[    2.288415] scsi target2:0:1: Beginning Domain Validation
[    2.296976] scsi target2:0:1: Domain Validation skipping write tests
[    2.300369] scsi target2:0:1: Ending Domain Validation
[    2.303006] scsi target2:0:1: asynchronous
[    2.312144] sd 2:0:0:0: [sda] 20971520 512-byte logical blocks: (10.7 GB/10.0 GiB)
[    2.312392] sd 2:0:0:0: Attached scsi generic sg0 type 0
[    2.324647] sd 2:0:0:0: [sda] Write Protect is off
[    2.325008] sd 2:0:1:0: [sdb] 20480 512-byte logical blocks: (10.5 MB/10.0 MiB)
[    2.325074] sd 2:0:1:0: Attached scsi generic sg1 type 0
[    2.325254] sd 2:0:1:0: [sdb] Write Protect is off
[    2.325331] sd 2:0:1:0: [sdb] Incomplete mode parameter data
[    2.325332] sd 2:0:1:0: [sdb] Assuming drive cache: write through
[    2.331757] sd 2:0:0:0: [sda] Incomplete mode parameter data
[    2.333207] sd 2:0:1:0: [sdb] Attached SCSI disk
[    2.334323] sd 2:0:0:0: [sda] Assuming drive cache: write through
[    2.338525]  sda: sda1
[    2.340521] sd 2:0:0:0: [sda] Attached SCSI disk
Begin: Loading essential drivers ... [    3.706237] md: linear personality registered for level -1
[    3.709893] md: multipath personality registered for level -4
[    3.713550] md: raid0 personality registered for level 0
[    3.718211] md: raid1 personality registered for level 1
[    3.791278] raid6: sse2x1   gen()  9221 MB/s
[    3.858622] raid6: sse2x1   xor()  7942 MB/s
[    3.926934] raid6: sse2x2   gen() 10798 MB/s
[    3.995267] raid6: sse2x2   xor()  6760 MB/s
[    4.063579] raid6: sse2x4   gen() 12617 MB/s
[    4.130918] raid6: sse2x4   xor()  9573 MB/s
[    4.199269] raid6: avx2x1   gen() 17371 MB/s
[    4.266568] raid6: avx2x2   gen() 14789 MB/s
[    4.334884] raid6: avx2x4   gen() 22503 MB/s
[    4.335732] raid6: using algorithm avx2x4 gen() 22503 MB/s
[    4.336725] raid6: using avx2x2 recovery algorithm
[    4.339063] xor: automatically using best checksumming function:
[    4.378795]    avx       : 24560.000 MB/sec
[    4.380873] async_tx: api initialized (async)
[    4.391567] md: raid6 personality registered for level 6
[    4.392767] md: raid5 personality registered for level 5
[    4.393809] md: raid4 personality registered for level 4
[    4.401245] md: raid10 personality registered for level 10
done.
Begin: Running /scripts/init-premount ... done.
Begin: Mounting root file system ... Begin: Running /scripts/local-top ... done.
Begin: Running /scripts/local-premount ... [    4.433953] Btrfs loaded
Scanning for Btrfs filesystems
done.
Warning: fsck not present, so skipping root file system
[    4.475312] EXT4-fs (sda1): mounted filesystem with ordered data mode. Opts: (null)
done.
Begin: Running /scripts/local-bottom ... done.
Begin: Running /scripts/init-bottom ... done.
[    4.603990] systemd[1]: systemd 229 running in system mode. (+PAM +AUDIT +SELINUX +IMA +APPARMOR +SMACK +SYSVINIT +UTMP +LIBCRYPTSETUP +GCRYPT +GNUTLS +ACL +XZ -LZ4 +SECCOMP +BLKID +ELFUTILS +KMOD -IDN)
[    4.607126] systemd[1]: Detected virtualization oracle.
[    4.608131] systemd[1]: Detected architecture x86-64.

Welcome to [1mUbuntu 16.04.6 LTS[0m!

[    4.614028] systemd[1]: Set hostname to <ubuntu>.
[    4.619053] systemd[1]: Initializing machine ID from random generator.
[    4.620311] systemd[1]: Installed transient /etc/machine-id file.
[    4.875506] systemd[1]: Started Trigger resolvconf update for networkd DNS.
[[0;32m  OK  [0m] Started Trigger resolvconf update for networkd DNS.
[    4.877653] systemd[1]: Listening on udev Control Socket.
[[0;32m  OK  [0m] Listening on udev Control Socket.
[    4.879625] systemd[1]: Listening on Journal Socket (/dev/log).
[[0;32m  OK  [0m] Listening on Journal Socket (/dev/log).
[    4.881525] systemd[1]: Listening on Journal Socket.
[[0;32m  OK  [0m] Listening on Journal Socket.
[    4.883440] systemd[1]: Created slice User and Session Slice.
[[0;32m  OK  [0m] Created slice User and Session Slice.
[    4.885432] systemd[1]: Set up automount Arbitrary Executable File Formats File System Automount Point.
[[0;32m  OK  [0m] Set up automount Arbitrary Executab...ats File System Automount Point.
[    4.888352] systemd[1]: Listening on /dev/initctl Compatibility Named Pipe.
[[0;32m  OK  [0m] Listening on /dev/initctl Compatibility Named Pipe.
[    4.890557] systemd[1]: Listening on LVM2 metadata daemon socket.
[[0;32m  OK  [0m] Listening on LVM2 metadata daemon socket.
[    4.892522] systemd[1]: Reached target User and Group Name Lookups.
[[0;32m  OK  [0m] Reached target User and Group Name Lookups.
[    4.894914] systemd[1]: Created slice System Slice.
[[0;32m  OK  [0m] Created slice System Slice.
[    4.906990] systemd[1]: Starting Set console keymap...
         Starting Set console keymap...
[    4.909816] systemd[1]: Mounting Debug File System...
         Mounting Debug File System...
[    4.912815] systemd[1]: Starting Nameserver information manager...
         Starting Nameserver information manager...
[    4.915240] systemd[1]: Reached target Slices.
[[0;32m  OK  [0m] Reached target Slices.
[    4.917826] systemd[1]: Mounting Huge Pages File System...
         Mounting Huge Pages File System...
[    4.923415] systemd[1]: Starting Load Kernel Modules...
         Starting Load Kernel Modules...
[    4.925769] systemd[1]: Starting Remount Root and Kernel File Systems...
         Starting Remount Root and Kernel File Systems...
[    4.932177] systemd[1]: Reached target System Time Synchronized.
[[0;32m  OK  [0m] Reached target System Time Synchronized.
[    4.935858] systemd[1]: Starting Uncomplicated firewall...
         Starting Uncomplicated firewall...
[    4.938452] systemd[1]: Listening on Journal Audit Socket.
[[0;32m  OK  [0m] Listening on Journal Audit Socket.
[    4.940947] systemd[1]: Listening on Device-mapper event daemon FIFOs.
[[0;32m  OK  [0m] Listening on Device-mapper event daemon FIFOs.
[    4.944218] systemd[1]: Starting Monitoring of LVM2 mirrors, snapshots etc. using dmeventd or progress polling...
         Starting Monitoring of LVM2 mirrors... dmeventd or progress polling...
[    4.948077] systemd[1]: Listening on Syslog Socket.
[[0;32m  OK  [0m] Listening on Syslog Socket.
[    4.950562] systemd[1]: Starting Journal Service...
         Starting Journal Service...
[    4.953305] systemd[1]: Reached target Encrypted Volumes.
[[0;32m  OK  [0m] Reached target Encrypted Volumes.
[    4.956733] Loading iSCSI transport class v2.0-870.
[    4.957782] systemd[1]: Reached target Swap.
[[0;32m  OK  [0m] Reached target Swap.
[    4.959850] systemd[1]: Created slice system-serial\x2dgetty.slice.
[    4.962563] EXT4-fs (sda1): re-mounted. Opts: (null)
[[0;32m  OK  [0m] Created slice system-serial\x2dgetty.slice.
[    4.970298] systemd[1]: Listening on udev Kernel Socket.
[[0;32m  OK  [0m] Listening on udev Kernel Socket.
[    4.973209] systemd[1]: Starting Create list of required static device nodes for the current kernel...
[    4.975123] iscsi: registered transport (tcp)
         Starting Create list of required st... nodes for the current kernel...
[    4.977279] systemd[1]: Listening on LVM2 poll daemon socket.
[[0;32m  OK  [0m] Listening on LVM2 poll daemon socket.
[    4.986932] systemd[1]: Started Forward Password Requests to Wall Directory Watch.
[[0;32m  OK  [0m] Started Forward Password Requests to Wall Directory Watch.
[    4.994393] systemd[1]: Mounting POSIX Message Queue File System...
         Mounting POSIX Message Queue File System...
[    5.003942] systemd[1]: Mounted Huge Pages File System.
[[0;32m  OK  [0m] Mounted Huge Pages File System.
[    5.006174] systemd[1]: Mounted Debug File System.
[[0;32m  OK  [0m] Mounted Debug File System.
[    5.008346] systemd[1]: Mounted POSIX Message Queue File System.
[[0;32m  OK  [0m] Mounted POSIX Message Queue File System.
[    5.015354] systemd[1]: Started Set console keymap.
[[0;32m  OK  [0m] Started Set console keymap.
[    5.019894] systemd[1]: Started Remount Root and Kernel File Systems.
[[0;32m  OK  [0m] Started Remount Root and Kernel File Systems.
[    5.023742] systemd[1]: Started Uncomplicated firewall.
[[0;32m  OK  [0m] Started Uncomplicated firewall.
[    5.027232] systemd[1]: Started Create list of required static device nodes for the current kernel.
[[0;32m  OK  [0m] Started Create list of required sta...ce nodes for the current kernel.
[    5.034084] systemd[1]: Started Nameserver information manager.
[[0;32m  OK  [0m] Started Nameserver information manager.
[    5.045062] systemd[1]: Started Journal Service.
[[0;32m  OK  [0m] Started Journal Service.
[    5.060591] iscsi: registered transport (iser)
[[0;32m  OK  [0m] Started Load Kernel Modules.
         Starting Apply Kernel Variables...
         Mounting FUSE Control File System...
[[0;32m  OK  [0m] Started LVM2 metadata daemon.
         Starting Create Static Device Nodes in /dev...
         Starting Load/Save Random Seed...
         Starting udev Coldplug all Devices...
         Starting Flush Journal to Persistent Storage...
[[0;32m  OK  [0m] Mounted FUSE Control File System.
[[0;32m  OK  [0m] Started Apply Kernel Variables.
[[0;32m  OK  [0m] Started Load/Save Random Seed.
[[0;32m  OK  [0m] Started Create Static Device Nodes in /dev.
[[0;32m  OK  [0m] Started Flush Journal to Persistent Storage.
         Starting udev Kernel Device Manager...
[[0;32m  OK  [0m] Started udev Coldplug all Devices.
[[0;32m  OK  [0m] Started udev Kernel Device Manager.
[[0;32m  OK  [0m] Started Dispatch Password Requests to Console Directory Watch.
[[0;32m  OK  [0m] Found device /dev/ttyS0.
[[0;32m  OK  [0m] Started Monitoring of LVM2 mirrors,...ng dmeventd or progress polling.
[[0;32m  OK  [0m] Reached target Local File Systems (Pre).
[[0;32m  OK  [0m] Reached target Local File Systems.
         Starting Create Volatile Files and Directories...
         Starting Set console font and keymap...
         Starting Initial cloud-init job (pre-networking)...
         Starting Commit a transient machine-id on disk...
         Starting LSB: AppArmor initialization...
         Starting Tell Plymouth To Write Out Runtime Data...
[[0;32m  OK  [0m] Started Create Volatile Files and Directories.
[[0;32m  OK  [0m] Listening on Load/Save RF Kill Switch Status /dev/rfkill Watch.
         Starting Update UTMP about System Boot/Shutdown...
[[0;32m  OK  [0m] Started Commit a transient machine-id on disk.
[[0;32m  OK  [0m] Started Tell Plymouth To Write Out Runtime Data.
[[0;32m  OK  [0m] Started Update UTMP about System Boot/Shutdown.
[[0;32m  OK  [0m] Started LSB: AppArmor initialization.
[    6.741202] cloud-init[510]: Cloud-init v. 19.1-1-gbaa47854-0ubuntu1~16.04.1 running 'init-local' at Wed, 31 Jul 2019 15:48:55 +0000. Up 6.31 seconds.
[[0;32m  OK  [0m] Started Initial cloud-init job (pre-networking).
[[0;32m  OK  [0m] Reached target Network (Pre).
         Starting Raise network interfaces...
[[0;32m  OK  [0m] Started Set console font and keymap.
[[0;32m  OK  [0m] Created slice system-getty.slice.
[[0;32m  OK  [0m] Started Raise network interfaces.
         Starting Initial cloud-init job (metadata service crawler)...
[[0;32m  OK  [0m] Reached target Network.
[    8.140243] cloud-init[957]: Cloud-init v. 19.1-1-gbaa47854-0ubuntu1~16.04.1 running 'init' at Wed, 31 Jul 2019 15:48:56 +0000. Up 7.38 seconds.
[    8.142043] cloud-init[957]: ci-info: ++++++++++++++++++++++++++++++++++++++Net device info++++++++++++++++++++++++++++++++++++++
[    8.143772] cloud-init[957]: ci-info: +--------+------+----------------------------+---------------+--------+-------------------+
[    8.145788] cloud-init[957]: ci-info: | Device |  Up  |          Address           |      Mask     | Scope  |     Hw-Address    |
[    8.152412] cloud-init[957]: ci-info: +--------+------+----------------------------+---------------+--------+-------------------+
[    8.154161] cloud-init[957]: ci-info: | enp0s3 | True |         10.0.2.15          | 255.255.255.0 | global | 02:c2:66:bb:16:6d |
[    8.155958] cloud-init[957]: ci-info: | enp0s3 | True | fe80::c2:66ff:febb:166d/64 |       .       |  link  | 02:c2:66:bb:16:6d |
[    8.157701] cloud-init[957]: ci-info: |   lo   | True |         127.0.0.1          |   255.0.0.0   |  host  |         .         |
[    8.159452] cloud-init[957]: ci-info: |   lo   | True |          ::1/128           |       .       |  host  |         .         |
[    8.160850] cloud-init[957]: ci-info: +--------+------+----------------------------+---------------+--------+-------------------+
[    8.163750] cloud-init[957]: ci-info: +++++++++++++++++++++++++++Route IPv4 info++++++++++++++++++++++++++++
[    8.165136] cloud-init[957]: ci-info: +-------+-------------+----------+---------------+-----------+-------+
[    8.167669] cloud-init[957]: ci-info: | Route | Destination | Gateway  |    Genmask    | Interface | Flags |
[    8.169501] cloud-init[957]: ci-info: +-------+-------------+----------+---------------+-----------+-------+
[    8.171268] cloud-init[957]: ci-info: |   0   |   0.0.0.0   | 10.0.2.2 |    0.0.0.0    |   enp0s3  |   UG  |
[    8.180489] cloud-init[957]: ci-info: |   1   |   10.0.2.0  | 0.0.0.0  | 255.255.255.0 |   enp0s3  |   U   |
[    8.182008] cloud-init[957]: ci-info: +-------+-------------+----------+---------------+-----------+-------+
[    8.183570] cloud-init[957]: ci-info: +++++++++++++++++++Route IPv6 info+++++++++++++++++++
[    8.186006] cloud-init[957]: ci-info: +-------+-------------+---------+-----------+-------+
[    8.186172] cloud-init[957]: ci-info: | Route | Destination | Gateway | Interface | Flags |
[[0;32m  OK  [0m] Started Initial cloud-init job (metadata service crawler).
[    8.186349] cloud-init[957]: ci-info: +-------+-------------+---------+-----------+-------+
[    8.189158] cloud-init[957]: ci-info: |   0   |  fe80::/64  |    ::   |   enp0s3  |   U   |
[    8.190355] cloud-init[957]: ci-info: |   3   |   ff00::/8  |    ::   |   enp0s3  |   U   |
[    8.191646] cloud-init[957]: ci-info: +-------+-------------+---------+-----------+-------+
[[0;32m  OK  [0m[    8.193064] cloud-init[957]: Generating public/private rsa key pair.
[    8.193307] cloud-init[957]: Your identification has been saved in /etc/ssh/ssh_host_rsa_key.
[    8.193809] cloud-init[957]: Your public key has been saved in /etc/ssh/ssh_host_rsa_key.pub.
[    8.194122] cloud-init[957]: The key fingerprint is:
[    8.194448] cloud-init[957]: SHA256:EMuqt8jzbXclRaCsnwU5zN5G9ndM6d9cAe/h7cz9Omo root@ubuntu-xenial
[    8.194978] cloud-init[957]: The key's randomart image is:
[    8.195283] cloud-init[957]: +---[RSA 2048]----+
[    8.195775] cloud-init[957]: |      .   .. .   |
] Reached target System Initialization.
[    8.196558] cloud-init[957]: |     . * o  . o .|
[    8.199353] cloud-init[957]: |      + O o.   =.|
[    8.199831] cloud-init[957]: |     . + * .. +o+|
[    8.200495] cloud-init[957]: |    . . S +.. .+=|
[    8.200800] cloud-init[957]: |   .   . +. .. *=|
[    8.201117] cloud-init[957]: |  . .   o  o    O|
[    8.201439] cloud-init[957]: | ..o o. . . E . .|
[    8.201962] cloud-init[957]: |  ooo... . ....o.|
[    8.202279] cloud-init[957]: +----[SHA256]-----+
[    8.202462] cloud-init[957]: Generating public/private dsa key pair.
[    8.202774] cloud-init[957]: Your identification has been saved in /etc/ssh/ssh_host_dsa_key.
[    8.203096] cloud-init[957]: Your public key has been saved in /etc/ssh/ssh_host_dsa_key.pub.
[    8.203452] cloud-init[957]: The key fingerprint is:
[    8.203775] cloud-init[957]: SHA256:rzrUxwWRt0BIvC3H8c8BH2flCU9NJPM6yCTfsbdaut0 root@ubuntu-xenial
[    8.204599] cloud-init[957]: The key's randomart image is:
[    8.204905] cloud-init[957]: +---[DSA 1024]----+
[    8.205234] cloud-init[957]: |       o.ooo .o+*|
[    8.205581] cloud-init[957]: |        o = o ===|
[    8.205893] cloud-init[957]: |         +.*.+.*o|
[    8.206212] cloud-init[957]: |        o +=+oo+ |
[    8.206575] cloud-init[957]: |       .S+ .+o=..|
[    8.206885] cloud-init[957]: |      . ..o   oo.|
[    8.207207] cloud-init[957]: |     .   ..    o |
[    8.207376] cloud-init[957]: |      .  .    = .|
[    8.207722] cloud-init[957]: |      .o.    +..E|
[    8.208380] cloud-init[957]: +----[SHA256]-----+
[    8.208689] cloud-init[957]: Generating public/private ecdsa key pair.
[    8.209011] cloud-init[957]: Your identification has been saved in /etc/ssh/ssh_host_ecdsa_key.
[    8.209519] cloud-init[957]: Your public key has been saved in /etc/ssh/ssh_host_ecdsa_key.pub.
[    8.209828] cloud-init[957]: The key fingerprint is:
[    8.210149] cloud-init[957]: SHA256:rNTcTuqMAt3yk1AmMKJ6v68wkkryL1MLqJ52KGo0V3k root@ubuntu-xenial
[    8.210641] cloud-init[957]: The key's randomart image is:
[    8.210957] cloud-init[957]: +---[ECDSA 256]---+
[    8.211446] cloud-init[957]: |                 |
[    8.211770] cloud-init[957]: |. o              |
[    8.212263] cloud-init[957]: |.. o  .          |
[    8.212570] cloud-init[957]: |.   .ooE .       |
[    8.212889] cloud-init[957]: |.. ..=o S o      |
[    8.213225] cloud-init[957]: |o++.=... +       |
[    8.213535] cloud-init[957]: |*o*= =... .      |
[    8.213855] cloud-init[957]: |**+++ ++         |
[    8.214184] cloud-init[957]: |Ooo++=o.o        |
[    8.214496] cloud-init[957]: +----[SHA256]-----+
[    8.214816] cloud-init[957]: Generating public/private ed25519 key pair.
[    8.215337] cloud-init[957]: Your identification has been saved in /etc/ssh/ssh_host_ed25519_key.
[    8.215650] cloud-init[957]: Your public key has been saved in /etc/ssh/ssh_host_ed25519_key.pub.
[    8.215965] cloud-init[957]: The key fingerprint is:
[    8.216470] cloud-init[957]: SHA256:+OD7FmFuzkHQsxn500rbQn8FnFlU2He/l72FhgafMsg root@ubuntu-xenial
[    8.216780] cloud-init[957]: The key's randomart image is:
[    8.217267] cloud-init[957]: +--[ED25519 256]--+
[    8.217577] cloud-init[957]: |       . .   . B=|
[    8.217897] cloud-init[957]: |      . =     * +|
[    8.218246] cloud-init[957]: |       . * .   .+|
[    8.218565] cloud-init[957]: |       .* * .   o|
[    8.218895] cloud-init[957]: |      o=S= O o o+|
[    8.219257] cloud-init[957]: |     . oE * B +o+|
[    8.219581] cloud-init[957]: |      .+.o = o  +|
[    8.219917] cloud-init[957]: |       .+      . |
[    8.220410] cloud-init[957]: |      .o.        |
[    8.220747] cloud-init[957]: +----[SHA256]-----+
[[0;32m  OK  [0m] Listening on D-Bus System Message Bus Socket.
[[0;32m  OK  [0m] Started Daily Cleanup of Temporary Directories.
[[0;32m  OK  [0m] Listening on UUID daemon activation socket.
[[0;32m  OK  [0m] Started ACPI Events Check.
[[0;32m  OK  [0m] Reached target Paths.
         Starting LXD - unix socket.
[[0;32m  OK  [0m] Listening on ACPID Listen Socket.
         Starting Socket activation for snappy daemon.
[[0;32m  OK  [0m] Started Daily apt download activities.
[[0;32m  OK  [0m] Started Daily apt upgrade and clean activities.
[[0;32m  OK  [0m] Reached target Timers.
[[0;32m  OK  [0m] Reached target Network is Online.
         Starting iSCSI initiator daemon (iscsid)...
[[0;32m  OK  [0m] Reached target Cloud-config availability.
[[0;32m  OK  [0m] Listening on LXD - unix socket.
[[0;32m  OK  [0m] Listening on Socket activation for snappy daemon.
[[0;32m  OK  [0m] Reached target Sockets.
[[0;32m  OK  [0m] Reached target Basic System.
[[0;32m  OK  [0m] Started D-Bus System Message Bus.
         Starting LSB: MD monitoring daemon...
         Starting Snappy daemon...
         Starting LSB: Record successful boot for GRUB...
         Starting Virtualbox guest utils...
         Starting Pollinate to seed the pseudo random number generator...
         Starting /etc/rc.local Compatibility...
[[0;32m  OK  [0m] Started FUSE filesystem for LXC.
         Starting Login Service...
         Starting Accounts Service...
         Starting System Logging Service...
         Starting LXD - container startup/shutdown...
[[0;32m  OK  [0m] Started ACPI event daemon.
[[0;32m  OK  [0m] Started Deferred execution scheduler.
[[0;32m  OK  [0m] Started Regular background program processing daemon.
[[0;32m  OK  [0m] Started /etc/rc.local Compatibility.
[[0;32m  OK  [0m] Started iSCSI initiator daemon (iscsid).
[[0;32m  OK  [0m] Started LSB: MD monitoring daemon.
         Starting Login to default iSCSI targets...
[[0;32m  OK  [0m] Started System Logging Service.
[[0;32m  OK  [0m] Started Login Service.
[[0;32m  OK  [0m] Started Unattended Upgrades Shutdown.
[[0;32m  OK  [0m] Started LSB: Record successful boot for GRUB.
[[0;32m  OK  [0m] Started Login to default iSCSI targets.
[[0;32m  OK  [0m] Reached target Remote File Systems (Pre).
[[0;32m  OK  [0m] Reached target Remote File Systems.
         Starting LSB: daemon to balance interrupts for SMP systems...
         Starting LSB: automatic crash report generation...
         Starting LSB: Set the CPU Frequency Scaling governor to "ondemand"...
         Starting Permit User Sessions...
[[0;32m  OK  [0m] Started Permit User Sessions.
         Starting Authenticate and Authorize Users to Run Privileged Tasks...
         Starting Hold until boot process finishes up...
         Starting Terminate Plymouth Boot Screen...
[[0;32m  OK  [0m] Started Terminate Plymouth Boot Screen.
[[0;32m  OK  [0m] Started LSB: Set the CPU Frequency Scaling governor to "ondemand".
[[0;32m  OK  [0m] Started Hold until boot process finishes up.
[[0;32m  OK  [0m] Started Getty on tty1.
[[0;32m  OK  [0m] Started Serial Getty on ttyS0.
[[0;32m  OK  [0m] Reached target Login Prompts.
         Starting Set console scheme...
[[0;32m  OK  [0m] Started Virtualbox guest utils.
[[0;32m  OK  [0m] Started LSB: automatic crash report generation.
[[0;32m  OK  [0m] Started LSB: daemon to balance interrupts for SMP systems.
[[0;32m  OK  [0m] Started Set console scheme.
[[0;32m  OK  [0m] Started Authenticate and Authorize Users to Run Privileged Tasks.
[[0;32m  OK  [0m] Started Accounts Service.
[[0;32m  OK  [0m] Started LXD - container startup/shutdown.
[[0;32m  OK  [0m] Started Pollinate to seed the pseudo random number generator.
         Starting OpenBSD Secure Shell server...
[[0;32m  OK  [0m] Started Snappy daemon.
         Starting Wait until snapd is fully seeded...
[[0;32m  OK  [0m] Started OpenBSD Secure Shell server.
[[0;32m  OK  [0m] Started Wait until snapd is fully seeded.
         Starting Apply the settings specified in cloud-config...
[[0;32m  OK  [0m] Reached target Multi-User System.
[[0;32m  OK  [0m] Reached target Graphical Interface.
         Starting Update UTMP about System Runlevel Changes...
[[0;32m  OK  [0m] Started Update UTMP about System Runlevel Changes.
[   10.003050] cloud-init[1314]: Generating locales (this might take a while)...
[   10.799248] cloud-init[1314]:   en_US.UTF-8... done
[   10.804674] cloud-init[1314]: Generation complete.
[   11.085978] cloud-init[1314]: Cloud-init v. 19.1-1-gbaa47854-0ubuntu1~16.04.1 running 'modules:config' at Wed, 31 Jul 2019 15:48:58 +0000. Up 9.90 seconds.
[[0;32m  OK  [0m] Started Apply the settings specified in cloud-config.
         Starting Execute cloud user/final scripts...
ci-info: no authorized ssh keys fingerprints found for user ubuntu.
<14>Jul 31 15:49:00 ec2: 
<14>Jul 31 15:49:00 ec2: #############################################################
<14>Jul 31 15:49:00 ec2: -----BEGIN SSH HOST KEY FINGERPRINTS-----
<14>Jul 31 15:49:00 ec2: 1024 SHA256:rzrUxwWRt0BIvC3H8c8BH2flCU9NJPM6yCTfsbdaut0 root@ubuntu-xenial (DSA)
<14>Jul 31 15:49:00 ec2: 256 SHA256:rNTcTuqMAt3yk1AmMKJ6v68wkkryL1MLqJ52KGo0V3k root@ubuntu-xenial (ECDSA)
<14>Jul 31 15:49:00 ec2: 256 SHA256:+OD7FmFuzkHQsxn500rbQn8FnFlU2He/l72FhgafMsg root@ubuntu-xenial (ED25519)
<14>Jul 31 15:49:00 ec2: 2048 SHA256:EMuqt8jzbXclRaCsnwU5zN5G9ndM6d9cAe/h7cz9Omo root@ubuntu-xenial (RSA)
<14>Jul 31 15:49:00 ec2: -----END SSH HOST KEY FINGERPRINTS-----
<14>Jul 31 15:49:00 ec2: #############################################################
-----BEGIN SSH HOST KEY KEYS-----
ecdsa-sha2-nistp256 AAAAE2VjZHNhLXNoYTItbmlzdHAyNTYAAAAIbmlzdHAyNTYAAABBBA1VCtFP6gWbfw0AHql76I0Ri6OPJcLGAEmwGvLVJLMPJqAATzkIxt9z7vcL0qZP9is7+4wgoIL/76NwMWtSBkM= root@ubuntu-xenial
ssh-ed25519 AAAAC3NzaC1lZDI1NTE5AAAAIOxKHLIncGZkIx4983atAqFQXxfIroV3k5kbAJasLxcw root@ubuntu-xenial
ssh-rsa AAAAB3NzaC1yc2EAAAADAQABAAABAQDS1Kvx226UQinkdj0TQzQWvV7voMreQ4xtNeg0FuI2r2jL+n6qr2oncKh0eBZj+2ck6zBj1wVHo9aoaO19ICxHHSsGnK+2eGcRBjnGyeH686TflZlS6db/Voe8CUxw8hWEhvY7WpKZxT89CJK+aY9JFvkreXK0Ti3iJXJKr8fca+8VPVdD4+zLPygX/qXqkPsou0ENQs6rgXkoPNofkNdCi3iKiSRpQX8wx9M5bOmP9YvZqYjlerPykQGJ74bNvX7kDO2CoI8OU6HlsHJyTGpXSfc1tL5Esb+jqBG5jmpMSg89ekGsaKrvFQYeqH9Ne4swqWas5f7LlJXLVUUlTYKH root@ubuntu-xenial
-----END SSH HOST KEY KEYS-----
[   11.545574] cloud-init[1357]: Cloud-init v. 19.1-1-gbaa47854-0ubuntu1~16.04.1 running 'modules:final' at Wed, 31 Jul 2019 15:49:00 +0000. Up 11.40 seconds.
[   11.548967] cloud-init[1357]: ci-info: no authorized ssh keys fingerprints found for user ubuntu.
[   11.550958] cloud-init[1357]: Cloud-init v. 19.1-1-gbaa47854-0ubuntu1~16.04.1 finished at Wed, 31 Jul 2019 15:49:00 +0000. Datasource DataSourceNoCloud [seed=/dev/sdb][dsmode=net].  Up 11.53 seconds
[[0;32m  OK  [0m] Started Execute cloud user/final scripts.
[[0;32m  OK  [0m] Reached target Cloud-init target.

Ubuntu 16.04.6 LTS ubuntu-xenial ttyS0

ubuntu-xenial login: 