[    0.000000] Initializing cgroup subsys cpuset
[    0.000000] Initializing cgroup subsys cpu
[    0.000000] Initializing cgroup subsys cpuacct
[    0.000000] Linux version 4.4.0-157-generic (buildd@lgw01-amd64-037) (gcc version 5.4.0 20160609 (Ubuntu 5.4.0-6ubuntu1~16.04.10) ) #185-Ubuntu SMP Tue Jul 23 09:17:01 UTC 2019 (Ubuntu 4.4.0-157.185-generic 4.4.181)
[    0.000000] Command line: BOOT_IMAGE=/boot/vmlinuz-4.4.0-157-generic root=LABEL=cloudimg-rootfs ro console=tty1 console=ttyS0
[    0.000000] KERNEL supported cpus:
[    0.000000]   Intel GenuineIntel
[    0.000000]   AMD AuthenticAMD
[    0.000000]   Centaur CentaurHauls
[    0.000000] x86/fpu: xstate_offset[2]:  576, xstate_sizes[2]:  256
[    0.000000] x86/fpu: Supporting XSAVE feature 0x01: 'x87 floating point registers'
[    0.000000] x86/fpu: Supporting XSAVE feature 0x02: 'SSE registers'
[    0.000000] x86/fpu: Supporting XSAVE feature 0x04: 'AVX registers'
[    0.000000] x86/fpu: Enabled xstate features 0x7, context size is 832 bytes, using 'standard' format.
[    0.000000] e820: BIOS-provided physical RAM map:
[    0.000000] BIOS-e820: [mem 0x0000000000000000-0x000000000009fbff] usable
[    0.000000] BIOS-e820: [mem 0x000000000009fc00-0x000000000009ffff] reserved
[    0.000000] BIOS-e820: [mem 0x00000000000f0000-0x00000000000fffff] reserved
[    0.000000] BIOS-e820: [mem 0x0000000000100000-0x000000001ffeffff] usable
[    0.000000] BIOS-e820: [mem 0x000000001fff0000-0x000000001fffffff] ACPI data
[    0.000000] BIOS-e820: [mem 0x00000000fec00000-0x00000000fec00fff] reserved
[    0.000000] BIOS-e820: [mem 0x00000000fee00000-0x00000000fee00fff] reserved
[    0.000000] BIOS-e820: [mem 0x00000000fffc0000-0x00000000ffffffff] reserved
[    0.000000] NX (Execute Disable) protection: active
[    0.000000] SMBIOS 2.5 present.
[    0.000000] Hypervisor detected: KVM
[    0.000000] e820: last_pfn = 0x1fff0 max_arch_pfn = 0x400000000
[    0.000000] MTRR: Disabled
[    0.000000] x86/PAT: MTRRs disabled, skipping PAT initialization too.
[    0.000000] CPU MTRRs all blank - virtualized system.
[    0.000000] x86/PAT: Configuration [0-7]: WB  WT  UC- UC  WB  WT  UC- UC  
[    0.000000] found SMP MP-table at [mem 0x0009fff0-0x0009ffff] mapped at [ffff88000009fff0]
[    0.000000] Scanning 1 areas for low memory corruption
[    0.000000] RAMDISK: [mem 0x1e8af000-0x1f728fff]
[    0.000000] ACPI: Early table checksum verification disabled
[    0.000000] ACPI: RSDP 0x00000000000E0000 000024 (v02 VBOX  )
[    0.000000] ACPI: XSDT 0x000000001FFF0030 00003C (v01 VBOX   VBOXXSDT 00000001 ASL  00000061)
[    0.000000] ACPI: FACP 0x000000001FFF00F0 0000F4 (v04 VBOX   VBOXFACP 00000001 ASL  00000061)
[    0.000000] ACPI: DSDT 0x000000001FFF0470 0022EA (v02 VBOX   VBOXBIOS 00000002 INTL 20100528)
[    0.000000] ACPI: FACS 0x000000001FFF0200 000040
[    0.000000] ACPI: FACS 0x000000001FFF0200 000040
[    0.000000] ACPI: APIC 0x000000001FFF0240 00005C (v02 VBOX   VBOXAPIC 00000001 ASL  00000061)
[    0.000000] ACPI: SSDT 0x000000001FFF02A0 0001CC (v01 VBOX   VBOXCPUT 00000002 INTL 20100528)
[    0.000000] No NUMA configuration found
[    0.000000] Faking a node at [mem 0x0000000000000000-0x000000001ffeffff]
[    0.000000] NODE_DATA(0) allocated [mem 0x1ffeb000-0x1ffeffff]
[    0.000000] kvm-clock: Using msrs 4b564d01 and 4b564d00
[    0.000000] kvm-clock: cpu 0, msr 0:1ffe3001, primary cpu clock
[    0.000000] kvm-clock: using sched offset of 3468281352 cycles
[    0.000000] clocksource: kvm-clock: mask: 0xffffffffffffffff max_cycles: 0x1cd42e4dffb, max_idle_ns: 881590591483 ns
[    0.000000] Zone ranges:
[    0.000000]   DMA      [mem 0x0000000000001000-0x0000000000ffffff]
[    0.000000]   DMA32    [mem 0x0000000001000000-0x000000001ffeffff]
[    0.000000]   Normal   empty
[    0.000000]   Device   empty
[    0.000000] Movable zone start for each node
[    0.000000] Early memory node ranges
[    0.000000]   node   0: [mem 0x0000000000001000-0x000000000009efff]
[    0.000000]   node   0: [mem 0x0000000000100000-0x000000001ffeffff]
[    0.000000] Initmem setup node 0 [mem 0x0000000000001000-0x000000001ffeffff]
[    0.000000] ACPI: PM-Timer IO Port: 0x4008
[    0.000000] IOAPIC[0]: apic_id 2, version 32, address 0xfec00000, GSI 0-23
[    0.000000] ACPI: INT_SRC_OVR (bus 0 bus_irq 0 global_irq 2 dfl dfl)
[    0.000000] ACPI: INT_SRC_OVR (bus 0 bus_irq 9 global_irq 9 low level)
[    0.000000] Using ACPI (MADT) for SMP configuration information
[    0.000000] smpboot: Allowing 2 CPUs, 0 hotplug CPUs
[    0.000000] PM: Registered nosave memory: [mem 0x00000000-0x00000fff]
[    0.000000] PM: Registered nosave memory: [mem 0x0009f000-0x0009ffff]
[    0.000000] PM: Registered nosave memory: [mem 0x000a0000-0x000effff]
[    0.000000] PM: Registered nosave memory: [mem 0x000f0000-0x000fffff]
[    0.000000] e820: [mem 0x20000000-0xfebfffff] available for PCI devices
[    0.000000] Booting paravirtualized kernel on KVM
[    0.000000] clocksource: refined-jiffies: mask: 0xffffffff max_cycles: 0xffffffff, max_idle_ns: 7645519600211568 ns
[    0.000000] setup_percpu: NR_CPUS:512 nr_cpumask_bits:512 nr_cpu_ids:2 nr_node_ids:1
[    0.000000] PERCPU: Embedded 34 pages/cpu @ffff88001fc00000 s99544 r8192 d31528 u1048576
[    0.000000] Built 1 zonelists in Node order, mobility grouping on.  Total pages: 128888
[    0.000000] Policy zone: DMA32
[    0.000000] Kernel command line: BOOT_IMAGE=/boot/vmlinuz-4.4.0-157-generic root=LABEL=cloudimg-rootfs ro console=tty1 console=ttyS0
[    0.000000] PID hash table entries: 2048 (order: 2, 16384 bytes)
[    0.000000] Memory: 481656K/523832K available (8618K kernel code, 1335K rwdata, 4032K rodata, 1484K init, 1284K bss, 42176K reserved, 0K cma-reserved)
[    0.000000] SLUB: HWalign=64, Order=0-3, MinObjects=0, CPUs=2, Nodes=1
[    0.000000] Kernel/User page tables isolation: enabled
[    0.000000] Hierarchical RCU implementation.
[    0.000000] 	Build-time adjustment of leaf fanout to 64.
[    0.000000] 	RCU restricting CPUs from NR_CPUS=512 to nr_cpu_ids=2.
[    0.000000] RCU: Adjusting geometry for rcu_fanout_leaf=64, nr_cpu_ids=2
[    0.000000] NR_IRQS:33024 nr_irqs:440 16
[    0.000000] Console: colour VGA+ 80x25
[    0.000000] console [tty1] enabled
[    0.000000] console [ttyS0] enabled
[    0.000000] tsc: Detected 2712.006 MHz processor
[    0.135732] Calibrating delay loop (skipped) preset value.. 5424.01 BogoMIPS (lpj=10848024)
[    0.137363] pid_max: default: 32768 minimum: 301
[    0.138230] ACPI: Core revision 20150930
[    0.139901] ACPI: 2 ACPI AML tables successfully acquired and loaded
[    0.141292] Security Framework initialized
[    0.142194] Yama: becoming mindful.
[    0.142989] AppArmor: AppArmor initialized
[    0.143900] Dentry cache hash table entries: 65536 (order: 7, 524288 bytes)
[    0.145299] Inode-cache hash table entries: 32768 (order: 6, 262144 bytes)
[    0.146623] Mount-cache hash table entries: 1024 (order: 1, 8192 bytes)
[    0.147878] Mountpoint-cache hash table entries: 1024 (order: 1, 8192 bytes)
[    0.149268] Initializing cgroup subsys io
[    0.150123] Initializing cgroup subsys memory
[    0.151023] Initializing cgroup subsys devices
[    0.151958] Initializing cgroup subsys freezer
[    0.152870] Initializing cgroup subsys net_cls
[    0.153779] Initializing cgroup subsys perf_event
[    0.154723] Initializing cgroup subsys net_prio
[    0.155616] Initializing cgroup subsys hugetlb
[    0.156530] Initializing cgroup subsys pids
[    0.159204] mce: CPU supports 0 MCE banks
[    0.160140] Last level iTLB entries: 4KB 64, 2MB 8, 4MB 8
[    0.161172] Last level dTLB entries: 4KB 64, 2MB 0, 4MB 0, 1GB 4
[    0.162292] Spectre V2 : Mitigation: Full generic retpoline
[    0.163352] Spectre V2 : Spectre v2 / SpectreRSB mitigation: Filling RSB on context switch
[    0.165011] Speculative Store Bypass: Vulnerable
[    0.166009] MDS: Vulnerable: Clear CPU buffers attempted, no microcode
[    0.170250] Freeing SMP alternatives memory: 36K
[    0.177320] ftrace: allocating 32312 entries in 127 pages
[    0.256669] smpboot: APIC(0) Converting physical 0 to logical package 0
[    0.258213] smpboot: Max logical packages: 1
[    0.260166] x2apic enabled
[    0.261434] Switched APIC routing to physical x2apic.
[    0.264543] ..TIMER: vector=0x30 apic1=0 pin1=2 apic2=-1 pin2=-1
[    0.371527] smpboot: CPU0: Intel(R) Core(TM) i5-7200U CPU @ 2.50GHz (family: 0x6, model: 0x8e, stepping: 0x9)
[    0.373759] Performance Events: unsupported p6 CPU model 142 no PMU driver, software events only.
[    0.386475] KVM setup paravirtual spinlock
[    0.388044] x86: Booting SMP configuration:
[    0.388949] .... node  #0, CPUs:      #1
[    0.389952] kvm-clock: cpu 1, msr 0:1ffe3041, secondary cpu clock
[    0.392382] mce: CPU supports 0 MCE banks
[    0.394872] x86: Booted up 1 node, 2 CPUs
[    0.396010] smpboot: Total of 2 processors activated (10848.02 BogoMIPS)
[    0.400608] devtmpfs: initialized
[    0.403150] evm: security.selinux
[    0.403949] evm: security.SMACK64
[    0.404699] evm: security.SMACK64EXEC
[    0.405489] evm: security.SMACK64TRANSMUTE
[    0.406654] evm: security.SMACK64MMAP
[    0.407458] evm: security.ima
[    0.408184] evm: security.capability
[    0.409247] clocksource: jiffies: mask: 0xffffffff max_cycles: 0xffffffff, max_idle_ns: 7645041785100000 ns
[    0.411065] futex hash table entries: 512 (order: 3, 32768 bytes)
[    0.412458] pinctrl core: initialized pinctrl subsystem
[    0.413598] RTC time:  9:45:31, date: 08/01/19
[    0.414705] NET: Registered protocol family 16
[    0.425504] cpuidle: using governor ladder
[    0.438367] cpuidle: using governor menu
[    0.439456] PCCT header not found.
[    0.440461] ACPI: bus type PCI registered
[    0.441489] acpiphp: ACPI Hot Plug PCI Controller Driver version: 0.5
[    0.443066] PCI: Using configuration type 1 for base access
[    0.457815] ACPI: Added _OSI(Module Device)
[    0.458957] ACPI: Added _OSI(Processor Device)
[    0.460171] ACPI: Added _OSI(3.0 _SCP Extensions)
[    0.461419] ACPI: Added _OSI(Processor Aggregator Device)
[    0.463589] ACPI: Executed 1 blocks of module-level executable AML code
[    0.467584] ACPI: Interpreter enabled
[    0.468706] ACPI: (supports S0 S5)
[    0.469625] ACPI: Using IOAPIC for interrupt routing
[    0.471058] PCI: Using host bridge windows from ACPI; if necessary, use "pci=nocrs" and report a bug
[    0.477898] ACPI: PCI Root Bridge [PCI0] (domain 0000 [bus 00-ff])
[    0.479318] acpi PNP0A03:00: _OSC: OS supports [ASPM ClockPM Segments MSI]
[    0.481271] acpi PNP0A03:00: _OSC: not requesting OS control; OS requires [ExtendedConfig ASPM ClockPM MSI]
[    0.483306] acpi PNP0A03:00: fail to add MMCONFIG information, can't access extended PCI configuration space under this bridge.
[    0.486032] PCI host bridge to bus 0000:00
[    0.486951] pci_bus 0000:00: root bus resource [io  0x0000-0x0cf7 window]
[    0.488246] pci_bus 0000:00: root bus resource [io  0x0d00-0xffff window]
[    0.489518] pci_bus 0000:00: root bus resource [mem 0x000a0000-0x000bffff window]
[    0.491061] pci_bus 0000:00: root bus resource [mem 0x20000000-0xfdffffff window]
[    0.492692] pci_bus 0000:00: root bus resource [bus 00-ff]
[    0.496084] pci 0000:00:01.1: legacy IDE quirk: reg 0x10: [io  0x01f0-0x01f7]
[    0.497449] pci 0000:00:01.1: legacy IDE quirk: reg 0x14: [io  0x03f6]
[    0.498643] pci 0000:00:01.1: legacy IDE quirk: reg 0x18: [io  0x0170-0x0177]
[    0.499957] pci 0000:00:01.1: legacy IDE quirk: reg 0x1c: [io  0x0376]
[    0.514543] pci 0000:00:07.0: quirk: [io  0x4000-0x403f] claimed by PIIX4 ACPI
[    0.525763] pci 0000:00:07.0: quirk: [io  0x4100-0x410f] claimed by PIIX4 SMB
[    0.537236] ACPI: PCI Interrupt Link [LNKA] (IRQs 5 9 10 *11)
[    0.539263] ACPI: PCI Interrupt Link [LNKB] (IRQs 5 9 *10 11)
[    0.541366] ACPI: PCI Interrupt Link [LNKC] (IRQs 5 *9 10 11)
[    0.543080] ACPI: PCI Interrupt Link [LNKD] (IRQs 5 9 10 *11)
[    0.544943] ACPI: Enabled 2 GPEs in block 00 to 07
[    0.546459] vgaarb: setting as boot device: PCI:0000:00:02.0
[    0.547563] vgaarb: device added: PCI:0000:00:02.0,decodes=io+mem,owns=io+mem,locks=none
[    0.549320] vgaarb: loaded
[    0.549992] vgaarb: bridge control possible 0000:00:02.0
[    0.551251] SCSI subsystem initialized
[    0.552288] ACPI: bus type USB registered
[    0.553187] usbcore: registered new interface driver usbfs
[    0.554260] usbcore: registered new interface driver hub
[    0.555357] usbcore: registered new device driver usb
[    0.556631] PCI: Using ACPI for IRQ routing
[    0.557895] NetLabel: Initializing
[    0.558634] NetLabel:  domain hash size = 128
[    0.559583] NetLabel:  protocols = UNLABELED CIPSOv4
[    0.560727] NetLabel:  unlabeled traffic allowed by default
[    0.562043] amd_nb: Cannot enumerate AMD northbridges
[    0.563152] clocksource: Switched to clocksource kvm-clock
[    0.572301] AppArmor: AppArmor Filesystem Enabled
[    0.573341] pnp: PnP ACPI init
[    0.574824] pnp: PnP ACPI: found 3 devices
[    0.587273] clocksource: acpi_pm: mask: 0xffffff max_cycles: 0xffffff, max_idle_ns: 2085701024 ns
[    0.589132] NET: Registered protocol family 2
[    0.590234] TCP established hash table entries: 4096 (order: 3, 32768 bytes)
[    0.591510] TCP bind hash table entries: 4096 (order: 4, 65536 bytes)
[    0.592771] TCP: Hash tables configured (established 4096 bind 4096)
[    0.593959] UDP hash table entries: 256 (order: 1, 8192 bytes)
[    0.595110] UDP-Lite hash table entries: 256 (order: 1, 8192 bytes)
[    0.596344] NET: Registered protocol family 1
[    0.597254] pci 0000:00:00.0: Limiting direct PCI/PCI transfers
[    0.598388] pci 0000:00:01.0: Activating ISA DMA hang workarounds
[    0.602617] Unpacking initramfs...
[    0.855220] Freeing initrd memory: 14824K
[    0.856324] clocksource: tsc: mask: 0xffffffffffffffff max_cycles: 0x27178c274f7, max_idle_ns: 440795238189 ns
[    0.858297] platform rtc_cmos: registered platform RTC device (no PNP device found)
[    0.860005] Scanning for low memory corruption every 60 seconds
[    0.861790] audit: initializing netlink subsys (disabled)
[    0.862886] audit: type=2000 audit(1564652737.327:1): initialized
[    0.864434] Initialise system trusted keyring
[    0.865641] HugeTLB registered 2 MB page size, pre-allocated 0 pages
[    0.868060] zbud: loaded
[    0.869140] VFS: Disk quotas dquot_6.6.0
[    0.870081] VFS: Dquot-cache hash table entries: 512 (order 0, 4096 bytes)
[    0.871621] squashfs: version 4.0 (2009/01/31) Phillip Lougher
[    0.873170] fuse init (API version 7.23)
[    0.874260] Key type big_key registered
[    0.875098] Allocating IMA MOK and blacklist keyrings.
[    0.877919] Key type asymmetric registered
[    0.878852] Asymmetric key parser 'x509' registered
[    0.879854] Block layer SCSI generic (bsg) driver version 0.4 loaded (major 249)
[    0.881409] io scheduler noop registered
[    0.882199] io scheduler deadline registered (default)
[    0.883182] io scheduler cfq registered
[    0.884089] pci_hotplug: PCI Hot Plug PCI Core version: 0.5
[    0.885087] pciehp: PCI Express Hot Plug Controller Driver version: 0.4
[    0.886337] ACPI: AC Adapter [AC] (on-line)
[    0.887233] input: Power Button as /devices/LNXSYSTM:00/LNXPWRBN:00/input/input0
[    0.888723] ACPI: Power Button [PWRF]
[    0.889532] input: Sleep Button as /devices/LNXSYSTM:00/LNXSLPBN:00/input/input1
[    0.890961] ACPI: Sleep Button [SLPF]
[    0.891968] GHES: HEST is not enabled!
[    0.892577] ACPI: Battery Slot [BAT0] (battery present)
[    0.894031] Serial: 8250/16550 driver, 32 ports, IRQ sharing enabled
[    0.915737] 00:02: ttyS0 at I/O 0x3f8 (irq = 4, base_baud = 115200) is a 16550A
[    0.922204] Linux agpgart interface v0.103
[    0.925029] loop: module loaded
[    0.926323] scsi host0: ata_piix
[    0.927216] scsi host1: ata_piix
[    0.927959] ata1: PATA max UDMA/33 cmd 0x1f0 ctl 0x3f6 bmdma 0xd000 irq 14
[    0.929151] ata2: PATA max UDMA/33 cmd 0x170 ctl 0x376 bmdma 0xd008 irq 15
[    0.930745] libphy: Fixed MDIO Bus: probed
[    0.932040] tun: Universal TUN/TAP device driver, 1.6
[    0.933470] tun: (C) 1999-2004 Max Krasnyansky <maxk@qualcomm.com>
[    0.934754] PPP generic driver version 2.4.2
[    0.935783] ehci_hcd: USB 2.0 'Enhanced' Host Controller (EHCI) Driver
[    0.936927] ehci-pci: EHCI PCI platform driver
[    0.937793] ehci-platform: EHCI generic platform driver
[    0.938756] ohci_hcd: USB 1.1 'Open' Host Controller (OHCI) Driver
[    0.939902] ohci-pci: OHCI PCI platform driver
[    0.940764] ohci-platform: OHCI generic platform driver
[    0.941758] uhci_hcd: USB Universal Host Controller Interface driver
[    0.942902] i8042: PNP: PS/2 Controller [PNP0303:PS2K,PNP0f03:PS2M] at 0x60,0x64 irq 1,12
[    0.944941] serio: i8042 KBD port at 0x60,0x64 irq 1
[    0.945865] serio: i8042 AUX port at 0x60,0x64 irq 12
[    0.947040] mousedev: PS/2 mouse device common for all mice
[    0.948418] input: AT Translated Set 2 keyboard as /devices/platform/i8042/serio0/input/input2
[    0.950503] rtc_cmos rtc_cmos: rtc core: registered rtc_cmos as rtc0
[    0.951704] rtc_cmos rtc_cmos: alarms up to one day, 114 bytes nvram
[    0.952815] i2c /dev entries driver
[    0.953578] device-mapper: uevent: version 1.0.3
[    0.954595] device-mapper: ioctl: 4.34.0-ioctl (2015-10-28) initialised: dm-devel@redhat.com
[    0.956237] ledtrig-cpu: registered to indicate activity on CPUs
[    0.957896] NET: Registered protocol family 10
[    0.958943] NET: Registered protocol family 17
[    0.959879] Key type dns_resolver registered
[    0.964403] registered taskstats version 1
[    0.965331] Loading compiled-in X.509 certificates
[    0.966845] Loaded X.509 cert 'Build time autogenerated kernel key: 3e01e6df98386236d59670e6b2ed19a044d5324e'
[    0.968882] zswap: loaded using pool lzo/zbud
[    0.972211] Key type trusted registered
[    0.977183] Key type encrypted registered
[    0.978021] AppArmor: AppArmor sha1 policy hashing enabled
[    0.979082] ima: No TPM chip found, activating TPM-bypass!
[    0.980177] ima: Allocated hash algorithm: sha1
[    0.981175] evm: HMAC attrs: 0x1
[    0.982424]   Magic number: 15:275:777
[    0.983279] misc rfkill: hash matches
[    0.984176] rtc_cmos rtc_cmos: setting system clock to 2019-08-01 09:45:32 UTC (1564652732)
[    0.985975] BIOS EDD facility v0.16 2004-Jun-25, 0 devices found
[    0.987046] EDD information not available.
[    1.092065] Freeing unused kernel memory: 1484K
[    1.093245] Write protecting the kernel read-only data: 14336k
[    1.095251] Freeing unused kernel memory: 1612K
[    1.096655] Freeing unused kernel memory: 64K
Loading, please wait...
starting version 229
[    1.113681] random: systemd-udevd: uninitialized urandom read (16 bytes read, 3 bits of entropy available)
[    1.114428] random: udevadm: uninitialized urandom read (16 bytes read, 3 bits of entropy available)
[    1.114461] random: udevadm: uninitialized urandom read (16 bytes read, 3 bits of entropy available)
[    1.121741] random: systemd-udevd: uninitialized urandom read (16 bytes read, 3 bits of entropy available)
[    1.124218] random: systemd-udevd: uninitialized urandom read (16 bytes read, 3 bits of entropy available)
[    1.125642] random: udevadm: uninitialized urandom read (16 bytes read, 3 bits of entropy available)
[    1.125696] random: udevadm: uninitialized urandom read (16 bytes read, 3 bits of entropy available)
[    1.125864] random: udevadm: uninitialized urandom read (16 bytes read, 3 bits of entropy available)
[    1.125923] random: udevadm: uninitialized urandom read (16 bytes read, 3 bits of entropy available)
[    1.125982] random: udevadm: uninitialized urandom read (16 bytes read, 3 bits of entropy available)
[    1.172962] e1000: Intel(R) PRO/1000 Network Driver - version 7.3.21-k8-NAPI
[    1.174481] e1000: Copyright (c) 1999-2006 Intel Corporation.
[    1.180637] Fusion MPT base driver 3.04.20
[    1.181581] Copyright (c) 1999-2008 LSI Corporation
[    1.186761] Fusion MPT SPI Host driver 3.04.20
[    1.204853] AVX2 version of gcm_enc/dec engaged.
[    1.205902] AES CTR mode by8 optimization enabled
[    1.387973] input: ImExPS/2 Generic Explorer Mouse as /devices/platform/i8042/serio1/input/input4
[    1.564229] e1000 0000:00:03.0 eth0: (PCI:33MHz:32-bit) 02:c2:66:bb:16:6d
[    1.565578] e1000 0000:00:03.0 eth0: Intel(R) PRO/1000 Network Connection
[    1.928391] e1000 0000:00:08.0 eth1: (PCI:33MHz:32-bit) 08:00:27:2a:f0:af
[    1.930146] e1000 0000:00:08.0 eth1: Intel(R) PRO/1000 Network Connection
[    1.932926] mptbase: ioc0: Initiating bringup
[    1.933398] e1000 0000:00:08.0 enp0s8: renamed from eth1
[    1.944949] e1000 0000:00:03.0 enp0s3: renamed from eth0
[    2.006213] ioc0: LSI53C1030 A0: Capabilities={Initiator}
[    2.634543] scsi host2: ioc0: LSI53C1030 A0, FwRev=00000000h, Ports=1, MaxQ=256, IRQ=20
[    3.205481] scsi 2:0:0:0: Direct-Access     VBOX     HARDDISK         1.0  PQ: 0 ANSI: 5
[    3.211261] scsi target2:0:0: Beginning Domain Validation
[    3.220369] scsi target2:0:0: Domain Validation skipping write tests
[    3.224532] scsi target2:0:0: Ending Domain Validation
[    3.227763] scsi target2:0:0: asynchronous
[    3.230623] scsi 2:0:1:0: Direct-Access     VBOX     HARDDISK         1.0  PQ: 0 ANSI: 5
[    3.233716] scsi target2:0:1: Beginning Domain Validation
[    3.238516] scsi target2:0:1: Domain Validation skipping write tests
[    3.261542] scsi target2:0:1: Ending Domain Validation
[    3.262983] scsi target2:0:1: asynchronous
[    3.271964] sd 2:0:0:0: Attached scsi generic sg0 type 0
[    3.273213] sd 2:0:0:0: [sda] 20971520 512-byte logical blocks: (10.7 GB/10.0 GiB)
[    3.275328] sd 2:0:1:0: Attached scsi generic sg1 type 0
[    3.276812] sd 2:0:1:0: [sdb] 20480 512-byte logical blocks: (10.5 MB/10.0 MiB)
[    3.278541] sd 2:0:0:0: [sda] Write Protect is off
[    3.279983] sd 2:0:1:0: [sdb] Write Protect is off
[    3.281257] sd 2:0:0:0: [sda] Incomplete mode parameter data
[    3.282472] sd 2:0:0:0: [sda] Assuming drive cache: write through
[    3.283901] sd 2:0:1:0: [sdb] Incomplete mode parameter data
[    3.285084] sd 2:0:1:0: [sdb] Assuming drive cache: write through
[    3.292254]  sda: sda1
[    3.294355] sd 2:0:0:0: [sda] Attached SCSI disk
[    3.295927] sd 2:0:1:0: [sdb] Attached SCSI disk
Begin: Loading essential drivers ... [    4.673192] md: linear personality registered for level -1
[    4.676877] md: multipath personality registered for level -4
[    4.680548] md: raid0 personality registered for level 0
[    4.685212] md: raid1 personality registered for level 1
[    4.755501] raid6: sse2x1   gen()  9625 MB/s
[    4.823834] raid6: sse2x1   xor()  6084 MB/s
[    4.891172] raid6: sse2x2   gen() 10973 MB/s
[    4.959467] raid6: sse2x2   xor()  8946 MB/s
[    5.027838] raid6: sse2x4   gen() 14449 MB/s
[    5.095233] raid6: sse2x4   xor()  9862 MB/s
[    5.163478] raid6: avx2x1   gen() 20697 MB/s
[    5.231333] raid6: avx2x2   gen() 22976 MB/s
[    5.299170] raid6: avx2x4   gen() 25561 MB/s
[    5.300159] raid6: using algorithm avx2x4 gen() 25561 MB/s
[    5.301213] raid6: using avx2x2 recovery algorithm
[    5.303517] xor: automatically using best checksumming function:
[    5.343575]    avx       : 24300.000 MB/sec
[    5.345867] async_tx: api initialized (async)
[    5.355520] md: raid6 personality registered for level 6
[    5.356708] md: raid5 personality registered for level 5
[    5.357803] md: raid4 personality registered for level 4
[    5.365433] md: raid10 personality registered for level 10
done.
Begin: Running /scripts/init-premount ... done.
Begin: Mounting root file system ... Begin: Running /scripts/local-top ... done.
Begin: Running /scripts/local-premount ... [    5.394963] Btrfs loaded
Scanning for Btrfs filesystems
done.
Warning: fsck not present, so skipping root file system
[    5.435406] EXT4-fs (sda1): mounted filesystem with ordered data mode. Opts: (null)
done.
Begin: Running /scripts/local-bottom ... done.
Begin: Running /scripts/init-bottom ... done.
[    5.568246] systemd[1]: systemd 229 running in system mode. (+PAM +AUDIT +SELINUX +IMA +APPARMOR +SMACK +SYSVINIT +UTMP +LIBCRYPTSETUP +GCRYPT +GNUTLS +ACL +XZ -LZ4 +SECCOMP +BLKID +ELFUTILS +KMOD -IDN)
[    5.571356] systemd[1]: Detected virtualization oracle.
[    5.572393] systemd[1]: Detected architecture x86-64.

Welcome to [1mUbuntu 16.04.6 LTS[0m!

[    5.576281] systemd[1]: Set hostname to <db>.
[    5.789066] systemd[1]: Listening on udev Kernel Socket.
[[0;32m  OK  [0m] Listening on udev Kernel Socket.
[    5.791357] systemd[1]: Reached target Swap.
[[0;32m  OK  [0m] Reached target Swap.
[    5.793485] systemd[1]: Created slice System Slice.
[[0;32m  OK  [0m] Created slice System Slice.
[    5.795743] systemd[1]: Listening on udev Control Socket.
[[0;32m  OK  [0m] Listening on udev Control Socket.
[    5.797951] systemd[1]: Listening on Journal Socket (/dev/log).
[[0;32m  OK  [0m] Listening on Journal Socket (/dev/log).
[    5.800353] systemd[1]: Reached target System Time Synchronized.
[[0;32m  OK  [0m] Reached target System Time Synchronized.
[    5.802800] systemd[1]: Started Forward Password Requests to Wall Directory Watch.
[[0;32m  OK  [0m] Started Forward Password Requests to Wall Directory Watch.
[    5.805950] systemd[1]: Listening on Journal Socket.
[[0;32m  OK  [0m] Listening on Journal Socket.
[    5.819853] systemd[1]: Starting Create list of required static device nodes for the current kernel...
         Starting Create list of required st... nodes for the current kernel...
[    5.832262] systemd[1]: Mounting POSIX Message Queue File System...
         Mounting POSIX Message Queue File System...
[    5.835560] systemd[1]: Starting Nameserver information manager...
         Starting Nameserver information manager...
[    5.838575] systemd[1]: Created slice system-serial\x2dgetty.slice.
[[0;32m  OK  [0m] Created slice system-serial\x2dgetty.slice.
[    5.841815] systemd[1]: Listening on LVM2 poll daemon socket.
[[0;32m  OK  [0m] Listening on LVM2 poll daemon socket.
[    5.845747] systemd[1]: Mounting Huge Pages File System...
         Mounting Huge Pages File System...
[    5.848296] systemd[1]: Set up automount Arbitrary Executable File Formats File System Automount Point.
[[0;32m  OK  [0m] Set up automount Arbitrary Executab...ats File System Automount Point.
[    5.857556] systemd[1]: Reached target User and Group Name Lookups.
[[0;32m  OK  [0m] Reached target User and Group Name Lookups.
[    5.860284] systemd[1]: Started Trigger resolvconf update for networkd DNS.
[[0;32m  OK  [0m] Started Trigger resolvconf update for networkd DNS.
[    5.863493] systemd[1]: Listening on LVM2 metadata daemon socket.
[[0;32m  OK  [0m] Listening on LVM2 metadata daemon socket.
[    5.875809] systemd[1]: Starting Set console keymap...
         Starting Set console keymap...
[    5.878125] systemd[1]: Listening on Journal Audit Socket.
[[0;32m  OK  [0m] Listening on Journal Audit Socket.
[    5.881949] systemd[1]: Mounting Debug File System...
         Mounting Debug File System...
[    5.886080] systemd[1]: Starting Uncomplicated firewall...
         Starting Uncomplicated firewall...
[    5.896033] systemd[1]: Starting Load Kernel Modules...
         Starting Load Kernel Modules...
[    5.899694] systemd[1]: Reached target Encrypted Volumes.
[[0;32m  OK  [0m] Reached target Encrypted Volumes.
[    5.902028] systemd[1]: Listening on Device-mapper event daemon FIFOs.
[[0;32m  OK  [0m] Listening on Device-mapper event daemon FIFOs.
[    5.907046] systemd[1]: Starting Monitoring of LVM2 mirrors, snapshots etc. using dmeventd or progress polling...
         Starting Monitoring of LVM2 mirrors... dmeventd or progress polling...
[    5.912753] systemd[1]: Starting Remount Root and Kernel File Systems...
         Starting Remount Root and Kernel File Systems...
[    5.915695] systemd[1]: Listening on Syslog Socket.
[[0;32m  OK  [0m] Listening on Syslog Socket.
[    5.918641] systemd[1]: Starting Journal Service...
         Starting Journal Service...
[    5.921315] systemd[1]: Listening on /dev/initctl Compatibility Named Pipe.
[[0;32m  OK  [0m] Listening on /dev/initctl Compatibility Named Pipe.
[    5.931509] systemd[1]: Created slice User and Session Slice.
[[0;32m  OK  [0m] Created slice User and Session Slice.
[    5.935806] systemd[1]: Reached target Slices.
[[0;32m  OK  [0m] Reached target Slices.
[    5.938839] Loading iSCSI transport class v2.0-870.
[    5.944860] EXT4-fs (sda1): re-mounted. Opts: (null)
[    5.956293] systemd[1]: Mounted Huge Pages File System.
[    5.957684] iscsi: registered transport (tcp)
[[0;32m  OK  [0m] Mounted Huge Pages File System.
[    5.959414] systemd[1]: Mounted Debug File System.
[[0;32m  OK  [0m] Mounted Debug File System.
[    5.961536] systemd[1]: Mounted POSIX Message Queue File System.
[[0;32m  OK  [0m] Mounted POSIX Message Queue File System.
[    5.965649] systemd[1]: Started Create list of required static device nodes for the current kernel.
[[0;32m  OK  [0m] Started Create list of required sta...ce nodes for the current kernel.
[    5.976388] systemd[1]: Started Uncomplicated firewall.
[[0;32m  OK  [0m] Started Uncomplicated firewall.
[    5.981707] systemd[1]: Started Remount Root and Kernel File Systems.
[[0;32m  OK  [0m] Started Remount Root and Kernel File Systems.
[    5.990035] systemd[1]: Started Nameserver information manager.
[[0;32m  OK  [0m] Started Nameserver information manager.
[    6.006031] systemd[1]: Started Journal Service.
[[0;32m  OK  [0m] Started Journal Service.
[[0;32m  OK  [0m] Started Set console keymap.
[    6.025175] iscsi: registered transport (iser)
[[0;32m  OK  [0m] Started Load Kernel Modules.
         Starting Apply Kernel Variables...
         Mounting FUSE Control File System...
[[0;32m  OK  [0m] Started LVM2 metadata daemon.
         Starting Load/Save Random Seed...
         Starting udev Coldplug all Devices...
         Starting Flush Journal to Persistent Storage...
         Starting Create Static Device Nodes in /dev...
[[0;32m  OK  [0m] Mounted FUSE Control File System.
[[0;32m  OK  [0m] Started Apply Kernel Variables.
[[0;32m  OK  [0m] Started Load/Save Random Seed.
[[0;32m  OK  [0m] Started Create Static Device Nodes in /dev.
[[0;32m  OK  [0m] Started Flush Journal to Persistent Storage.
[[0;32m  OK  [0m] Started udev Coldplug all Devices.
         Starting udev Kernel Device Manager...
[[0;32m  OK  [0m] Started udev Kernel Device Manager.
[[0;32m  OK  [0m] Started Dispatch Password Requests to Console Directory Watch.
[[0;32m  OK  [0m] Found device /dev/ttyS0.
[[0;32m  OK  [0m] Listening on Load/Save RF Kill Switch Status /dev/rfkill Watch.
[[0;32m  OK  [0m] Found device 82540EM Gigabit Ethern...r (PRO/1000 MT Desktop Adapter).
[[0;32m  OK  [0m] Started Monitoring of LVM2 mirrors,...ng dmeventd or progress polling.
[[0;32m  OK  [0m] Found device 82540EM Gigabit Ethern...r (PRO/1000 MT Desktop Adapter).
[[0;32m  OK  [0m] Reached target Local File Systems (Pre).
[[0;32m  OK  [0m] Reached target Local File Systems.
         Starting Set console font and keymap...
         Starting LSB: AppArmor initialization...
         Starting Initial cloud-init job (pre-networking)...
         Starting Tell Plymouth To Write Out Runtime Data...
         Starting Create Volatile Files and Directories...
[[0;32m  OK  [0m] Started Tell Plymouth To Write Out Runtime Data.
[[0;32m  OK  [0m] Started Create Volatile Files and Directories.
         Starting Update UTMP about System Boot/Shutdown...
[[0;32m  OK  [0m] Started Update UTMP about System Boot/Shutdown.
[[0;32m  OK  [0m] Started LSB: AppArmor initialization.
[[0;32m  OK  [0m] Started Set console font and keymap.
[[0;32m  OK  [0m] Created slice system-getty.slice.
[    7.630723] cloud-init[667]: Cloud-init v. 19.1-1-gbaa47854-0ubuntu1~16.04.1 running 'init-local' at Thu, 01 Aug 2019 09:45:39 +0000. Up 7.35 seconds.
[[0;32m  OK  [0m] Started Initial cloud-init job (pre-networking).
[[0;32m  OK  [0m] Reached target Network (Pre).
[[0;32m  OK  [0m] Started ifup for enp0s8.
[[0;32m  OK  [0m] Started ifup for enp0s3.
         Starting Raise network interfaces...
[[0;32m  OK  [0m] Started Raise network interfaces.
[[0;32m  OK  [0m] Reached target Network.
         Starting Initial cloud-init job (metadata service crawler)...
[    8.404293] cloud-init[1077]: Cloud-init v. 19.1-1-gbaa47854-0ubuntu1~16.04.1 running 'init' at Thu, 01 Aug 2019 09:45:39 +0000. Up 8.14 seconds.
[    8.407233] cloud-init[1077]: ci-info: ++++++++++++++++++++++++++++++++++++++Net device info+++++++++++++++++++++++++++++++++++++++
[    8.409290] cloud-init[1077]: ci-info: +--------+------+-----------------------------+---------------+--------+-------------------+
[    8.411347] cloud-init[1077]: ci-info: | Device |  Up  |           Address           |      Mask     | Scope  |     Hw-Address    |
[    8.413447] cloud-init[1077]: ci-info: +--------+------+-----------------------------+---------------+--------+-------------------+
[    8.415386] cloud-init[1077]: ci-info: | enp0s3 | True |          10.0.2.15          | 255.255.255.0 | global | 02:c2:66:bb:16:6d |
[    8.417523] cloud-init[1077]: ci-info: | enp0s3 | True |  fe80::c2:66ff:febb:166d/64 |       .       |  link  | 02:c2:66:bb:16:6d |
[    8.420767] cloud-init[1077]: ci-info: | enp0s8 | True |        192.168.56.102       | 255.255.255.0 | global | 08:00:27:2a:f0:af |
[    8.428390] cloud-init[1077]: ci-info: | enp0s8 | True | fe80::a00:27ff:fe2a:f0af/64 |       .       |  link  | 08:00:27:2a:f0:af |
[    8.431075] cloud-init[1077]: ci-info: |   lo   | True |          127.0.0.1          |   255.0.0.0   |  host  |         .         |
[    8.434285] cloud-init[1077]: ci-info: |   lo   | True |           ::1/128           |       .       |  host  |         .         |
[    8.436227] cloud-init[1077]: ci-info: +--------+------+-----------------------------+---------------+--------+-------------------+
[    8.438780] cloud-init[1077]: ci-info: ++++++++++++++++++++++++++++Route IPv4 info++++++++++++++++++++++++++++
[    8.448895] cloud-init[1077]: ci-info: +-------+--------------+----------+---------------+-----------+-------+
[    8.450704] cloud-init[1077]: ci-info: | Route | Destination  | Gateway  |    Genmask    | Interface | Flags |
[    8.452439] cloud-init[1077]: ci-info: +-------+--------------+----------+---------------+-----------+-------+
[    8.454831] cloud-init[1077]: ci-info: |   0   |   0.0.0.0    | 10.0.2.2 |    0.0.0.0    |   enp0s3  |   UG  |
[    8.457046] cloud-init[1077]: ci-info: |   1   |   10.0.2.0   | 0.0.0.0  | 255.255.255.0 |   enp0s3  |   U   |
[    8.458939] cloud-init[1077]: ci-info: |   2   | 192.168.56.0 | 0.0.0.0  | 255.255.255.0 |   enp0s8  |   U   |
[    8.461102] cloud-init[1077]: ci-info: +-------+--------------+----------+---------------+-----------+-------+
[    8.464947] cloud-init[1077]: ci-info: +++++++++++++++++++Route IPv6 info+++++++++++++++++++
[    8.466688] cloud-init[1077]: ci-info: +-------+-------------+---------+-----------+-------+
[    8.468498] cloud-init[1077]: ci-info: | Route | Destination | Gateway | Interface | Flags |
[    8.471086] cloud-init[1077]: ci-info: +-------+-------------+---------+-----------+-------+
[    8.472863] cloud-init[1077]: ci-info: |   0   |  fe80::/64  |    ::   |   enp0s8  |   U   |
[    8.474596] cloud-init[1077]: ci-info: |   1   |  fe80::/64  |    ::   |   enp0s3  |   U   |
[    8.476124] cloud-init[1077]: ci-info: |   4   |   ff00::/8  |    ::   |   enp0s8  |   U   |
[    8.478571] cloud-init[1077]: ci-info: |   5   |   ff00::/8  |    ::   |   enp0s3  |   U   |
[    8.480008] cloud-init[1077]: ci-info: +-------+-------------+---------+-----------+-------+
[[0;32m  OK  [0m] Started Initial cloud-init job (metadata service crawler).
[[0;32m  OK  [0m] Reached target Cloud-config availability.
[[0;32m  OK  [0m] Reached target Network is Online.
         Starting iSCSI initiator daemon (iscsid)...
[[0;32m  OK  [0m] Reached target System Initialization.
[[0;32m  OK  [0m] Listening on UUID daemon activation socket.
[[0;32m  OK  [0m] Listening on ACPID Listen Socket.
         Starting LXD - unix socket.
[[0;32m  OK  [0m] Started ACPI Events Check.
[[0;32m  OK  [0m] Reached target Paths.
[[0;32m  OK  [0m] Listening on D-Bus System Message Bus Socket.
[[0;32m  OK  [0m] Started Daily apt download activities.
[[0;32m  OK  [0m] Started Daily Cleanup of Temporary Directories.
         Starting Socket activation for snappy daemon.
[[0;32m  OK  [0m] Started Daily apt upgrade and clean activities.
[[0;32m  OK  [0m] Reached target Timers.
[[0;32m  OK  [0m] Listening on LXD - unix socket.
[[0;32m  OK  [0m] Listening on Socket activation for snappy daemon.
[[0;32m  OK  [0m] Started iSCSI initiator daemon (iscsid).
         Starting Login to default iSCSI targets...
[[0;32m  OK  [0m] Reached target Sockets.
[[0;32m  OK  [0m] Reached target Basic System.
         Starting LSB: MD monitoring daemon...
         Starting Login Service...
[[0;32m  OK  [0m] Started ACPI event daemon.
         Starting Accounts Service...
         Starting System Logging Service...
[[0;32m  OK  [0m] Started Deferred execution scheduler.
[[0;32m  OK  [0m] Started D-Bus System Message Bus.
         Starting LSB: Record successful boot for GRUB...
[[0;32m  OK  [0m] Started Regular background program processing daemon.
         Starting OpenBSD Secure Shell server...
[[0;32m  OK  [0m] Started FUSE filesystem for LXC.
         Starting LXD - container startup/shutdown...
         Starting Virtualbox guest utils...
         Starting Snappy daemon...
         Starting /etc/rc.local Compatibility...
[[0;32m  OK  [0m] Started System Logging Service.
[[0;32m  OK  [0m] Started /etc/rc.local Compatibility.
[[0;32m  OK  [0m] Started OpenBSD Secure Shell server.
[[0;32m  OK  [0m] Started LSB: MD monitoring daemon.
[[0;32m  OK  [0m] Started Login to default iSCSI targets.
[[0;32m  OK  [0m] Started LSB: Record successful boot for GRUB.
[[0;32m  OK  [0m] Started Login Service.
[[0;32m  OK  [0m] Started Unattended Upgrades Shutdown.
         Starting Authenticate and Authorize Users to Run Privileged Tasks...
[[0;32m  OK  [0m] Reached target Remote File Systems (Pre).
[[0;32m  OK  [0m] Reached target Remote File Systems.
         Starting LSB: automatic crash report generation...
         Starting LSB: daemon to balance interrupts for SMP systems...
         Starting LSB: Set the CPU Frequency Scaling governor to "ondemand"...
         Starting Permit User Sessions...
[[0;32m  OK  [0m] Started LXD - container startup/shutdown.
[[0;32m  OK  [0m] Started Permit User Sessions.
[[0;32m  OK  [0m] Started LSB: Set the CPU Frequency Scaling governor to "ondemand".
[[0;32m  OK  [0m] Started Authenticate and Authorize Users to Run Privileged Tasks.
[[0;32m  OK  [0m] Started Accounts Service.
         Starting Terminate Plymouth Boot Screen...
         Starting Hold until boot process finishes up...
[[0;32m  OK  [0m] Started Virtualbox guest utils.
[[0;32m  OK  [0m] Started LSB: automatic crash report generation.
[[0;32m  OK  [0m] Started Terminate Plymouth Boot Screen.
[[0;32m  OK  [0m] Started Hold until boot process finishes up.
[[0;32m  OK  [0m] Started LSB: daemon to balance interrupts for SMP systems.
         Starting Set console scheme...
[[0;32m  OK  [0m] Started Getty on tty1.
[[0;32m  OK  [0m] Started Serial Getty on ttyS0.
[[0;32m  OK  [0m] Reached target Login Prompts.
[[0;32m  OK  [0m] Started Set console scheme.
[[0;32m  OK  [0m] Started Snappy daemon.
         Starting Wait until snapd is fully seeded...
[[0;32m  OK  [0m] Started Wait until snapd is fully seeded.
[[0;32m  OK  [0m] Reached target Multi-User System.
[[0;32m  OK  [0m] Reached target Graphical Interface.
         Starting Update UTMP about System Runlevel Changes...
         Starting Apply the settings specified in cloud-config...
[[0;32m  OK  [0m] Started Update UTMP about System Runlevel Changes.
[    9.500109] cloud-init[1341]: Cloud-init v. 19.1-1-gbaa47854-0ubuntu1~16.04.1 running 'modules:config' at Thu, 01 Aug 2019 09:45:41 +0000. Up 9.41 seconds.
[[0;32m  OK  [0m] Started Apply the settings specified in cloud-config.
         Starting Execute cloud user/final scripts...
[    9.905341] cloud-init[1352]: Cloud-init v. 19.1-1-gbaa47854-0ubuntu1~16.04.1 running 'modules:final' at Thu, 01 Aug 2019 09:45:41 +0000. Up 9.81 seconds.
[    9.907082] cloud-init[1352]: Cloud-init v. 19.1-1-gbaa47854-0ubuntu1~16.04.1 finished at Thu, 01 Aug 2019 09:45:41 +0000. Datasource DataSourceNoCloud [seed=/dev/sdb][dsmode=net].  Up 9.90 seconds
[[0;32m  OK  [0m] Started Execute cloud user/final scripts.
[[0;32m  OK  [0m] Reached target Cloud-init target.

Ubuntu 16.04.6 LTS db ttyS0

db login: 