[    0.000000] Initializing cgroup subsys cpuset
[    0.000000] Initializing cgroup subsys cpu
[    0.000000] Initializing cgroup subsys cpuacct
[    0.000000] Linux version 4.4.0-157-generic (buildd@lgw01-amd64-037) (gcc version 5.4.0 20160609 (Ubuntu 5.4.0-6ubuntu1~16.04.10) ) #185-Ubuntu SMP Tue Jul 23 09:17:01 UTC 2019 (Ubuntu 4.4.0-157.185-generic 4.4.181)
[    0.000000] Command line: BOOT_IMAGE=/boot/vmlinuz-4.4.0-157-generic root=LABEL=cloudimg-rootfs ro console=tty1 console=ttyS0
[    0.000000] KERNEL supported cpus:
[    0.000000]   Intel GenuineIntel
[    0.000000]   AMD AuthenticAMD
[    0.000000]   Centaur CentaurHauls
[    0.000000] x86/fpu: xstate_offset[2]:  576, xstate_sizes[2]:  256
[    0.000000] x86/fpu: Supporting XSAVE feature 0x01: 'x87 floating point registers'
[    0.000000] x86/fpu: Supporting XSAVE feature 0x02: 'SSE registers'
[    0.000000] x86/fpu: Supporting XSAVE feature 0x04: 'AVX registers'
[    0.000000] x86/fpu: Enabled xstate features 0x7, context size is 832 bytes, using 'standard' format.
[    0.000000] e820: BIOS-provided physical RAM map:
[    0.000000] BIOS-e820: [mem 0x0000000000000000-0x000000000009fbff] usable
[    0.000000] BIOS-e820: [mem 0x000000000009fc00-0x000000000009ffff] reserved
[    0.000000] BIOS-e820: [mem 0x00000000000f0000-0x00000000000fffff] reserved
[    0.000000] BIOS-e820: [mem 0x0000000000100000-0x000000003ffeffff] usable
[    0.000000] BIOS-e820: [mem 0x000000003fff0000-0x000000003fffffff] ACPI data
[    0.000000] BIOS-e820: [mem 0x00000000fec00000-0x00000000fec00fff] reserved
[    0.000000] BIOS-e820: [mem 0x00000000fee00000-0x00000000fee00fff] reserved
[    0.000000] BIOS-e820: [mem 0x00000000fffc0000-0x00000000ffffffff] reserved
[    0.000000] NX (Execute Disable) protection: active
[    0.000000] SMBIOS 2.5 present.
[    0.000000] Hypervisor detected: KVM
[    0.000000] e820: last_pfn = 0x3fff0 max_arch_pfn = 0x400000000
[    0.000000] MTRR: Disabled
[    0.000000] x86/PAT: MTRRs disabled, skipping PAT initialization too.
[    0.000000] CPU MTRRs all blank - virtualized system.
[    0.000000] x86/PAT: Configuration [0-7]: WB  WT  UC- UC  WB  WT  UC- UC  
[    0.000000] found SMP MP-table at [mem 0x0009fff0-0x0009ffff] mapped at [ffff88000009fff0]
[    0.000000] Scanning 1 areas for low memory corruption
[    0.000000] RAMDISK: [mem 0x362fc000-0x37175fff]
[    0.000000] ACPI: Early table checksum verification disabled
[    0.000000] ACPI: RSDP 0x00000000000E0000 000024 (v02 VBOX  )
[    0.000000] ACPI: XSDT 0x000000003FFF0030 00003C (v01 VBOX   VBOXXSDT 00000001 ASL  00000061)
[    0.000000] ACPI: FACP 0x000000003FFF00F0 0000F4 (v04 VBOX   VBOXFACP 00000001 ASL  00000061)
[    0.000000] ACPI: DSDT 0x000000003FFF0470 0022EA (v02 VBOX   VBOXBIOS 00000002 INTL 20100528)
[    0.000000] ACPI: FACS 0x000000003FFF0200 000040
[    0.000000] ACPI: FACS 0x000000003FFF0200 000040
[    0.000000] ACPI: APIC 0x000000003FFF0240 00005C (v02 VBOX   VBOXAPIC 00000001 ASL  00000061)
[    0.000000] ACPI: SSDT 0x000000003FFF02A0 0001CC (v01 VBOX   VBOXCPUT 00000002 INTL 20100528)
[    0.000000] No NUMA configuration found
[    0.000000] Faking a node at [mem 0x0000000000000000-0x000000003ffeffff]
[    0.000000] NODE_DATA(0) allocated [mem 0x3ffeb000-0x3ffeffff]
[    0.000000] kvm-clock: Using msrs 4b564d01 and 4b564d00
[    0.000000] kvm-clock: cpu 0, msr 0:3ffe3001, primary cpu clock
[    0.000000] kvm-clock: using sched offset of 3820940669 cycles
[    0.000000] clocksource: kvm-clock: mask: 0xffffffffffffffff max_cycles: 0x1cd42e4dffb, max_idle_ns: 881590591483 ns
[    0.000000] Zone ranges:
[    0.000000]   DMA      [mem 0x0000000000001000-0x0000000000ffffff]
[    0.000000]   DMA32    [mem 0x0000000001000000-0x000000003ffeffff]
[    0.000000]   Normal   empty
[    0.000000]   Device   empty
[    0.000000] Movable zone start for each node
[    0.000000] Early memory node ranges
[    0.000000]   node   0: [mem 0x0000000000001000-0x000000000009efff]
[    0.000000]   node   0: [mem 0x0000000000100000-0x000000003ffeffff]
[    0.000000] Initmem setup node 0 [mem 0x0000000000001000-0x000000003ffeffff]
[    0.000000] ACPI: PM-Timer IO Port: 0x4008
[    0.000000] IOAPIC[0]: apic_id 2, version 32, address 0xfec00000, GSI 0-23
[    0.000000] ACPI: INT_SRC_OVR (bus 0 bus_irq 0 global_irq 2 dfl dfl)
[    0.000000] ACPI: INT_SRC_OVR (bus 0 bus_irq 9 global_irq 9 low level)
[    0.000000] Using ACPI (MADT) for SMP configuration information
[    0.000000] smpboot: Allowing 2 CPUs, 0 hotplug CPUs
[    0.000000] PM: Registered nosave memory: [mem 0x00000000-0x00000fff]
[    0.000000] PM: Registered nosave memory: [mem 0x0009f000-0x0009ffff]
[    0.000000] PM: Registered nosave memory: [mem 0x000a0000-0x000effff]
[    0.000000] PM: Registered nosave memory: [mem 0x000f0000-0x000fffff]
[    0.000000] e820: [mem 0x40000000-0xfebfffff] available for PCI devices
[    0.000000] Booting paravirtualized kernel on KVM
[    0.000000] clocksource: refined-jiffies: mask: 0xffffffff max_cycles: 0xffffffff, max_idle_ns: 7645519600211568 ns
[    0.000000] setup_percpu: NR_CPUS:512 nr_cpumask_bits:512 nr_cpu_ids:2 nr_node_ids:1
[    0.000000] PERCPU: Embedded 34 pages/cpu @ffff88003fc00000 s99544 r8192 d31528 u1048576
[    0.000000] Built 1 zonelists in Node order, mobility grouping on.  Total pages: 257912
[    0.000000] Policy zone: DMA32
[    0.000000] Kernel command line: BOOT_IMAGE=/boot/vmlinuz-4.4.0-157-generic root=LABEL=cloudimg-rootfs ro console=tty1 console=ttyS0
[    0.000000] PID hash table entries: 4096 (order: 3, 32768 bytes)
[    0.000000] Memory: 997736K/1048120K available (8618K kernel code, 1335K rwdata, 4032K rodata, 1484K init, 1284K bss, 50384K reserved, 0K cma-reserved)
[    0.000000] SLUB: HWalign=64, Order=0-3, MinObjects=0, CPUs=2, Nodes=1
[    0.000000] Kernel/User page tables isolation: enabled
[    0.000000] Hierarchical RCU implementation.
[    0.000000] 	Build-time adjustment of leaf fanout to 64.
[    0.000000] 	RCU restricting CPUs from NR_CPUS=512 to nr_cpu_ids=2.
[    0.000000] RCU: Adjusting geometry for rcu_fanout_leaf=64, nr_cpu_ids=2
[    0.000000] NR_IRQS:33024 nr_irqs:440 16
[    0.000000] Console: colour VGA+ 80x25
[    0.000000] console [tty1] enabled
[    0.000000] console [ttyS0] enabled
[    0.000000] tsc: Detected 2712.006 MHz processor
[    0.275824] Calibrating delay loop (skipped) preset value.. 5424.01 BogoMIPS (lpj=10848024)
[    0.277637] pid_max: default: 32768 minimum: 301
[    0.278509] ACPI: Core revision 20150930
[    0.280176] ACPI: 2 ACPI AML tables successfully acquired and loaded
[    0.281408] Security Framework initialized
[    0.282262] Yama: becoming mindful.
[    0.283070] AppArmor: AppArmor initialized
[    0.283973] Dentry cache hash table entries: 131072 (order: 8, 1048576 bytes)
[    0.289504] Inode-cache hash table entries: 65536 (order: 7, 524288 bytes)
[    0.290898] Mount-cache hash table entries: 2048 (order: 2, 16384 bytes)
[    0.292078] Mountpoint-cache hash table entries: 2048 (order: 2, 16384 bytes)
[    0.293642] Initializing cgroup subsys io
[    0.294591] Initializing cgroup subsys memory
[    0.295514] Initializing cgroup subsys devices
[    0.296478] Initializing cgroup subsys freezer
[    0.297345] Initializing cgroup subsys net_cls
[    0.298248] Initializing cgroup subsys perf_event
[    0.299286] Initializing cgroup subsys net_prio
[    0.300397] Initializing cgroup subsys hugetlb
[    0.301265] Initializing cgroup subsys pids
[    0.304311] mce: CPU supports 0 MCE banks
[    0.305314] Last level iTLB entries: 4KB 64, 2MB 8, 4MB 8
[    0.306403] Last level dTLB entries: 4KB 64, 2MB 0, 4MB 0, 1GB 4
[    0.307637] Spectre V2 : Mitigation: Full generic retpoline
[    0.308757] Spectre V2 : Spectre v2 / SpectreRSB mitigation: Filling RSB on context switch
[    0.311789] Speculative Store Bypass: Vulnerable
[    0.312742] MDS: Vulnerable: Clear CPU buffers attempted, no microcode
[    0.319946] Freeing SMP alternatives memory: 36K
[    0.332167] ftrace: allocating 32312 entries in 127 pages
[    0.441735] smpboot: APIC(0) Converting physical 0 to logical package 0
[    0.443436] smpboot: Max logical packages: 1
[    0.444656] x2apic enabled
[    0.445873] Switched APIC routing to physical x2apic.
[    0.449161] ..TIMER: vector=0x30 apic1=0 pin1=2 apic2=-1 pin2=-1
[    0.559158] smpboot: CPU0: Intel(R) Core(TM) i5-7200U CPU @ 2.50GHz (family: 0x6, model: 0x8e, stepping: 0x9)
[    0.562694] Performance Events: unsupported p6 CPU model 142 no PMU driver, software events only.
[    0.587924] KVM setup paravirtual spinlock
[    0.590075] x86: Booting SMP configuration:
[    0.591793] .... node  #0, CPUs:      #1
[    0.593815] kvm-clock: cpu 1, msr 0:3ffe3041, secondary cpu clock
[    0.597818] mce: CPU supports 0 MCE banks
[    0.601157] x86: Booted up 1 node, 2 CPUs
[    0.603134] smpboot: Total of 2 processors activated (10848.02 BogoMIPS)
[    0.607642] devtmpfs: initialized
[    0.612732] evm: security.selinux
[    0.614849] evm: security.SMACK64
[    0.615760] evm: security.SMACK64EXEC
[    0.616695] evm: security.SMACK64TRANSMUTE
[    0.617702] evm: security.SMACK64MMAP
[    0.619178] evm: security.ima
[    0.620701] evm: security.capability
[    0.622769] clocksource: jiffies: mask: 0xffffffff max_cycles: 0xffffffff, max_idle_ns: 7645041785100000 ns
[    0.625791] futex hash table entries: 512 (order: 3, 32768 bytes)
[    0.628182] pinctrl core: initialized pinctrl subsystem
[    0.630360] RTC time: 11:00:54, date: 08/02/19
[    0.631951] NET: Registered protocol family 16
[    0.644912] cpuidle: using governor ladder
[    0.656624] cpuidle: using governor menu
[    0.658456] PCCT header not found.
[    0.659896] ACPI: bus type PCI registered
[    0.661511] acpiphp: ACPI Hot Plug PCI Controller Driver version: 0.5
[    0.663805] PCI: Using configuration type 1 for base access
[    0.677944] ACPI: Added _OSI(Module Device)
[    0.678938] ACPI: Added _OSI(Processor Device)
[    0.679910] ACPI: Added _OSI(3.0 _SCP Extensions)
[    0.680949] ACPI: Added _OSI(Processor Aggregator Device)
[    0.687906] ACPI: Executed 1 blocks of module-level executable AML code
[    0.693904] ACPI: Interpreter enabled
[    0.694848] ACPI: (supports S0 S5)
[    0.695646] ACPI: Using IOAPIC for interrupt routing
[    0.696819] PCI: Using host bridge windows from ACPI; if necessary, use "pci=nocrs" and report a bug
[    0.706006] ACPI: PCI Root Bridge [PCI0] (domain 0000 [bus 00-ff])
[    0.707557] acpi PNP0A03:00: _OSC: OS supports [ASPM ClockPM Segments MSI]
[    0.709558] acpi PNP0A03:00: _OSC: not requesting OS control; OS requires [ExtendedConfig ASPM ClockPM MSI]
[    0.712339] acpi PNP0A03:00: fail to add MMCONFIG information, can't access extended PCI configuration space under this bridge.
[    0.716025] PCI host bridge to bus 0000:00
[    0.717303] pci_bus 0000:00: root bus resource [io  0x0000-0x0cf7 window]
[    0.719241] pci_bus 0000:00: root bus resource [io  0x0d00-0xffff window]
[    0.720871] pci_bus 0000:00: root bus resource [mem 0x000a0000-0x000bffff window]
[    0.723256] pci_bus 0000:00: root bus resource [mem 0x40000000-0xfdffffff window]
[    0.726281] pci_bus 0000:00: root bus resource [bus 00-ff]
[    0.730248] pci 0000:00:01.1: legacy IDE quirk: reg 0x10: [io  0x01f0-0x01f7]
[    0.731946] pci 0000:00:01.1: legacy IDE quirk: reg 0x14: [io  0x03f6]
[    0.733557] pci 0000:00:01.1: legacy IDE quirk: reg 0x18: [io  0x0170-0x0177]
[    0.735325] pci 0000:00:01.1: legacy IDE quirk: reg 0x1c: [io  0x0376]
[    0.767007] pci 0000:00:07.0: quirk: [io  0x4000-0x403f] claimed by PIIX4 ACPI
[    0.786992] pci 0000:00:07.0: quirk: [io  0x4100-0x410f] claimed by PIIX4 SMB
[    0.803811] ACPI: PCI Interrupt Link [LNKA] (IRQs 5 9 10 *11)
[    0.805733] ACPI: PCI Interrupt Link [LNKB] (IRQs 5 9 *10 11)
[    0.807466] ACPI: PCI Interrupt Link [LNKC] (IRQs 5 *9 10 11)
[    0.809081] ACPI: PCI Interrupt Link [LNKD] (IRQs 5 9 10 *11)
[    0.811316] ACPI: Enabled 2 GPEs in block 00 to 07
[    0.813066] vgaarb: setting as boot device: PCI:0000:00:02.0
[    0.814571] vgaarb: device added: PCI:0000:00:02.0,decodes=io+mem,owns=io+mem,locks=none
[    0.816566] vgaarb: loaded
[    0.817381] vgaarb: bridge control possible 0000:00:02.0
[    0.819090] SCSI subsystem initialized
[    0.820410] ACPI: bus type USB registered
[    0.821502] usbcore: registered new interface driver usbfs
[    0.822749] usbcore: registered new interface driver hub
[    0.823955] usbcore: registered new device driver usb
[    0.825504] PCI: Using ACPI for IRQ routing
[    0.827118] NetLabel: Initializing
[    0.828233] NetLabel:  domain hash size = 128
[    0.829369] NetLabel:  protocols = UNLABELED CIPSOv4
[    0.833715] NetLabel:  unlabeled traffic allowed by default
[    0.835149] amd_nb: Cannot enumerate AMD northbridges
[    0.837083] clocksource: Switched to clocksource kvm-clock
[    0.850991] AppArmor: AppArmor Filesystem Enabled
[    0.852163] pnp: PnP ACPI init
[    0.853836] pnp: PnP ACPI: found 3 devices
[    0.867943] clocksource: acpi_pm: mask: 0xffffff max_cycles: 0xffffff, max_idle_ns: 2085701024 ns
[    0.869861] NET: Registered protocol family 2
[    0.871076] TCP established hash table entries: 8192 (order: 4, 65536 bytes)
[    0.872681] TCP bind hash table entries: 8192 (order: 5, 131072 bytes)
[    0.874396] TCP: Hash tables configured (established 8192 bind 8192)
[    0.875648] UDP hash table entries: 512 (order: 2, 16384 bytes)
[    0.876963] UDP-Lite hash table entries: 512 (order: 2, 16384 bytes)
[    0.878265] NET: Registered protocol family 1
[    0.879210] pci 0000:00:00.0: Limiting direct PCI/PCI transfers
[    0.880352] pci 0000:00:01.0: Activating ISA DMA hang workarounds
[    0.881753] Unpacking initramfs...
[    1.366654] Freeing initrd memory: 14824K
[    1.368062] clocksource: tsc: mask: 0xffffffffffffffff max_cycles: 0x27178c274f7, max_idle_ns: 440795238189 ns
[    1.370765] platform rtc_cmos: registered platform RTC device (no PNP device found)
[    1.373820] Scanning for low memory corruption every 60 seconds
[    1.376025] audit: initializing netlink subsys (disabled)
[    1.377997] audit: type=2000 audit(1564743660.158:1): initialized
[    1.381317] Initialise system trusted keyring
[    1.382955] HugeTLB registered 2 MB page size, pre-allocated 0 pages
[    1.386976] zbud: loaded
[    1.388162] VFS: Disk quotas dquot_6.6.0
[    1.389207] VFS: Dquot-cache hash table entries: 512 (order 0, 4096 bytes)
[    1.391689] squashfs: version 4.0 (2009/01/31) Phillip Lougher
[    1.393568] fuse init (API version 7.23)
[    1.394776] Key type big_key registered
[    1.396606] Allocating IMA MOK and blacklist keyrings.
[    1.400257] Key type asymmetric registered
[    1.401727] Asymmetric key parser 'x509' registered
[    1.403412] Block layer SCSI generic (bsg) driver version 0.4 loaded (major 249)
[    1.405971] io scheduler noop registered
[    1.407319] io scheduler deadline registered (default)
[    1.409011] io scheduler cfq registered
[    1.410586] pci_hotplug: PCI Hot Plug PCI Core version: 0.5
[    1.412273] pciehp: PCI Express Hot Plug Controller Driver version: 0.4
[    1.414458] ACPI: AC Adapter [AC] (off-line)
[    1.415938] input: Power Button as /devices/LNXSYSTM:00/LNXPWRBN:00/input/input0
[    1.418511] ACPI: Power Button [PWRF]
[    1.420466] input: Sleep Button as /devices/LNXSYSTM:00/LNXSLPBN:00/input/input1
[    1.422586] ACPI: Sleep Button [SLPF]
[    1.425242] GHES: HEST is not enabled!
[    1.425696] ACPI: Battery Slot [BAT0] (battery present)
[    1.427915] Serial: 8250/16550 driver, 32 ports, IRQ sharing enabled
[    1.451370] 00:02: ttyS0 at I/O 0x3f8 (irq = 4, base_baud = 115200) is a 16550A
[    1.462498] Linux agpgart interface v0.103
[    1.468989] loop: module loaded
[    1.471052] scsi host0: ata_piix
[    1.473171] scsi host1: ata_piix
[    1.474398] ata1: PATA max UDMA/33 cmd 0x1f0 ctl 0x3f6 bmdma 0xd000 irq 14
[    1.476287] ata2: PATA max UDMA/33 cmd 0x170 ctl 0x376 bmdma 0xd008 irq 15
[    1.477810] libphy: Fixed MDIO Bus: probed
[    1.478727] tun: Universal TUN/TAP device driver, 1.6
[    1.479714] tun: (C) 1999-2004 Max Krasnyansky <maxk@qualcomm.com>
[    1.480910] PPP generic driver version 2.4.2
[    1.481915] ehci_hcd: USB 2.0 'Enhanced' Host Controller (EHCI) Driver
[    1.483072] ehci-pci: EHCI PCI platform driver
[    1.483983] ehci-platform: EHCI generic platform driver
[    1.484978] ohci_hcd: USB 1.1 'Open' Host Controller (OHCI) Driver
[    1.486160] ohci-pci: OHCI PCI platform driver
[    1.487096] ohci-platform: OHCI generic platform driver
[    1.488087] uhci_hcd: USB Universal Host Controller Interface driver
[    1.489407] i8042: PNP: PS/2 Controller [PNP0303:PS2K,PNP0f03:PS2M] at 0x60,0x64 irq 1,12
[    1.491456] serio: i8042 KBD port at 0x60,0x64 irq 1
[    1.492363] serio: i8042 AUX port at 0x60,0x64 irq 12
[    1.493819] mousedev: PS/2 mouse device common for all mice
[    1.495537] input: AT Translated Set 2 keyboard as /devices/platform/i8042/serio0/input/input2
[    1.498520] rtc_cmos rtc_cmos: rtc core: registered rtc_cmos as rtc0
[    1.499806] rtc_cmos rtc_cmos: alarms up to one day, 114 bytes nvram
[    1.501083] i2c /dev entries driver
[    1.501896] device-mapper: uevent: version 1.0.3
[    1.502949] device-mapper: ioctl: 4.34.0-ioctl (2015-10-28) initialised: dm-devel@redhat.com
[    1.504564] ledtrig-cpu: registered to indicate activity on CPUs
[    1.506489] NET: Registered protocol family 10
[    1.507630] NET: Registered protocol family 17
[    1.508551] Key type dns_resolver registered
[    1.510025] registered taskstats version 1
[    1.511111] Loading compiled-in X.509 certificates
[    1.512559] Loaded X.509 cert 'Build time autogenerated kernel key: 3e01e6df98386236d59670e6b2ed19a044d5324e'
[    1.514435] zswap: loaded using pool lzo/zbud
[    1.517624] Key type trusted registered
[    1.521531] Key type encrypted registered
[    1.522416] AppArmor: AppArmor sha1 policy hashing enabled
[    1.523607] ima: No TPM chip found, activating TPM-bypass!
[    1.524676] ima: Allocated hash algorithm: sha1
[    1.525684] evm: HMAC attrs: 0x1
[    1.526892]   Magic number: 15:288:23
[    1.527977] rtc_cmos rtc_cmos: setting system clock to 2019-08-02 11:00:55 UTC (1564743655)
[    1.529998] BIOS EDD facility v0.16 2004-Jun-25, 0 devices found
[    1.531334] EDD information not available.
[    1.636681] Freeing unused kernel memory: 1484K
[    1.640222] Write protecting the kernel read-only data: 14336k
[    1.644942] Freeing unused kernel memory: 1612K
[    1.648939] Freeing unused kernel memory: 64K
Loading, please wait...
starting version 229
[    1.690160] random: systemd-udevd: uninitialized urandom read (16 bytes read, 3 bits of entropy available)
[    1.692004] random: udevadm: uninitialized urandom read (16 bytes read, 3 bits of entropy available)
[    1.692109] random: udevadm: uninitialized urandom read (16 bytes read, 3 bits of entropy available)
[    1.712980] random: systemd-udevd: uninitialized urandom read (16 bytes read, 3 bits of entropy available)
[    1.717903] random: systemd-udevd: uninitialized urandom read (16 bytes read, 3 bits of entropy available)
[    1.718995] random: udevadm: uninitialized urandom read (16 bytes read, 3 bits of entropy available)
[    1.719103] random: udevadm: uninitialized urandom read (16 bytes read, 3 bits of entropy available)
[    1.719460] random: udevadm: uninitialized urandom read (16 bytes read, 3 bits of entropy available)
[    1.719700] random: udevadm: uninitialized urandom read (16 bytes read, 3 bits of entropy available)
[    1.719854] random: udevadm: uninitialized urandom read (16 bytes read, 3 bits of entropy available)
[    1.809918] Fusion MPT base driver 3.04.20
[    1.811010] Copyright (c) 1999-2008 LSI Corporation
[    1.824486] e1000: Intel(R) PRO/1000 Network Driver - version 7.3.21-k8-NAPI
[    1.826735] e1000: Copyright (c) 1999-2006 Intel Corporation.
[    1.848616] AVX2 version of gcm_enc/dec engaged.
[    1.849982] AES CTR mode by8 optimization enabled
[    1.877053] Fusion MPT SPI Host driver 3.04.20
[    2.044931] input: ImExPS/2 Generic Explorer Mouse as /devices/platform/i8042/serio1/input/input4
[    2.277724] e1000 0000:00:03.0 eth0: (PCI:33MHz:32-bit) 02:c2:66:bb:16:6d
[    2.280287] e1000 0000:00:03.0 eth0: Intel(R) PRO/1000 Network Connection
[    2.284312] mptbase: ioc0: Initiating bringup
[    2.365865] ioc0: LSI53C1030 A0: Capabilities={Initiator}
[    2.913619] scsi host2: ioc0: LSI53C1030 A0, FwRev=00000000h, Ports=1, MaxQ=256, IRQ=20
[    3.250443] scsi 2:0:0:0: Direct-Access     VBOX     HARDDISK         1.0  PQ: 0 ANSI: 5
[    3.252489] scsi target2:0:0: Beginning Domain Validation
[    3.254700] scsi target2:0:0: Domain Validation skipping write tests
[    3.256141] scsi target2:0:0: Ending Domain Validation
[    3.257601] scsi target2:0:0: asynchronous
[    3.259308] scsi 2:0:1:0: Direct-Access     VBOX     HARDDISK         1.0  PQ: 0 ANSI: 5
[    3.261521] scsi target2:0:1: Beginning Domain Validation
[    3.264273] scsi target2:0:1: Domain Validation skipping write tests
[    3.266148] scsi target2:0:1: Ending Domain Validation
[    3.267701] scsi target2:0:1: asynchronous
[    3.275116] sd 2:0:0:0: [sda] 20971520 512-byte logical blocks: (10.7 GB/10.0 GiB)
[    3.275364] sd 2:0:0:0: Attached scsi generic sg0 type 0
[    3.278140] sd 2:0:1:0: Attached scsi generic sg1 type 0
[    3.278516] sd 2:0:1:0: [sdb] 20480 512-byte logical blocks: (10.5 MB/10.0 MiB)
[    3.278676] sd 2:0:1:0: [sdb] Write Protect is off
[    3.278771] sd 2:0:1:0: [sdb] Incomplete mode parameter data
[    3.278773] sd 2:0:1:0: [sdb] Assuming drive cache: write through
[    3.284777] sd 2:0:1:0: [sdb] Attached SCSI disk
[    3.301697] sd 2:0:0:0: [sda] Write Protect is off
[    3.303013] sd 2:0:0:0: [sda] Incomplete mode parameter data
[    3.304262] sd 2:0:0:0: [sda] Assuming drive cache: write through
[    3.309195]  sda: sda1
[    3.314235] sd 2:0:0:0: [sda] Attached SCSI disk
[    3.912979] e1000 0000:00:08.0 eth1: (PCI:33MHz:32-bit) 08:00:27:c9:75:b4
[    3.914665] e1000 0000:00:08.0 eth1: Intel(R) PRO/1000 Network Connection
[    3.917450] e1000 0000:00:03.0 enp0s3: renamed from eth0
[    3.929733] e1000 0000:00:08.0 enp0s8: renamed from eth1
Begin: Loading essential drivers ... [    5.700949] md: linear personality registered for level -1
[    5.706254] md: multipath personality registered for level -4
[    5.712267] md: raid0 personality registered for level 0
[    5.718729] md: raid1 personality registered for level 1
[    5.793802] raid6: sse2x1   gen()  5388 MB/s
[    5.861114] raid6: sse2x1   xor()  4280 MB/s
[    5.929179] raid6: sse2x2   gen()  7038 MB/s
[    5.997284] raid6: sse2x2   xor()  3872 MB/s
[    6.069388] raid6: sse2x4   gen()  5932 MB/s
[    6.137224] raid6: sse2x4   xor()  2588 MB/s
[    6.209379] raid6: avx2x1   gen()  7236 MB/s
[    6.278579] raid6: avx2x2   gen()  7626 MB/s
[    6.353144] raid6: avx2x4   gen()  9579 MB/s
[    6.354432] raid6: using algorithm avx2x4 gen() 9579 MB/s
[    6.355918] raid6: using avx2x2 recovery algorithm
[    6.359936] xor: automatically using best checksumming function:
[    6.401142]    avx       : 14187.000 MB/sec
[    6.404273] async_tx: api initialized (async)
[    6.419334] md: raid6 personality registered for level 6
[    6.421065] md: raid5 personality registered for level 5
[    6.422780] md: raid4 personality registered for level 4
[    6.430696] md: raid10 personality registered for level 10
done.
Begin: Running /scripts/init-premount ... done.
Begin: Mounting root file system ... Begin: Running /scripts/local-top ... done.
Begin: Running /scripts/local-premount ... [    6.471541] Btrfs loaded
Scanning for Btrfs filesystems
done.
Warning: fsck not present, so skipping root file system
[    6.519292] EXT4-fs (sda1): mounted filesystem with ordered data mode. Opts: (null)
done.
Begin: Running /scripts/local-bottom ... done.
Begin: Running /scripts/init-bottom ... done.
[    6.657575] systemd[1]: systemd 229 running in system mode. (+PAM +AUDIT +SELINUX +IMA +APPARMOR +SMACK +SYSVINIT +UTMP +LIBCRYPTSETUP +GCRYPT +GNUTLS +ACL +XZ -LZ4 +SECCOMP +BLKID +ELFUTILS +KMOD -IDN)
[    6.661806] systemd[1]: Detected virtualization oracle.
[    6.663110] systemd[1]: Detected architecture x86-64.

Welcome to [1mUbuntu 16.04.6 LTS[0m!

[    6.674308] systemd[1]: Set hostname to <ubuntu>.
[    6.679375] systemd[1]: Initializing machine ID from random generator.
[    6.681615] systemd[1]: Installed transient /etc/machine-id file.
[    6.961517] systemd[1]: Started Forward Password Requests to Wall Directory Watch.
[[0;32m  OK  [0m] Started Forward Password Requests to Wall Directory Watch.
[    6.969015] systemd[1]: Listening on /dev/initctl Compatibility Named Pipe.
[[0;32m  OK  [0m] Listening on /dev/initctl Compatibility Named Pipe.
[    6.974806] systemd[1]: Reached target System Time Synchronized.
[[0;32m  OK  [0m] Reached target System Time Synchronized.
[    6.980386] systemd[1]: Listening on Journal Socket (/dev/log).
[[0;32m  OK  [0m] Listening on Journal Socket (/dev/log).
[    6.985685] systemd[1]: Listening on Device-mapper event daemon FIFOs.
[[0;32m  OK  [0m] Listening on Device-mapper event daemon FIFOs.
[    6.991368] systemd[1]: Set up automount Arbitrary Executable File Formats File System Automount Point.
[[0;32m  OK  [0m] Set up automount Arbitrary Executab...ats File System Automount Point.
[    7.000659] systemd[1]: Reached target User and Group Name Lookups.
[[0;32m  OK  [0m] Reached target User and Group Name Lookups.
[    7.005971] systemd[1]: Listening on udev Kernel Socket.
[[0;32m  OK  [0m] Listening on udev Kernel Socket.
[    7.010049] systemd[1]: Listening on LVM2 metadata daemon socket.
[[0;32m  OK  [0m] Listening on LVM2 metadata daemon socket.
[    7.017127] systemd[1]: Created slice User and Session Slice.
[[0;32m  OK  [0m] Created slice User and Session Slice.
[    7.023435] systemd[1]: Reached target Swap.
[[0;32m  OK  [0m] Reached target Swap.
[    7.030080] systemd[1]: Listening on Journal Audit Socket.
[[0;32m  OK  [0m] Listening on Journal Audit Socket.
[    7.036902] systemd[1]: Listening on udev Control Socket.
[[0;32m  OK  [0m] Listening on udev Control Socket.
[    7.045565] systemd[1]: Created slice System Slice.
[[0;32m  OK  [0m] Created slice System Slice.
[    7.052476] systemd[1]: Reached target Slices.
[[0;32m  OK  [0m] Reached target Slices.
[    7.059364] systemd[1]: Listening on LVM2 poll daemon socket.
[[0;32m  OK  [0m] Listening on LVM2 poll daemon socket.
[    7.075017] systemd[1]: Created slice system-serial\x2dgetty.slice.
[[0;32m  OK  [0m] Created slice system-serial\x2dgetty.slice.
[    7.081991] systemd[1]: Reached target Encrypted Volumes.
[[0;32m  OK  [0m] Reached target Encrypted Volumes.
[    7.086812] systemd[1]: Started Trigger resolvconf update for networkd DNS.
[[0;32m  OK  [0m] Started Trigger resolvconf update for networkd DNS.
[    7.094673] systemd[1]: Listening on Syslog Socket.
[[0;32m  OK  [0m] Listening on Syslog Socket.
[    7.106157] systemd[1]: Listening on Journal Socket.
[[0;32m  OK  [0m] Listening on Journal Socket.
[    7.121394] systemd[1]: Starting Create list of required static device nodes for the current kernel...
         Starting Create list of required st... nodes for the current kernel...
[    7.128340] systemd[1]: Starting Nameserver information manager...
         Starting Nameserver information manager...
[    7.133497] systemd[1]: Starting Monitoring of LVM2 mirrors, snapshots etc. using dmeventd or progress polling...
         Starting Monitoring of LVM2 mirrors... dmeventd or progress polling...
[    7.140306] systemd[1]: Starting Uncomplicated firewall...
         Starting Uncomplicated firewall...
[    7.146986] systemd[1]: Starting Load Kernel Modules...
         Starting Load Kernel Modules...
[    7.154518] systemd[1]: Starting Set console keymap...
         Starting Set console keymap...
[    7.159516] systemd[1]: Starting Remount Root and Kernel File Systems...
         Starting Remount Root and Kernel File Systems...
[    7.165652] systemd[1]: Mounting Debug File System...
         Mounting Debug File System...
[    7.175232] systemd[1]: Mounting POSIX Message Queue File System...
         Mounting POSIX Message Queue File System...
[    7.182904] systemd[1]: Starting Journal Service...
         Starting Journal Service...
[    7.188042] EXT4-fs (sda1): re-mounted. Opts: (null)
[    7.189920] systemd[1]: Mounting Huge Pages File System...
         [    7.191342] Loading iSCSI transport class v2.0-870.
Mounting Huge Pages File System...
[    7.203467] systemd[1]: Mounted Huge Pages File System.
[[0;32m  OK  [0m] Mounted Huge Pages File System.
[    7.207186] systemd[1]: Mounted Debug File System.
[[0;32m  OK  [0m] Mounted Debug File System.
[    7.210227] systemd[1]: Mounted POSIX Message Queue File System.
[[0;32m  OK  [0m] Mounted POSIX Message Queue File System.
[    7.214360] systemd[1]: Started Create list of required static device nodes for the current kernel.
[[0;32m  OK  [0m] Started Create list of required sta...ce nodes for the current kernel.
[    7.220421] systemd[1]: Started Uncomplicated firewall.
[[0;32m  OK  [0m] Started Uncomplicated firewall.
[    7.223826] systemd[1]: Started Remount Root and Kernel File Systems.
[    7.225700] iscsi: registered transport (tcp)
[[0;32m  OK  [0m] Started Remount Root and Kernel File Systems.
[    7.238574] systemd[1]: Started Nameserver information manager.
[[0;32m  OK  [0m] Started Nameserver information manager.
[    7.243493] systemd[1]: Started Journal Service.
[[0;32m  OK  [0m] Started Journal Service.
[[0;32m  OK  [0m] Started Set console keymap.
[    7.299019] iscsi: registered transport (iser)
[[0;32m  OK  [0m] Started Load Kernel Modules.
         Starting Apply Kernel Variables...
         Mounting FUSE Control File System...
[[0;32m  OK  [0m] Started LVM2 metadata daemon.
         Starting Flush Journal to Persistent Storage...
         Starting Load/Save Random Seed...
         Starting udev Coldplug all Devices...
         Starting Create Static Device Nodes in /dev...
[[0;32m  OK  [0m] Mounted FUSE Control File System.
[[0;32m  OK  [0m] Started Apply Kernel Variables.
[[0;32m  OK  [0m] Started Load/Save Random Seed.
[[0;32m  OK  [0m] Started Create Static Device Nodes in /dev.
[[0;32m  OK  [0m] Started Flush Journal to Persistent Storage.
[[0;32m  OK  [0m] Started Monitoring of LVM2 mirrors,...ng dmeventd or progress polling.
[[0;32m  OK  [0m] Started udev Coldplug all Devices.
[[0;32m  OK  [0m] Reached target Local File Systems (Pre).
[[0;32m  OK  [0m] Reached target Local File Systems.
         Starting Initial cloud-init job (pre-networking)...
         Starting Tell Plymouth To Write Out Runtime Data...
         Starting LSB: AppArmor initialization...
         Starting Commit a transient machine-id on disk...
         Starting Set console font and keymap...
         Starting Create Volatile Files and Directories...
         Starting udev Kernel Device Manager...
[[0;32m  OK  [0m] Started Tell Plymouth To Write Out Runtime Data.
[[0;32m  OK  [0m] Started Create Volatile Files and Directories.
         Starting Update UTMP about System Boot/Shutdown...
[[0;32m  OK  [0m] Started Commit a transient machine-id on disk.
[[0;32m  OK  [0m] Started Update UTMP about System Boot/Shutdown.
[[0;32m  OK  [0m] Started udev Kernel Device Manager.
[[0;32m  OK  [0m] Started Dispatch Password Requests to Console Directory Watch.
[[0;32m  OK  [0m] Found device /dev/ttyS0.
[[0;32m  OK  [0m] Listening on Load/Save RF Kill Switch Status /dev/rfkill Watch.
[[0;32m  OK  [0m] Started LSB: AppArmor initialization.
[    9.377290] cloud-init[469]: Cloud-init v. 19.1-1-gbaa47854-0ubuntu1~16.04.1 running 'init-local' at Fri, 02 Aug 2019 11:01:03 +0000. Up 8.61 seconds.
[[0;32m  OK  [0m] Started Initial cloud-init job (pre-networking).
[[0;32m  OK  [0m] Reached target Network (Pre).
         Starting Raise network interfaces...
[[0;32m  OK  [0m] Started Set console font and keymap.
[[0;32m  OK  [0m] Created slice system-getty.slice.
[[0;32m  OK  [0m] Started Raise network interfaces.
         Starting Initial cloud-init job (metadata service crawler)...
[[0;32m  OK  [0m] Reached target Network.
[   12.073880] cloud-init[978]: Cloud-init v. 19.1-1-gbaa47854-0ubuntu1~16.04.1 running 'init' at Fri, 02 Aug 2019 11:01:05 +0000. Up 11.24 seconds.
[   12.076442] cloud-init[978]: ci-info: ++++++++++++++++++++++++++++++++++++++Net device info+++++++++++++++++++++++++++++++++++++++
[   12.078802] cloud-init[978]: ci-info: +--------+-------+----------------------------+---------------+--------+-------------------+
[   12.081357] cloud-init[978]: ci-info: | Device |   Up  |          Address           |      Mask     | Scope  |     Hw-Address    |
[   12.083728] cloud-init[978]: ci-info: +--------+-------+----------------------------+---------------+--------+-------------------+
[   12.085936] cloud-init[978]: ci-info: | enp0s3 |  True |         10.0.2.15          | 255.255.255.0 | global | 02:c2:66:bb:16:6d |
[   12.087995] cloud-init[978]: ci-info: | enp0s3 |  True | fe80::c2:66ff:febb:166d/64 |       .       |  link  | 02:c2:66:bb:16:6d |
[   12.090979] cloud-init[978]: ci-info: | enp0s8 | False |             .              |       .       |   .    | 08:00:27:c9:75:b4 |
[   12.094219] cloud-init[978]: ci-info: |   lo   |  True |         127.0.0.1          |   255.0.0.0   |  host  |         .         |
[   12.096563] cloud-init[978]: ci-info: |   lo   |  True |          ::1/128           |       .       |  host  |         .         |
[   12.099900] cloud-init[978]: ci-info: +--------+-------+----------------------------+---------------+--------+-------------------+
[   12.102588] cloud-init[978]: ci-info: +++++++++++++++++++++++++++Route IPv4 info++++++++++++++++++++++++++++
[   12.105402] cloud-init[978]: ci-info: +-------+-------------+----------+---------------+-----------+-------+
[   12.107983] cloud-init[978]: ci-info: | Route | Destination | Gateway  |    Genmask    | Interface | Flags |
[   12.109737] cloud-init[978]: ci-info: +-------+-------------+----------+---------------+-----------+-------+
[   12.111658] cloud-init[978]: ci-info: |   0   |   0.0.0.0   | 10.0.2.2 |    0.0.0.0    |   enp0s3  |   UG  |
[   12.113847] cloud-init[978]: ci-info: |   1   |   10.0.2.0  | 0.0.0.0  | 255.255.255.0 |   enp0s3  |   U   |
[   12.115602] cloud-init[978]: ci-info: +-------+-------------+----------+---------------+-----------+-------+
[   12.118217] cloud-init[978]: ci-info: +++++++++++++++++++Route IPv6 info+++++++++++++++++++
[   12.119899] cloud-init[978]: ci-info: +-------+-------------+---------+-----------+-------+
[   12.121544] cloud-init[978]: ci-info: | Route | Destination | Gateway | Interface | Flags |
[   12.123347] cloud-init[978]: ci-info: +-------+-------------+---------+-----------+-------+
[   12.125011] cloud-init[978]: ci-info: |   0   |  fe80::/64  |    ::   |   enp0s3  |   U   |
[   12.126744] cloud-init[978]: ci-info: |   3   |   ff00::/8  |    ::   |   enp0s3  |   U   |
[   12.132871] cloud-init[978]: ci-info: +-------+-------------+---------+-----------+-------+
[   12.135824] cloud-init[978]: Generating public/private rsa key pair.
[   12.138417] cloud-init[978]: Your identification has been saved in /etc/ssh/ssh_host_rsa_key.
[   12.140350] cloud-init[978]: Your public key has been saved in /etc/ssh/ssh_host_rsa_key.pub.
[   12.144226] cloud-init[978]: The key fingerprint is:
[   12.152839] cloud-init[978]: SHA256:UoklJeHl6zUAW28kC0gVmh7HB8ePjelqGtKtHmj4TuA root@ubuntu-xenial
[   12.155391] cloud-init[978]: The key's randomart image is:
[   12.156995] cloud-init[978]: +---[RSA 2048]----+
[   12.160266] cloud-init[978]: |   ..oX=B .      |
[   12.162103] cloud-init[978]: |    .= #.*       |
[[0;32m  OK  [0m] Started Initial cloud-init job (metadata service crawler).
[   12.179317] cloud-init[978]: |    + * B*o      |
[[0;32m  OK  [0m] Reached target Cloud-config availability.
[   12.183716] cloud-init[978]: |   . o o++o      |
[   12.184914] cloud-init[978]: |.   . ..S o      |
[[0;32m  OK  [0m] Reached target System Initialization.
[   12.187485] cloud-init[978]:          Starting Socket activation for snappy daemon.
|.o o . o.. .     |
[   12.190133] cloud-init[978]: |.E= + ...        |
         [   12.192198] cloud-init[978]: | + . +o          |
[   12.193072] cloud-init[978]: | .o.+o           |
[   12.193992] cloud-init[978]: +----[SHA256]-----+
[   12.195125] cloud-initStarting LXD - unix socket.
[[0;32m  OK  [0m] Listening on D-Bus System Message Bus Socket.
[[0;32m  OK  [0m] Started Daily apt download activities.
[[0;32m  OK  [0m] Started Daily apt upgrade and clean activities.
[[0;32m  OK  [0m] Started Daily Cleanup of Temporary Directories.[978]: Generating public/private dsa key pair.
[   12.205135] cloud-init[978]: Your identification has been saved in /etc/ssh/ssh_host_dsa_key.
[   12.207048] cloud-init[978]: Your public key has been saved in /etc/ssh/ssh_host_dsa_key.pub.

[   12.209079] cloud-init[978]: The key fingerprint is:
[[0;32m  OK  [0m] Started ACPI Events Check.
[[0;32m  OK  [0m] Reached target Paths.
[[0;32m  OK  [0m] Listening on UUID daemon activation socket.
[[0;32m  OK  [0m] Listening on ACPID Listen Socket.[   12.210861] cloud-init[978]: SHA256:zJ8vbBFjILNWNMZBDiTMpeS8d7CPoL6zw3DxxYftnKU root@ubuntu-xenial
[   12.218493] cloud-init[978]: The key's randomart image is:
[   12.219841] 
[[0;32m  OK  [0m] Reached target Timers.
[[0;32m  OK  [0m] Reached target Network is Online.
cloud-init[978]: +---[DSA 1024]----+
[   12.224887] cloud-init[978]: |   ooo++*.       |
[   12.226128] cloud-init[978]: |   +ooo++.       |
[   12.227194] cloud-init[978]: |    +..B..       |         Starting iSCSI initiator daemon (iscsid)...

[   12.232732] cloud-init[978]: |  .  .*=o =      |
[   12.235547] cloud-init[978]: |   oooo+S= o     |
[[0;32m  OK  [0m] Listening on Socket activation for snappy daemon.
[   12.238224] cloud-init[978]: |. ...o +E...     |
[   12.240175] cloud-init[978]: | +.   . ..o.     |
[   12.240787] cloud-init[978]: | .+       +.     |
[   12.241285] cloud-init[978]: |  +=     . ..    |
[   12.241886] cloud-init[978]: +----[SHA256]-----+
[   12.242817] cloud-init[978]: Generating public/private ecdsa key pair.
[   12.242879] cloud-init[978]: Your identification has been saved in /etc/ssh/ssh_host_ecdsa_key.
[   12.242938] cloud-init[978]: Your public key has been saved in /etc/ssh/ssh_host_ecdsa_key.pub.
[   12.243184] cloud-init[978]: The key fingerprint is:
[   12.246719] cloud-init[978]: SHA256:+ietuT17r0qMLiRzMePYGse2BSUKO8Q0nKy1sOQQk7Y root@ubuntu-xenial
[   12.247069] cloud-init[978]: The key's randomart image is:
[   12.247323] cloud-init[978]: +---[ECDSA 256]---+
[   12.247607] cloud-init[978]: |oBo.             |
[   12.248005] cloud-init[978]: |++O.  . .        |
[   12.248418] cloud-init[978]: |=*.+ . o         |
[   12.248780] cloud-init[978]: |oE+ . =          |
[   12.249149] cloud-init[978]: |   . = =S        |
[   12.249403] cloud-init[978]: |    = O..o       |
[   12.249563] cloud-init[978]: |     X.o..o      |
[   12.249854] cloud-init[978]: |    . oo.++ .    |
[   12.250197] cloud-init[978]: |       .*=+=.o.  |
[   12.250728] cloud-init[978]: +----[SHA256]-----+
[   12.251913] cloud-init[978]: Generating public/private ed25519 key pair.
[   12.253106] cloud-init[978]: Your identification has been saved in /etc/ssh/ssh_host_ed25519_key.
[   12.254263] cloud-init[978]: Your public key has been saved in /etc/ssh/ssh_host_ed25519_key.pub.
[   12.254400] cloud-init[978]: The key fingerprint is:
[   12.254972] cloud-init[978]: SHA256:0UuoP/CiMQfzibpr9kq2Hi0JjQYDS/wh7rlyK1QphjE root@ubuntu-xenial
[   12.255602] cloud-init[978]: The key's randomart image is:
[   12.256059] cloud-init[978]: +--[ED25519 256]--+
[   12.256281] cloud-init[978]: |o.               |
[   12.256687] cloud-init[978]: |E+ .     o       |
[   12.256837] cloud-init[978]: |*oo o   o o      |
[[0;32m  OK  [0m] Listening on LXD - unix socket.[   12.256940] cloud-init[978]: |oB +   . o .     |
[   12.264951] cloud-init[978]: |=.= o o S .      |
[   12.265732] cloud-init[978]: |.= o = =         |
[   12.266249] cloud-init[978]: |. B = = +        |
[   12.266944] cloud-init[978]: |o++= = . .       |
[   12.267948] cloud-init[978]: |.*O*o            |
[   12.268766] cloud-init[978]: +----[SHA256]-----+

[[0;32m  OK  [0m] Started iSCSI initiator daemon (iscsid).
         Starting Login to default iSCSI targets...
[[0;32m  OK  [0m] Reached target Sockets.
[[0;32m  OK  [0m] Reached target Basic System.
         Starting Virtualbox guest utils...
         Starting /etc/rc.local Compatibility...
         Starting System Logging Service...
         Starting LXD - container startup/shutdown...
[[0;32m  OK  [0m] Started ACPI event daemon.
[[0;32m  OK  [0m] Started FUSE filesystem for LXC.
         Starting LSB: MD monitoring daemon...
         Starting Pollinate to seed the pseudo random number generator...
[[0;32m  OK  [0m] Started D-Bus System Message Bus.
[[0;32m  OK  [0m] Started Regular background program processing daemon.
         Starting LSB: Record successful boot for GRUB...
         Starting Accounts Service...
         Starting Login Service...
[[0;32m  OK  [0m] Started Deferred execution scheduler.
         Starting Snappy daemon...
[[0;32m  OK  [0m] Started System Logging Service.
[[0;32m  OK  [0m] Started /etc/rc.local Compatibility.
[[0;32m  OK  [0m] Started Login to default iSCSI targets.
[[0;32m  OK  [0m] Reached target Remote File Systems (Pre).
[[0;32m  OK  [0m] Reached target Remote File Systems.
         Starting LSB: automatic crash report generation...
         Starting Permit User Sessions...
         Starting LSB: daemon to balance interrupts for SMP systems...
         Starting LSB: Set the CPU Frequency Scaling governor to "ondemand"...
[[0;32m  OK  [0m] Started LSB: MD monitoring daemon.
[[0;32m  OK  [0m] Started Login Service.
[[0;32m  OK  [0m] Started Permit User Sessions.
[[0;32m  OK  [0m] Started LXD - container startup/shutdown.
[[0;32m  OK  [0m] Started LSB: Record successful boot for GRUB.
         Starting Hold until boot process finishes up...
         Starting Terminate Plymouth Boot Screen...
         Starting Authenticate and Authorize Users to Run Privileged Tasks...
[[0;32m  OK  [0m] Started Unattended Upgrades Shutdown.
[[0;32m  OK  [0m] Started LSB: Set the CPU Frequency Scaling governor to "ondemand".
[[0;32m  OK  [0m] Started Hold until boot process finishes up.
[[0;32m  OK  [0m] Started Terminate Plymouth Boot Screen.
[[0;32m  OK  [0m] Started LSB: automatic crash report generation.
         Starting Set console scheme...
[[0;32m  OK  [0m] Started Getty on tty1.
[[0;32m  OK  [0m] Started Serial Getty on ttyS0.
[[0;32m  OK  [0m] Reached target Login Prompts.
[[0;32m  OK  [0m] Started Virtualbox guest utils.
[[0;32m  OK  [0m] Started LSB: daemon to balance interrupts for SMP systems.
[[0;32m  OK  [0m] Started Set console scheme.
[[0;32m  OK  [0m] Started Authenticate and Authorize Users to Run Privileged Tasks.
[[0;32m  OK  [0m] Started Accounts Service.
[[0;32m  OK  [0m] Started Pollinate to seed the pseudo random number generator.
         Starting OpenBSD Secure Shell server...
[[0;32m  OK  [0m] Started Snappy daemon.
         Starting Wait until snapd is fully seeded...
[[0;32m  OK  [0m] Started OpenBSD Secure Shell server.
[[0;32m  OK  [0m] Created slice User Slice of vagrant.
         Starting User Manager for UID 1000...
[[0;32m  OK  [0m] Started Session 1 of user vagrant.
[[0;32m  OK  [0m] Started User Manager for UID 1000.
[[0;32m  OK  [0m] Started Wait until snapd is fully seeded.
         Starting Apply the settings specified in cloud-config...
[[0;32m  OK  [0m] Reached target Multi-User System.
[[0;32m  OK  [0m] Reached target Graphical Interface.
         Starting Update UTMP about System Runlevel Changes...
[[0;32m  OK  [0m] Started Update UTMP about System Runlevel Changes.
[   14.486725] cloud-init[1367]: Generating locales (this might take a while)...
[   16.410590] cloud-init[1367]:   en_US.UTF-8... done
[   16.411903] cloud-init[1367]: Generation complete.
[   16.916669] cloud-init[1367]: Cloud-init v. 19.1-1-gbaa47854-0ubuntu1~16.04.1 running 'modules:config' at Fri, 02 Aug 2019 11:01:08 +0000. Up 14.24 seconds.
[[0;32m  OK  [0m] Started Apply the settings specified in cloud-config.
         Starting Execute cloud user/final scripts...
ci-info: no authorized ssh keys fingerprints found for user ubuntu.
<14>Aug  2 11:01:12 ec2: 
<14>Aug  2 11:01:12 ec2: #############################################################
<14>Aug  2 11:01:12 ec2: -----BEGIN SSH HOST KEY FINGERPRINTS-----
<14>Aug  2 11:01:12 ec2: 1024 SHA256:zJ8vbBFjILNWNMZBDiTMpeS8d7CPoL6zw3DxxYftnKU root@ubuntu-xenial (DSA)
<14>Aug  2 11:01:12 ec2: 256 SHA256:+ietuT17r0qMLiRzMePYGse2BSUKO8Q0nKy1sOQQk7Y root@ubuntu-xenial (ECDSA)
<14>Aug  2 11:01:12 ec2: 256 SHA256:0UuoP/CiMQfzibpr9kq2Hi0JjQYDS/wh7rlyK1QphjE root@ubuntu-xenial (ED25519)
<14>Aug  2 11:01:12 ec2: 2048 SHA256:UoklJeHl6zUAW28kC0gVmh7HB8ePjelqGtKtHmj4TuA root@ubuntu-xenial (RSA)
<14>Aug  2 11:01:12 ec2: -----END SSH HOST KEY FINGERPRINTS-----
<14>Aug  2 11:01:12 ec2: #############################################################
-----BEGIN SSH HOST KEY KEYS-----
ecdsa-sha2-nistp256 AAAAE2VjZHNhLXNoYTItbmlzdHAyNTYAAAAIbmlzdHAyNTYAAABBBFc/ZXrA2FjK2DcFewd6Aay9WWAgJ16hAf27KhCKEOAXFOS5Bta5B6SnmLyGkw/nFMIf7QiYibJBx146nNdNcKA= root@ubuntu-xenial
ssh-ed25519 AAAAC3NzaC1lZDI1NTE5AAAAIGKnHnRU22ATVn5yFOQcXltr+EEDuLisxl2JlzdXRjp2 root@ubuntu-xenial
ssh-rsa AAAAB3NzaC1yc2EAAAADAQABAAABAQC/m296CJ6/01nzYzPvJ6Vsbf9w2fIkcrkYYeC82378gj4hg4vsHOc8IPGe3uZ9etfNvRvQ/PPpvIZT3r526D+6s1cgj+LDMN1/7i+auJODLq+aDTD/n+yArvvYMY86gcTAHWKzcHXUPwm9TBxQpKyP/CUN/6EoMIybFhTFeL2bFIOS1tBqhuMVBnalYYocqle+S+xgpsTNDUqS/XGZlA915HD/gWCJke4G4zeRg6kgJRjdyLN6ReLVDeAkB86+Mtp0nXlkQyJPVB5pl2CqDJ+OEMjQdZByhkIpmPtr4aGtCFhlEZJz/B7NgXYacZjaVRJvqHG71z/5blMRQAUSJ9N/ root@ubuntu-xenial
-----END SSH HOST KEY KEYS-----
[   17.914443] cloud-init[1553]: Cloud-init v. 19.1-1-gbaa47854-0ubuntu1~16.04.1 running 'modules:final' at Fri, 02 Aug 2019 11:01:12 +0000. Up 17.57 seconds.
[   17.917159] cloud-init[1553]: ci-info: no authorized ssh keys fingerprints found for user ubuntu.
[   17.919137] cloud-init[1553]: Cloud-init v. 19.1-1-gbaa47854-0ubuntu1~16.04.1 finished at Fri, 02 Aug 2019 11:01:12 +0000. Datasource DataSourceNoCloud [seed=/dev/sdb][dsmode=net].  Up 17.89 seconds

Ubuntu 16.04.6 LTS ubuntu-xenial ttyS0

ubuntu-xenial login: 